23:20: [info] makepickle.py -> unpickle_anything: /Users/ragnarekker/Dropbox/Kode/Python/varsomdata/varsomdata/localstorage/all_observations_list_2017-18_lk1.pickle unpickled.
23:20: [info] makepickle.py -> unpickle_anything: /Users/ragnarekker/Dropbox/Kode/Python/varsomdata/varsomdata/localstorage/all_observations_nest_2017-18_lk1.pickle unpickled.
23:20: [info] makepickle.py -> unpickle_anything: /Users/ragnarekker/Dropbox/Kode/Python/varsomdata/varsomdata/localstorage/all_observations_list_2016-17_lk1.pickle unpickled.
23:20: [info] makepickle.py -> unpickle_anything: /Users/ragnarekker/Dropbox/Kode/Python/varsomdata/varsomdata/localstorage/all_observations_nest_2016-17_lk1.pickle unpickled.
23:20: [info] makepickle.py -> unpickle_anything: /Users/ragnarekker/Dropbox/Kode/Python/varsomdata/varsomdata/localstorage/all_observations_list_2015-16_lk1.pickle unpickled.
23:20: [info] makepickle.py -> unpickle_anything: /Users/ragnarekker/Dropbox/Kode/Python/varsomdata/varsomdata/localstorage/all_observations_nest_2015-16_lk1.pickle unpickled.
23:27: [info] makepickle.py -> unpickle_anything: /Users/ragnarekker/Dropbox/Kode/Python/varsomdata/varsomdata/localstorage/all_observations_list_2017-18_lk1.pickle unpickled.
23:27: [info] makepickle.py -> unpickle_anything: /Users/ragnarekker/Dropbox/Kode/Python/varsomdata/varsomdata/localstorage/all_observations_nest_2017-18_lk1.pickle unpickled.
23:27: [info] makepickle.py -> unpickle_anything: /Users/ragnarekker/Dropbox/Kode/Python/varsomdata/varsomdata/localstorage/all_observations_list_2016-17_lk1.pickle unpickled.
23:27: [info] makepickle.py -> unpickle_anything: /Users/ragnarekker/Dropbox/Kode/Python/varsomdata/varsomdata/localstorage/all_observations_nest_2016-17_lk1.pickle unpickled.
23:27: [info] makepickle.py -> unpickle_anything: /Users/ragnarekker/Dropbox/Kode/Python/varsomdata/varsomdata/localstorage/all_observations_list_2015-16_lk1.pickle unpickled.
23:28: [info] makepickle.py -> unpickle_anything: /Users/ragnarekker/Dropbox/Kode/Python/varsomdata/varsomdata/localstorage/all_observations_nest_2015-16_lk1.pickle unpickled.
23:29: [info] makepickle.py -> unpickle_anything: /Users/ragnarekker/Dropbox/Kode/Python/varsomdata/varsomdata/localstorage/all_observations_list_2017-18_lk1.pickle unpickled.
23:29: [info] makepickle.py -> unpickle_anything: /Users/ragnarekker/Dropbox/Kode/Python/varsomdata/varsomdata/localstorage/all_observations_nest_2017-18_lk1.pickle unpickled.
23:29: [info] makepickle.py -> unpickle_anything: /Users/ragnarekker/Dropbox/Kode/Python/varsomdata/varsomdata/localstorage/all_observations_list_2016-17_lk1.pickle unpickled.
23:29: [info] makepickle.py -> unpickle_anything: /Users/ragnarekker/Dropbox/Kode/Python/varsomdata/varsomdata/localstorage/all_observations_nest_2016-17_lk1.pickle unpickled.
23:29: [info] makepickle.py -> unpickle_anything: /Users/ragnarekker/Dropbox/Kode/Python/varsomdata/varsomdata/localstorage/all_observations_list_2015-16_lk1.pickle unpickled.
23:29: [info] makepickle.py -> unpickle_anything: /Users/ragnarekker/Dropbox/Kode/Python/varsomdata/varsomdata/localstorage/all_observations_nest_2015-16_lk1.pickle unpickled.
23:34: [info] makepickle.py -> unpickle_anything: /Users/ragnarekker/Dropbox/Kode/Python/varsomdata/varsomdata/localstorage/all_observations_list_2017-18_lk1.pickle unpickled.
23:34: [info] makepickle.py -> unpickle_anything: /Users/ragnarekker/Dropbox/Kode/Python/varsomdata/varsomdata/localstorage/all_observations_nest_2017-18_lk1.pickle unpickled.
23:34: [info] makepickle.py -> unpickle_anything: /Users/ragnarekker/Dropbox/Kode/Python/varsomdata/varsomdata/localstorage/all_observations_list_2016-17_lk1.pickle unpickled.
23:34: [info] makepickle.py -> unpickle_anything: /Users/ragnarekker/Dropbox/Kode/Python/varsomdata/varsomdata/localstorage/all_observations_nest_2016-17_lk1.pickle unpickled.
23:34: [info] makepickle.py -> unpickle_anything: /Users/ragnarekker/Dropbox/Kode/Python/varsomdata/varsomdata/localstorage/all_observations_list_2015-16_lk1.pickle unpickled.
23:34: [info] makepickle.py -> unpickle_anything: /Users/ragnarekker/Dropbox/Kode/Python/varsomdata/varsomdata/localstorage/all_observations_nest_2015-16_lk1.pickle unpickled.
23:39: [info] makepickle.py -> unpickle_anything: /Users/ragnarekker/Dropbox/Kode/Python/varsomdata/varsomdata/localstorage/all_observations_list_2017-18_lk1.pickle unpickled.
23:39: [info] makepickle.py -> unpickle_anything: /Users/ragnarekker/Dropbox/Kode/Python/varsomdata/varsomdata/localstorage/all_observations_nest_2017-18_lk1.pickle unpickled.
23:39: [info] makepickle.py -> unpickle_anything: /Users/ragnarekker/Dropbox/Kode/Python/varsomdata/varsomdata/localstorage/all_observations_list_2016-17_lk1.pickle unpickled.
23:39: [info] makepickle.py -> unpickle_anything: /Users/ragnarekker/Dropbox/Kode/Python/varsomdata/varsomdata/localstorage/all_observations_nest_2016-17_lk1.pickle unpickled.
23:39: [info] makepickle.py -> unpickle_anything: /Users/ragnarekker/Dropbox/Kode/Python/varsomdata/varsomdata/localstorage/all_observations_list_2015-16_lk1.pickle unpickled.
23:39: [info] makepickle.py -> unpickle_anything: /Users/ragnarekker/Dropbox/Kode/Python/varsomdata/varsomdata/localstorage/all_observations_nest_2015-16_lk1.pickle unpickled.
23:41: [info] getobservations.py -> _make_one_request: 0.78%
23:41: [info] getobservations.py -> _make_one_request: 1.55%
23:41: [info] getobservations.py -> _make_one_request: 2.33%
23:41: [info] getobservations.py -> _make_one_request: 3.10%
23:41: [info] getobservations.py -> _make_one_request: 3.88%
23:41: [info] getobservations.py -> _make_one_request: 4.65%
23:41: [info] getobservations.py -> _make_one_request: 5.43%
23:41: [info] getobservations.py -> _make_one_request: 6.20%
23:41: [info] getobservations.py -> _make_one_request: 6.98%
23:42: [info] getobservations.py -> _make_one_request: 7.76%
23:42: [info] getobservations.py -> _make_one_request: 8.53%
23:42: [info] getobservations.py -> _make_one_request: 9.31%
23:42: [info] getobservations.py -> _make_one_request: 10.08%
23:42: [info] getobservations.py -> _make_one_request: 10.86%
23:42: [info] getobservations.py -> _make_one_request: 11.63%
23:42: [info] getobservations.py -> _make_one_request: 12.41%
23:42: [info] getobservations.py -> _make_one_request: 13.18%
23:42: [info] getobservations.py -> _make_one_request: 13.96%
23:42: [info] getobservations.py -> _make_one_request: 14.74%
23:42: [info] getobservations.py -> _make_one_request: 15.51%
23:42: [info] getobservations.py -> _make_one_request: 16.29%
23:42: [info] getobservations.py -> _make_one_request: 17.06%
23:42: [info] getobservations.py -> _make_one_request: 17.84%
23:42: [info] getobservations.py -> _make_one_request: 18.61%
23:42: [info] getobservations.py -> _make_one_request: 19.39%
23:42: [info] getobservations.py -> _make_one_request: 20.16%
23:43: [info] getobservations.py -> _make_one_request: 20.94%
23:43: [info] getobservations.py -> _make_one_request: 21.72%
23:43: [info] getobservations.py -> _make_one_request: 22.49%
23:43: [info] getobservations.py -> _make_one_request: 23.27%
23:43: [info] getobservations.py -> _make_one_request: 24.04%
23:43: [info] getobservations.py -> _make_one_request: 24.82%
23:43: [info] getobservations.py -> _make_one_request: 25.59%
23:43: [info] getobservations.py -> _make_one_request: 26.37%
23:43: [info] getobservations.py -> _make_one_request: 27.14%
23:43: [info] getobservations.py -> _make_one_request: 27.92%
23:43: [info] getobservations.py -> _make_one_request: 28.70%
23:43: [info] getobservations.py -> _make_one_request: 29.47%
23:43: [info] getobservations.py -> _make_one_request: 30.25%
23:43: [info] getobservations.py -> _make_one_request: 31.02%
23:43: [info] getobservations.py -> _make_one_request: 31.80%
23:44: [info] getobservations.py -> _make_one_request: 32.57%
23:44: [info] getobservations.py -> _make_one_request: 33.35%
23:44: [info] getobservations.py -> _make_one_request: 34.12%
23:44: [info] getobservations.py -> _make_one_request: 34.90%
23:44: [info] getobservations.py -> _make_one_request: 35.68%
23:44: [info] getobservations.py -> _make_one_request: 36.45%
23:44: [info] getobservations.py -> _make_one_request: 37.23%
23:44: [info] getobservations.py -> _make_one_request: 38.00%
23:44: [info] getobservations.py -> _make_one_request: 38.78%
23:44: [info] getobservations.py -> _make_one_request: 39.55%
23:44: [info] getobservations.py -> _make_one_request: 40.33%
23:44: [info] getobservations.py -> _make_one_request: 41.10%
23:44: [info] getobservations.py -> _make_one_request: 41.88%
23:44: [info] getobservations.py -> _make_one_request: 42.66%
23:44: [info] getobservations.py -> _make_one_request: 43.43%
23:44: [info] getobservations.py -> _make_one_request: 44.21%
23:44: [info] getobservations.py -> _make_one_request: 44.98%
23:44: [info] getobservations.py -> _make_one_request: 45.76%
23:45: [info] getobservations.py -> _make_one_request: 46.53%
23:45: [info] getobservations.py -> _make_one_request: 47.31%
23:45: [info] getobservations.py -> _make_one_request: 48.08%
23:45: [info] getobservations.py -> _make_one_request: 48.86%
23:45: [info] getobservations.py -> _make_one_request: 49.64%
23:45: [info] getobservations.py -> _make_one_request: 50.41%
23:45: [info] getobservations.py -> _make_one_request: 51.19%
23:45: [info] getobservations.py -> _make_one_request: 51.96%
23:45: [info] getobservations.py -> _make_one_request: 52.74%
23:45: [info] getobservations.py -> _make_one_request: 53.51%
23:45: [info] getobservations.py -> _make_one_request: 54.29%
23:45: [info] getobservations.py -> _make_one_request: 55.06%
23:45: [info] getobservations.py -> _make_one_request: 55.84%
23:45: [info] getobservations.py -> _make_one_request: 56.62%
23:45: [info] getobservations.py -> _make_one_request: 57.39%
23:45: [info] getobservations.py -> _make_one_request: 58.17%
23:45: [info] getobservations.py -> _make_one_request: 58.94%
23:46: [info] getobservations.py -> _make_one_request: 59.72%
23:46: [info] getobservations.py -> _make_one_request: 60.49%
23:46: [info] getobservations.py -> _make_one_request: 61.27%
23:46: [info] getobservations.py -> _make_one_request: 62.04%
23:46: [info] getobservations.py -> _make_one_request: 62.82%
23:46: [info] getobservations.py -> _make_one_request: 63.60%
23:46: [info] getobservations.py -> _make_one_request: 64.37%
23:46: [info] getobservations.py -> _make_one_request: 65.15%
23:46: [info] getobservations.py -> _make_one_request: 65.92%
23:46: [info] getobservations.py -> _make_one_request: 66.70%
23:46: [info] getobservations.py -> _make_one_request: 67.47%
23:46: [info] getobservations.py -> _make_one_request: 68.25%
23:46: [info] getobservations.py -> _make_one_request: 69.02%
23:46: [info] getobservations.py -> _make_one_request: 69.80%
23:46: [info] getobservations.py -> _make_one_request: 70.58%
23:46: [info] getobservations.py -> _make_one_request: 71.35%
23:47: [info] getobservations.py -> _make_one_request: 72.13%
23:47: [info] getobservations.py -> _make_one_request: 72.90%
23:47: [info] getobservations.py -> _make_one_request: 73.68%
23:47: [info] getobservations.py -> _make_one_request: 74.45%
23:47: [info] getobservations.py -> _make_one_request: 75.23%
23:47: [info] getobservations.py -> _make_one_request: 76.00%
23:47: [info] getobservations.py -> _make_one_request: 76.78%
23:47: [info] getobservations.py -> _make_one_request: 77.56%
23:47: [info] getobservations.py -> _make_one_request: 78.33%
23:47: [info] getobservations.py -> _make_one_request: 79.11%
23:47: [info] getobservations.py -> _make_one_request: 79.88%
23:47: [info] getobservations.py -> _make_one_request: 80.66%
23:47: [info] getobservations.py -> _make_one_request: 81.43%
23:47: [info] getobservations.py -> _make_one_request: 82.21%
23:48: [info] getobservations.py -> _make_one_request: 82.98%
23:48: [info] getobservations.py -> _make_one_request: 83.76%
23:48: [info] getobservations.py -> _make_one_request: 84.54%
23:48: [info] getobservations.py -> _make_one_request: 85.31%
23:48: [info] getobservations.py -> _make_one_request: 86.09%
23:48: [info] getobservations.py -> _make_one_request: 86.86%
23:48: [info] getobservations.py -> _make_one_request: 87.64%
23:48: [info] getobservations.py -> _make_one_request: 88.41%
23:48: [info] getobservations.py -> _make_one_request: 89.19%
23:48: [info] getobservations.py -> _make_one_request: 89.96%
23:48: [info] getobservations.py -> _make_one_request: 90.73%
23:48: [info] getobservations.py -> _make_one_request: 91.51%
23:48: [info] getobservations.py -> _make_one_request: 92.28%
23:48: [info] getobservations.py -> _make_one_request: 93.06%
23:49: [info] getobservations.py -> _make_one_request: 93.83%
23:49: [info] getobservations.py -> _make_one_request: 94.61%
23:49: [info] getobservations.py -> _make_one_request: 95.39%
23:49: [info] getobservations.py -> _make_one_request: 96.16%
23:49: [info] getobservations.py -> _make_one_request: 96.94%
23:49: [info] getobservations.py -> _make_one_request: 97.71%
23:49: [info] getobservations.py -> _make_one_request: 98.49%
23:49: [info] getobservations.py -> _make_one_request: 99.26%
23:49: [info] getobservations.py -> _make_one_request: 100.00%
23:50: [info] makepickle.py -> pickle_anything: /Users/ragnarekker/Dropbox/Kode/Python/varsomdata/varsomdata/localstorage/all_observations_nest_2017-18_lk1.pickle pickled.
23:50: [info] makepickle.py -> pickle_anything: /Users/ragnarekker/Dropbox/Kode/Python/varsomdata/varsomdata/localstorage/all_observations_list_2017-18_lk1.pickle pickled.
23:50: [info] makepickle.py -> unpickle_anything: /Users/ragnarekker/Dropbox/Kode/Python/varsomdata/varsomdata/localstorage/all_observations_list_2017-18_lk1.pickle unpickled.
23:51: [info] makepickle.py -> unpickle_anything: /Users/ragnarekker/Dropbox/Kode/Python/varsomdata/varsomdata/localstorage/all_observations_nest_2017-18_lk1.pickle unpickled.
23:51: [info] makepickle.py -> unpickle_anything: /Users/ragnarekker/Dropbox/Kode/Python/varsomdata/varsomdata/localstorage/all_observations_list_2016-17_lk1.pickle unpickled.
23:51: [info] makepickle.py -> unpickle_anything: /Users/ragnarekker/Dropbox/Kode/Python/varsomdata/varsomdata/localstorage/all_observations_nest_2016-17_lk1.pickle unpickled.
23:51: [info] makepickle.py -> unpickle_anything: /Users/ragnarekker/Dropbox/Kode/Python/varsomdata/varsomdata/localstorage/all_observations_list_2015-16_lk1.pickle unpickled.
23:51: [info] makepickle.py -> unpickle_anything: /Users/ragnarekker/Dropbox/Kode/Python/varsomdata/varsomdata/localstorage/all_observations_nest_2015-16_lk1.pickle unpickled.
23:57: [info] makepickle.py -> unpickle_anything: /Users/ragnarekker/Dropbox/Kode/Python/varsomdata/varsomdata/localstorage/all_observations_list_2017-18_lk1.pickle unpickled.
23:57: [info] makepickle.py -> unpickle_anything: /Users/ragnarekker/Dropbox/Kode/Python/varsomdata/varsomdata/localstorage/all_observations_nest_2017-18_lk1.pickle unpickled.
23:57: [info] makepickle.py -> unpickle_anything: /Users/ragnarekker/Dropbox/Kode/Python/varsomdata/varsomdata/localstorage/all_observations_list_2016-17_lk1.pickle unpickled.
23:57: [info] makepickle.py -> unpickle_anything: /Users/ragnarekker/Dropbox/Kode/Python/varsomdata/varsomdata/localstorage/all_observations_nest_2016-17_lk1.pickle unpickled.
23:57: [info] makepickle.py -> unpickle_anything: /Users/ragnarekker/Dropbox/Kode/Python/varsomdata/varsomdata/localstorage/all_observations_list_2015-16_lk1.pickle unpickled.
23:57: [info] makepickle.py -> unpickle_anything: /Users/ragnarekker/Dropbox/Kode/Python/varsomdata/varsomdata/localstorage/all_observations_nest_2015-16_lk1.pickle unpickled.
23:58: [info] makepickle.py -> unpickle_anything: /Users/ragnarekker/Dropbox/Kode/Python/varsomdata/varsomdata/localstorage/all_observations_list_2017-18_lk1.pickle unpickled.
23:58: [info] makepickle.py -> unpickle_anything: /Users/ragnarekker/Dropbox/Kode/Python/varsomdata/varsomdata/localstorage/all_observations_nest_2017-18_lk1.pickle unpickled.
23:58: [info] makepickle.py -> unpickle_anything: /Users/ragnarekker/Dropbox/Kode/Python/varsomdata/varsomdata/localstorage/all_observations_list_2016-17_lk1.pickle unpickled.
23:58: [info] makepickle.py -> unpickle_anything: /Users/ragnarekker/Dropbox/Kode/Python/varsomdata/varsomdata/localstorage/all_observations_nest_2016-17_lk1.pickle unpickled.
23:58: [info] makepickle.py -> unpickle_anything: /Users/ragnarekker/Dropbox/Kode/Python/varsomdata/varsomdata/localstorage/all_observations_list_2015-16_lk1.pickle unpickled.
23:58: [info] makepickle.py -> unpickle_anything: /Users/ragnarekker/Dropbox/Kode/Python/varsomdata/varsomdata/localstorage/all_observations_nest_2015-16_lk1.pickle unpickled.
