20:53: getobservations.py -> _make_data_request: http://api.nve.no/hydrology/regobs/v1.0.1/Odata.svc/IncidentV/?$filter=DtObsTime gt datetime'2015-11-30' and DtObsTime lt datetime'2016-06-01' and ForecastRegionName eq 'Varslingsregion ikke gitt' and GeoHazardTID eq 10 and LangKey eq 1&$format=json
20:53: getobservations.py -> _make_data_request: EXCEPTION. RECURSIVE COUNT 5
20:53: getobservations.py -> _make_data_request: http://api.nve.no/hydrology/regobs/v1.0.1/Odata.svc/IncidentV/?$filter=DtObsTime gt datetime'2015-11-30' and DtObsTime lt datetime'2016-06-01' and ForecastRegionName eq 'Varslingsregion ikke gitt' and GeoHazardTID eq 10 and LangKey eq 1&$format=json
20:53: getobservations.py -> _make_data_request: EXCEPTION. RECURSIVE COUNT 4
20:53: getobservations.py -> _make_data_request: http://api.nve.no/hydrology/regobs/v1.0.1/Odata.svc/IncidentV/?$filter=DtObsTime gt datetime'2015-11-30' and DtObsTime lt datetime'2016-06-01' and ForecastRegionName eq 'Varslingsregion ikke gitt' and GeoHazardTID eq 10 and LangKey eq 1&$format=json
20:53: getobservations.py -> _make_data_request: EXCEPTION. RECURSIVE COUNT 3
20:53: getobservations.py -> _make_data_request: http://api.nve.no/hydrology/regobs/v1.0.1/Odata.svc/IncidentV/?$filter=DtObsTime gt datetime'2015-11-30' and DtObsTime lt datetime'2016-06-01' and ForecastRegionName eq 'Varslingsregion ikke gitt' and GeoHazardTID eq 10 and LangKey eq 1&$format=json
20:53: getobservations.py -> _make_data_request: EXCEPTION. RECURSIVE COUNT 2
20:53: getobservations.py -> _make_data_request: http://api.nve.no/hydrology/regobs/v1.0.1/Odata.svc/IncidentV/?$filter=DtObsTime gt datetime'2015-11-30' and DtObsTime lt datetime'2016-06-01' and ForecastRegionName eq 'Varslingsregion ikke gitt' and GeoHazardTID eq 10 and LangKey eq 1&$format=json
20:53: getobservations.py -> _make_data_request: EXCEPTION. RECURSIVE COUNT 1
20:53: getobservations.py -> _make_data_request: http://api.nve.no/hydrology/regobs/v1.0.1/Odata.svc/IncidentV/?$filter=DtObsTime gt datetime'2015-11-30' and DtObsTime lt datetime'2016-06-01' and ForecastRegionName eq 'Alta' and GeoHazardTID eq 10 and LangKey eq 1&$format=json
20:53: getobservations.py -> _make_data_request: EXCEPTION. RECURSIVE COUNT 4
20:53: getobservations.py -> _make_data_request: http://api.nve.no/hydrology/regobs/v1.0.1/Odata.svc/IncidentV/?$filter=DtObsTime gt datetime'2015-11-30' and DtObsTime lt datetime'2016-06-01' and ForecastRegionName eq 'Alta' and GeoHazardTID eq 10 and LangKey eq 1&$format=json
20:53: getobservations.py -> _make_data_request: EXCEPTION. RECURSIVE COUNT 3
20:53: getobservations.py -> _make_data_request: http://api.nve.no/hydrology/regobs/v1.0.1/Odata.svc/IncidentV/?$filter=DtObsTime gt datetime'2015-11-30' and DtObsTime lt datetime'2016-06-01' and ForecastRegionName eq 'Alta' and GeoHazardTID eq 10 and LangKey eq 1&$format=json
20:53: getobservations.py -> _make_data_request: EXCEPTION. RECURSIVE COUNT 2
20:53: getobservations.py -> _make_data_request: http://api.nve.no/hydrology/regobs/v1.0.1/Odata.svc/IncidentV/?$filter=DtObsTime gt datetime'2015-11-30' and DtObsTime lt datetime'2016-06-01' and ForecastRegionName eq 'Alta' and GeoHazardTID eq 10 and LangKey eq 1&$format=json
20:53: getobservations.py -> _make_data_request: EXCEPTION. RECURSIVE COUNT 1
20:53: getobservations.py -> _make_data_request: http://api.nve.no/hydrology/regobs/v1.0.1/Odata.svc/IncidentV/?$filter=DtObsTime gt datetime'2015-11-30' and DtObsTime lt datetime'2016-06-01' and ForecastRegionName eq 'Kaafjord' and GeoHazardTID eq 10 and LangKey eq 1&$format=json
20:53: getobservations.py -> _make_data_request: EXCEPTION. RECURSIVE COUNT 3
20:53: getobservations.py -> _make_data_request: http://api.nve.no/hydrology/regobs/v1.0.1/Odata.svc/IncidentV/?$filter=DtObsTime gt datetime'2015-11-30' and DtObsTime lt datetime'2016-06-01' and ForecastRegionName eq 'Kaafjord' and GeoHazardTID eq 10 and LangKey eq 1&$format=json
20:53: getobservations.py -> _make_data_request: EXCEPTION. RECURSIVE COUNT 2
20:53: getobservations.py -> _make_data_request: http://api.nve.no/hydrology/regobs/v1.0.1/Odata.svc/IncidentV/?$filter=DtObsTime gt datetime'2015-11-30' and DtObsTime lt datetime'2016-06-01' and ForecastRegionName eq 'Kaafjord' and GeoHazardTID eq 10 and LangKey eq 1&$format=json
20:53: getobservations.py -> _make_data_request: EXCEPTION. RECURSIVE COUNT 1
20:53: getobservations.py -> _make_data_request: http://api.nve.no/hydrology/regobs/v1.0.1/Odata.svc/IncidentV/?$filter=DtObsTime gt datetime'2015-11-30' and DtObsTime lt datetime'2016-06-01' and ForecastRegionName eq 'Tromsoe' and GeoHazardTID eq 10 and LangKey eq 1&$format=json
20:53: getobservations.py -> _make_data_request: EXCEPTION. RECURSIVE COUNT 2
20:53: getobservations.py -> _make_data_request: http://api.nve.no/hydrology/regobs/v1.0.1/Odata.svc/IncidentV/?$filter=DtObsTime gt datetime'2015-11-30' and DtObsTime lt datetime'2016-06-01' and ForecastRegionName eq 'Tromsoe' and GeoHazardTID eq 10 and LangKey eq 1&$format=json
20:53: getobservations.py -> _make_data_request: EXCEPTION. RECURSIVE COUNT 1
20:53: getobservations.py -> _make_data_request: http://api.nve.no/hydrology/regobs/v1.0.1/Odata.svc/IncidentV/?$filter=DtObsTime gt datetime'2015-11-30' and DtObsTime lt datetime'2016-06-01' and ForecastRegionName eq 'Balsfjord' and GeoHazardTID eq 10 and LangKey eq 1&$format=json
20:53: getobservations.py -> _make_data_request: EXCEPTION. RECURSIVE COUNT 1
20:53: getobservations.py -> _make_data_request: http://api.nve.no/hydrology/regobs/v1.0.1/Odata.svc/IncidentV/?$filter=DtObsTime gt datetime'2015-11-30' and DtObsTime lt datetime'2016-06-01' and ForecastRegionName eq 'Senja' and GeoHazardTID eq 10 and LangKey eq 1&$format=json
20:53: getobservations.py -> _make_data_request: EXCEPTION. RECURSIVE COUNT 1
20:53: getobservations.py -> _make_data_request: http://api.nve.no/hydrology/regobs/v1.0.1/Odata.svc/IncidentV/?$filter=DtObsTime gt datetime'2015-11-30' and DtObsTime lt datetime'2016-06-01' and ForecastRegionName eq 'Lyngsalpan' and GeoHazardTID eq 10 and LangKey eq 1&$format=json
20:53: getobservations.py -> _make_data_request: EXCEPTION. RECURSIVE COUNT 1
20:53: getobservations.py -> _make_data_request: http://api.nve.no/hydrology/regobs/v1.0.1/Odata.svc/IncidentV/?$filter=DtObsTime gt datetime'2015-11-30' and DtObsTime lt datetime'2016-06-01' and ForecastRegionName eq 'Bardu' and GeoHazardTID eq 10 and LangKey eq 1&$format=json
20:53: getobservations.py -> _make_data_request: EXCEPTION. RECURSIVE COUNT 1
20:53: getobservations.py -> _make_data_request: http://api.nve.no/hydrology/regobs/v1.0.1/Odata.svc/IncidentV/?$filter=DtObsTime gt datetime'2015-11-30' and DtObsTime lt datetime'2016-06-01' and ForecastRegionName eq 'Narvik' and GeoHazardTID eq 10 and LangKey eq 1&$format=json
20:53: getobservations.py -> _make_data_request: EXCEPTION. RECURSIVE COUNT 1
20:53: getobservations.py -> _make_data_request: http://api.nve.no/hydrology/regobs/v1.0.1/Odata.svc/IncidentV/?$filter=DtObsTime gt datetime'2015-11-30' and DtObsTime lt datetime'2016-06-01' and ForecastRegionName eq 'Vesteraalen' and GeoHazardTID eq 10 and LangKey eq 1&$format=json
20:53: getobservations.py -> _make_data_request: EXCEPTION. RECURSIVE COUNT 1
20:53: getobservations.py -> _make_data_request: http://api.nve.no/hydrology/regobs/v1.0.1/Odata.svc/IncidentV/?$filter=DtObsTime gt datetime'2015-11-30' and DtObsTime lt datetime'2016-06-01' and ForecastRegionName eq 'Lofoten' and GeoHazardTID eq 10 and LangKey eq 1&$format=json
20:53: getobservations.py -> _make_data_request: EXCEPTION. RECURSIVE COUNT 1
20:53: getobservations.py -> _make_data_request: http://api.nve.no/hydrology/regobs/v1.0.1/Odata.svc/IncidentV/?$filter=DtObsTime gt datetime'2015-11-30' and DtObsTime lt datetime'2016-06-01' and ForecastRegionName eq 'Trollheimen' and GeoHazardTID eq 10 and LangKey eq 1&$format=json
20:53: getobservations.py -> _make_data_request: EXCEPTION. RECURSIVE COUNT 1
20:53: getobservations.py -> _make_data_request: http://api.nve.no/hydrology/regobs/v1.0.1/Odata.svc/IncidentV/?$filter=DtObsTime gt datetime'2015-11-30' and DtObsTime lt datetime'2016-06-01' and ForecastRegionName eq 'Romsdal' and GeoHazardTID eq 10 and LangKey eq 1&$format=json
20:53: getobservations.py -> _make_data_request: EXCEPTION. RECURSIVE COUNT 1
20:53: getobservations.py -> _make_data_request: http://api.nve.no/hydrology/regobs/v1.0.1/Odata.svc/IncidentV/?$filter=DtObsTime gt datetime'2015-11-30' and DtObsTime lt datetime'2016-06-01' and ForecastRegionName eq 'Sunnmoere' and GeoHazardTID eq 10 and LangKey eq 1&$format=json
20:53: getobservations.py -> _make_data_request: EXCEPTION. RECURSIVE COUNT 1
20:53: getobservations.py -> _make_data_request: http://api.nve.no/hydrology/regobs/v1.0.1/Odata.svc/IncidentV/?$filter=DtObsTime gt datetime'2015-11-30' and DtObsTime lt datetime'2016-06-01' and ForecastRegionName eq 'Fjordane' and GeoHazardTID eq 10 and LangKey eq 1&$format=json
20:53: getobservations.py -> _make_data_request: EXCEPTION. RECURSIVE COUNT 1
20:53: getobservations.py -> _make_data_request: http://api.nve.no/hydrology/regobs/v1.0.1/Odata.svc/IncidentV/?$filter=DtObsTime gt datetime'2015-11-30' and DtObsTime lt datetime'2016-06-01' and ForecastRegionName eq 'Sogn' and GeoHazardTID eq 10 and LangKey eq 1&$format=json
20:53: getobservations.py -> _make_data_request: EXCEPTION. RECURSIVE COUNT 1
20:53: getobservations.py -> _make_data_request: http://api.nve.no/hydrology/regobs/v1.0.1/Odata.svc/IncidentV/?$filter=DtObsTime gt datetime'2015-11-30' and DtObsTime lt datetime'2016-06-01' and ForecastRegionName eq 'Jotunheimen' and GeoHazardTID eq 10 and LangKey eq 1&$format=json
20:53: getobservations.py -> _make_data_request: EXCEPTION. RECURSIVE COUNT 1
20:53: getobservations.py -> _make_data_request: http://api.nve.no/hydrology/regobs/v1.0.1/Odata.svc/IncidentV/?$filter=DtObsTime gt datetime'2015-11-30' and DtObsTime lt datetime'2016-06-01' and ForecastRegionName eq 'Voss' and GeoHazardTID eq 10 and LangKey eq 1&$format=json
20:53: getobservations.py -> _make_data_request: EXCEPTION. RECURSIVE COUNT 1
20:53: getobservations.py -> _make_data_request: http://api.nve.no/hydrology/regobs/v1.0.1/Odata.svc/IncidentV/?$filter=DtObsTime gt datetime'2015-11-30' and DtObsTime lt datetime'2016-06-01' and ForecastRegionName eq 'Roeldal' and GeoHazardTID eq 10 and LangKey eq 1&$format=json
20:53: getobservations.py -> _make_data_request: EXCEPTION. RECURSIVE COUNT 1
20:53: getobservations.py -> _make_data_request: http://api.nve.no/hydrology/regobs/v1.0.1/Odata.svc/IncidentV/?$filter=DtObsTime gt datetime'2015-11-30' and DtObsTime lt datetime'2016-06-01' and ForecastRegionName eq 'Rauland' and GeoHazardTID eq 10 and LangKey eq 1&$format=json
20:53: getobservations.py -> _make_data_request: EXCEPTION. RECURSIVE COUNT 1
20:53: getobservations.py -> _make_data_request: http://api.nve.no/hydrology/regobs/v1.0.1/Odata.svc/IncidentV/?$filter=DtObsTime gt datetime'2015-11-30' and DtObsTime lt datetime'2016-06-01' and ForecastRegionName eq 'Tamokdalen' and GeoHazardTID eq 10 and LangKey eq 1&$format=json
20:53: getobservations.py -> _make_data_request: EXCEPTION. RECURSIVE COUNT 1
20:53: getobservations.py -> _make_data_request: http://api.nve.no/hydrology/regobs/v1.0.1/Odata.svc/IncidentV/?$filter=DtObsTime gt datetime'2015-11-30' and DtObsTime lt datetime'2016-06-01' and ForecastRegionName eq 'Nordenskioldland' and GeoHazardTID eq 10 and LangKey eq 1&$format=json
20:53: getobservations.py -> _make_data_request: EXCEPTION. RECURSIVE COUNT 1
20:53: getobservations.py -> _make_data_request: http://api.nve.no/hydrology/regobs/v1.0.1/Odata.svc/IncidentV/?$filter=DtObsTime gt datetime'2015-11-30' and DtObsTime lt datetime'2016-06-01' and ForecastRegionName eq 'Svartisen' and GeoHazardTID eq 10 and LangKey eq 1&$format=json
20:53: getobservations.py -> _make_data_request: EXCEPTION. RECURSIVE COUNT 1
20:53: getobservations.py -> _make_data_request: http://api.nve.no/hydrology/regobs/v1.0.1/Odata.svc/IncidentV/?$filter=DtObsTime gt datetime'2015-11-30' and DtObsTime lt datetime'2016-06-01' and ForecastRegionName eq 'Hallingdal' and GeoHazardTID eq 10 and LangKey eq 1&$format=json
20:53: getobservations.py -> _make_data_request: EXCEPTION. RECURSIVE COUNT 1
20:53: getobservations.py -> _make_data_request: http://api.nve.no/hydrology/regobs/v1.0.1/Odata.svc/IncidentV/?$filter=DtObsTime gt datetime'2015-11-30' and DtObsTime lt datetime'2016-06-01' and ForecastRegionName eq 'Salten' and GeoHazardTID eq 10 and LangKey eq 1&$format=json
20:53: getobservations.py -> _make_data_request: EXCEPTION. RECURSIVE COUNT 1
20:53: getForecastApi -> get_warnings_as_json: Getting AvalancheWarnings for 100 from 2015-11-30 til 2016-06-01
20:54: getForecastApi -> get_warnings_as_json: 185 warnings found for 100.
20:54: getForecastApi -> get_warnings_as_json: Getting AvalancheWarnings for 6 from 2015-11-30 til 2016-06-01
20:54: getForecastApi -> get_warnings_as_json: 370 warnings found for 6.
20:54: getForecastApi -> get_warnings_as_json: Getting AvalancheWarnings for 7 from 2015-11-30 til 2016-06-01
20:54: getForecastApi -> get_warnings_as_json: 555 warnings found for 7.
20:54: getForecastApi -> get_warnings_as_json: Getting AvalancheWarnings for 8 from 2015-11-30 til 2016-06-01
20:54: getForecastApi -> get_warnings_as_json: 740 warnings found for 8.
20:54: getForecastApi -> get_warnings_as_json: Getting AvalancheWarnings for 9 from 2015-11-30 til 2016-06-01
20:54: getForecastApi -> get_warnings_as_json: 925 warnings found for 9.
20:54: getForecastApi -> get_warnings_as_json: Getting AvalancheWarnings for 10 from 2015-11-30 til 2016-06-01
20:55: getForecastApi -> get_warnings_as_json: 1110 warnings found for 10.
20:55: getForecastApi -> get_warnings_as_json: Getting AvalancheWarnings for 11 from 2015-11-30 til 2016-06-01
20:55: getForecastApi -> get_warnings_as_json: 1295 warnings found for 11.
20:55: getForecastApi -> get_warnings_as_json: Getting AvalancheWarnings for 12 from 2015-11-30 til 2016-06-01
20:55: getForecastApi -> get_warnings_as_json: 1480 warnings found for 12.
20:55: getForecastApi -> get_warnings_as_json: Getting AvalancheWarnings for 14 from 2015-11-30 til 2016-06-01
20:55: getForecastApi -> get_warnings_as_json: 1665 warnings found for 14.
20:55: getForecastApi -> get_warnings_as_json: Getting AvalancheWarnings for 15 from 2015-11-30 til 2016-06-01
20:55: getForecastApi -> get_warnings_as_json: 1850 warnings found for 15.
20:55: getForecastApi -> get_warnings_as_json: Getting AvalancheWarnings for 16 from 2015-11-30 til 2016-06-01
20:55: getForecastApi -> get_warnings_as_json: 2035 warnings found for 16.
20:55: getForecastApi -> get_warnings_as_json: Getting AvalancheWarnings for 17 from 2015-11-30 til 2016-06-01
20:55: getForecastApi -> get_warnings_as_json: 2220 warnings found for 17.
20:55: getForecastApi -> get_warnings_as_json: Getting AvalancheWarnings for 18 from 2015-11-30 til 2016-06-01
20:56: getForecastApi -> get_warnings_as_json: 2405 warnings found for 18.
20:56: getForecastApi -> get_warnings_as_json: Getting AvalancheWarnings for 19 from 2015-11-30 til 2016-06-01
20:56: getForecastApi -> get_warnings_as_json: 2590 warnings found for 19.
20:56: getForecastApi -> get_warnings_as_json: Getting AvalancheWarnings for 21 from 2015-11-30 til 2016-06-01
20:56: getForecastApi -> get_warnings_as_json: 2775 warnings found for 21.
20:56: getForecastApi -> get_warnings_as_json: Getting AvalancheWarnings for 22 from 2015-11-30 til 2016-06-01
20:56: getForecastApi -> get_warnings_as_json: 2960 warnings found for 22.
20:56: getForecastApi -> get_warnings_as_json: Getting AvalancheWarnings for 23 from 2015-11-30 til 2016-06-01
20:56: getForecastApi -> get_warnings_as_json: 3145 warnings found for 23.
20:56: getForecastApi -> get_warnings_as_json: Getting AvalancheWarnings for 24 from 2015-11-30 til 2016-06-01
20:56: getForecastApi -> get_warnings_as_json: 3330 warnings found for 24.
20:56: getForecastApi -> get_warnings_as_json: Getting AvalancheWarnings for 27 from 2015-11-30 til 2016-06-01
20:57: getForecastApi -> get_warnings_as_json: 3515 warnings found for 27.
20:57: getForecastApi -> get_warnings_as_json: Getting AvalancheWarnings for 28 from 2015-11-30 til 2016-06-01
20:57: getForecastApi -> get_warnings_as_json: 3700 warnings found for 28.
20:57: getForecastApi -> get_warnings_as_json: Getting AvalancheWarnings for 29 from 2015-11-30 til 2016-06-01
20:57: getForecastApi -> get_warnings_as_json: 3885 warnings found for 29.
20:57: getForecastApi -> get_warnings_as_json: Getting AvalancheWarnings for 30 from 2015-11-30 til 2016-06-01
20:57: getForecastApi -> get_warnings_as_json: 4070 warnings found for 30.
20:57: getForecastApi -> get_warnings_as_json: Getting AvalancheWarnings for 31 from 2015-11-30 til 2016-06-01
20:57: getForecastApi -> get_warnings_as_json: 4255 warnings found for 31.
20:57: getForecastApi -> get_warnings_as_json: Getting AvalancheWarnings for 32 from 2015-11-30 til 2016-06-01
20:58: getForecastApi -> get_warnings_as_json: 4440 warnings found for 32.
20:58: getForecastApi -> get_warnings_as_json: Getting AvalancheWarnings for 33 from 2015-11-30 til 2016-06-01
20:58: getForecastApi -> get_warnings_as_json: 4625 warnings found for 33.
21:05: getobservations.py -> _make_data_request: http://api.nve.no/hydrology/regobs/v1.0.1/Odata.svc/IncidentV/?$filter=DtObsTime gt datetime'2015-11-30' and DtObsTime lt datetime'2016-06-01' and ForecastRegionName eq 'Varslingsregion ikke gitt' and GeoHazardTID eq 10 and LangKey eq 1&$format=json
21:07: getobservations.py -> _make_data_request: http://api.nve.no/hydrology/regobs/v1.0.1/Odata.svc/IncidentV/?$filter=DtObsTime gt datetime'2015-11-30' and DtObsTime lt datetime'2016-06-01' and ForecastRegionName eq 'Varslingsregion ikke gitt' and GeoHazardTID eq 10 and LangKey eq 1&$format=json
21:07: getobservations.py -> _make_data_request: EXCEPTION. RECURSIVE COUNT 5
21:07: getobservations.py -> _make_data_request: http://api.nve.no/hydrology/regobs/v1.0.1/Odata.svc/IncidentV/?$filter=DtObsTime gt datetime'2015-11-30' and DtObsTime lt datetime'2016-06-01' and ForecastRegionName eq 'Varslingsregion ikke gitt' and GeoHazardTID eq 10 and LangKey eq 1&$format=json
21:07: getobservations.py -> _make_data_request: EXCEPTION. RECURSIVE COUNT 4
21:07: getobservations.py -> _make_data_request: http://api.nve.no/hydrology/regobs/v1.0.1/Odata.svc/IncidentV/?$filter=DtObsTime gt datetime'2015-11-30' and DtObsTime lt datetime'2016-06-01' and ForecastRegionName eq 'Varslingsregion ikke gitt' and GeoHazardTID eq 10 and LangKey eq 1&$format=json
21:07: getobservations.py -> _make_data_request: EXCEPTION. RECURSIVE COUNT 3
21:07: getobservations.py -> _make_data_request: http://api.nve.no/hydrology/regobs/v1.0.1/Odata.svc/IncidentV/?$filter=DtObsTime gt datetime'2015-11-30' and DtObsTime lt datetime'2016-06-01' and ForecastRegionName eq 'Varslingsregion ikke gitt' and GeoHazardTID eq 10 and LangKey eq 1&$format=json
21:07: getobservations.py -> _make_data_request: EXCEPTION. RECURSIVE COUNT 2
21:07: getobservations.py -> _make_data_request: http://api.nve.no/hydrology/regobs/v1.0.1/Odata.svc/IncidentV/?$filter=DtObsTime gt datetime'2015-11-30' and DtObsTime lt datetime'2016-06-01' and ForecastRegionName eq 'Varslingsregion ikke gitt' and GeoHazardTID eq 10 and LangKey eq 1&$format=json
21:07: getobservations.py -> _make_data_request: EXCEPTION. RECURSIVE COUNT 1
21:07: getobservations.py -> _make_data_request: http://api.nve.no/hydrology/regobs/v1.0.1/Odata.svc/IncidentV/?$filter=DtObsTime gt datetime'2015-11-30' and DtObsTime lt datetime'2016-06-01' and ForecastRegionName eq 'Alta' and GeoHazardTID eq 10 and LangKey eq 1&$format=json
21:07: getobservations.py -> _make_data_request: EXCEPTION. RECURSIVE COUNT 4
21:07: getobservations.py -> _make_data_request: http://api.nve.no/hydrology/regobs/v1.0.1/Odata.svc/IncidentV/?$filter=DtObsTime gt datetime'2015-11-30' and DtObsTime lt datetime'2016-06-01' and ForecastRegionName eq 'Alta' and GeoHazardTID eq 10 and LangKey eq 1&$format=json
21:07: getobservations.py -> _make_data_request: EXCEPTION. RECURSIVE COUNT 3
21:07: getobservations.py -> _make_data_request: http://api.nve.no/hydrology/regobs/v1.0.1/Odata.svc/IncidentV/?$filter=DtObsTime gt datetime'2015-11-30' and DtObsTime lt datetime'2016-06-01' and ForecastRegionName eq 'Alta' and GeoHazardTID eq 10 and LangKey eq 1&$format=json
21:07: getobservations.py -> _make_data_request: EXCEPTION. RECURSIVE COUNT 2
21:07: getobservations.py -> _make_data_request: http://api.nve.no/hydrology/regobs/v1.0.1/Odata.svc/IncidentV/?$filter=DtObsTime gt datetime'2015-11-30' and DtObsTime lt datetime'2016-06-01' and ForecastRegionName eq 'Alta' and GeoHazardTID eq 10 and LangKey eq 1&$format=json
21:07: getobservations.py -> _make_data_request: EXCEPTION. RECURSIVE COUNT 1
21:07: getobservations.py -> _make_data_request: http://api.nve.no/hydrology/regobs/v1.0.1/Odata.svc/IncidentV/?$filter=DtObsTime gt datetime'2015-11-30' and DtObsTime lt datetime'2016-06-01' and ForecastRegionName eq 'Kaafjord' and GeoHazardTID eq 10 and LangKey eq 1&$format=json
21:07: getobservations.py -> _make_data_request: EXCEPTION. RECURSIVE COUNT 3
21:07: getobservations.py -> _make_data_request: http://api.nve.no/hydrology/regobs/v1.0.1/Odata.svc/IncidentV/?$filter=DtObsTime gt datetime'2015-11-30' and DtObsTime lt datetime'2016-06-01' and ForecastRegionName eq 'Kaafjord' and GeoHazardTID eq 10 and LangKey eq 1&$format=json
21:07: getobservations.py -> _make_data_request: EXCEPTION. RECURSIVE COUNT 2
21:07: getobservations.py -> _make_data_request: http://api.nve.no/hydrology/regobs/v1.0.1/Odata.svc/IncidentV/?$filter=DtObsTime gt datetime'2015-11-30' and DtObsTime lt datetime'2016-06-01' and ForecastRegionName eq 'Kaafjord' and GeoHazardTID eq 10 and LangKey eq 1&$format=json
21:07: getobservations.py -> _make_data_request: EXCEPTION. RECURSIVE COUNT 1
21:07: getobservations.py -> _make_data_request: http://api.nve.no/hydrology/regobs/v1.0.1/Odata.svc/IncidentV/?$filter=DtObsTime gt datetime'2015-11-30' and DtObsTime lt datetime'2016-06-01' and ForecastRegionName eq 'Tromsoe' and GeoHazardTID eq 10 and LangKey eq 1&$format=json
21:07: getobservations.py -> _make_data_request: EXCEPTION. RECURSIVE COUNT 2
21:07: getobservations.py -> _make_data_request: http://api.nve.no/hydrology/regobs/v1.0.1/Odata.svc/IncidentV/?$filter=DtObsTime gt datetime'2015-11-30' and DtObsTime lt datetime'2016-06-01' and ForecastRegionName eq 'Tromsoe' and GeoHazardTID eq 10 and LangKey eq 1&$format=json
21:07: getobservations.py -> _make_data_request: EXCEPTION. RECURSIVE COUNT 1
21:07: getobservations.py -> _make_data_request: http://api.nve.no/hydrology/regobs/v1.0.1/Odata.svc/IncidentV/?$filter=DtObsTime gt datetime'2015-11-30' and DtObsTime lt datetime'2016-06-01' and ForecastRegionName eq 'Balsfjord' and GeoHazardTID eq 10 and LangKey eq 1&$format=json
21:07: getobservations.py -> _make_data_request: EXCEPTION. RECURSIVE COUNT 1
21:07: getobservations.py -> _make_data_request: http://api.nve.no/hydrology/regobs/v1.0.1/Odata.svc/IncidentV/?$filter=DtObsTime gt datetime'2015-11-30' and DtObsTime lt datetime'2016-06-01' and ForecastRegionName eq 'Senja' and GeoHazardTID eq 10 and LangKey eq 1&$format=json
21:07: getobservations.py -> _make_data_request: EXCEPTION. RECURSIVE COUNT 1
21:07: getobservations.py -> _make_data_request: http://api.nve.no/hydrology/regobs/v1.0.1/Odata.svc/IncidentV/?$filter=DtObsTime gt datetime'2015-11-30' and DtObsTime lt datetime'2016-06-01' and ForecastRegionName eq 'Lyngsalpan' and GeoHazardTID eq 10 and LangKey eq 1&$format=json
21:07: getobservations.py -> _make_data_request: EXCEPTION. RECURSIVE COUNT 1
21:07: getobservations.py -> _make_data_request: http://api.nve.no/hydrology/regobs/v1.0.1/Odata.svc/IncidentV/?$filter=DtObsTime gt datetime'2015-11-30' and DtObsTime lt datetime'2016-06-01' and ForecastRegionName eq 'Bardu' and GeoHazardTID eq 10 and LangKey eq 1&$format=json
21:07: getobservations.py -> _make_data_request: EXCEPTION. RECURSIVE COUNT 1
21:07: getobservations.py -> _make_data_request: http://api.nve.no/hydrology/regobs/v1.0.1/Odata.svc/IncidentV/?$filter=DtObsTime gt datetime'2015-11-30' and DtObsTime lt datetime'2016-06-01' and ForecastRegionName eq 'Narvik' and GeoHazardTID eq 10 and LangKey eq 1&$format=json
21:07: getobservations.py -> _make_data_request: EXCEPTION. RECURSIVE COUNT 1
21:07: getobservations.py -> _make_data_request: http://api.nve.no/hydrology/regobs/v1.0.1/Odata.svc/IncidentV/?$filter=DtObsTime gt datetime'2015-11-30' and DtObsTime lt datetime'2016-06-01' and ForecastRegionName eq 'Vesteraalen' and GeoHazardTID eq 10 and LangKey eq 1&$format=json
21:07: getobservations.py -> _make_data_request: EXCEPTION. RECURSIVE COUNT 1
21:07: getobservations.py -> _make_data_request: http://api.nve.no/hydrology/regobs/v1.0.1/Odata.svc/IncidentV/?$filter=DtObsTime gt datetime'2015-11-30' and DtObsTime lt datetime'2016-06-01' and ForecastRegionName eq 'Lofoten' and GeoHazardTID eq 10 and LangKey eq 1&$format=json
21:07: getobservations.py -> _make_data_request: EXCEPTION. RECURSIVE COUNT 1
21:07: getobservations.py -> _make_data_request: http://api.nve.no/hydrology/regobs/v1.0.1/Odata.svc/IncidentV/?$filter=DtObsTime gt datetime'2015-11-30' and DtObsTime lt datetime'2016-06-01' and ForecastRegionName eq 'Trollheimen' and GeoHazardTID eq 10 and LangKey eq 1&$format=json
21:07: getobservations.py -> _make_data_request: EXCEPTION. RECURSIVE COUNT 1
21:07: getobservations.py -> _make_data_request: http://api.nve.no/hydrology/regobs/v1.0.1/Odata.svc/IncidentV/?$filter=DtObsTime gt datetime'2015-11-30' and DtObsTime lt datetime'2016-06-01' and ForecastRegionName eq 'Romsdal' and GeoHazardTID eq 10 and LangKey eq 1&$format=json
21:07: getobservations.py -> _make_data_request: EXCEPTION. RECURSIVE COUNT 1
21:07: getobservations.py -> _make_data_request: http://api.nve.no/hydrology/regobs/v1.0.1/Odata.svc/IncidentV/?$filter=DtObsTime gt datetime'2015-11-30' and DtObsTime lt datetime'2016-06-01' and ForecastRegionName eq 'Sunnmoere' and GeoHazardTID eq 10 and LangKey eq 1&$format=json
21:07: getobservations.py -> _make_data_request: EXCEPTION. RECURSIVE COUNT 1
21:07: getobservations.py -> _make_data_request: http://api.nve.no/hydrology/regobs/v1.0.1/Odata.svc/IncidentV/?$filter=DtObsTime gt datetime'2015-11-30' and DtObsTime lt datetime'2016-06-01' and ForecastRegionName eq 'Fjordane' and GeoHazardTID eq 10 and LangKey eq 1&$format=json
21:07: getobservations.py -> _make_data_request: EXCEPTION. RECURSIVE COUNT 1
21:07: getobservations.py -> _make_data_request: http://api.nve.no/hydrology/regobs/v1.0.1/Odata.svc/IncidentV/?$filter=DtObsTime gt datetime'2015-11-30' and DtObsTime lt datetime'2016-06-01' and ForecastRegionName eq 'Sogn' and GeoHazardTID eq 10 and LangKey eq 1&$format=json
21:07: getobservations.py -> _make_data_request: EXCEPTION. RECURSIVE COUNT 1
21:07: getobservations.py -> _make_data_request: http://api.nve.no/hydrology/regobs/v1.0.1/Odata.svc/IncidentV/?$filter=DtObsTime gt datetime'2015-11-30' and DtObsTime lt datetime'2016-06-01' and ForecastRegionName eq 'Jotunheimen' and GeoHazardTID eq 10 and LangKey eq 1&$format=json
21:07: getobservations.py -> _make_data_request: EXCEPTION. RECURSIVE COUNT 1
21:07: getobservations.py -> _make_data_request: http://api.nve.no/hydrology/regobs/v1.0.1/Odata.svc/IncidentV/?$filter=DtObsTime gt datetime'2015-11-30' and DtObsTime lt datetime'2016-06-01' and ForecastRegionName eq 'Voss' and GeoHazardTID eq 10 and LangKey eq 1&$format=json
21:07: getobservations.py -> _make_data_request: EXCEPTION. RECURSIVE COUNT 1
21:07: getobservations.py -> _make_data_request: http://api.nve.no/hydrology/regobs/v1.0.1/Odata.svc/IncidentV/?$filter=DtObsTime gt datetime'2015-11-30' and DtObsTime lt datetime'2016-06-01' and ForecastRegionName eq 'Roeldal' and GeoHazardTID eq 10 and LangKey eq 1&$format=json
21:07: getobservations.py -> _make_data_request: EXCEPTION. RECURSIVE COUNT 1
21:08: getobservations.py -> _make_data_request: http://api.nve.no/hydrology/regobs/v1.0.1/Odata.svc/IncidentV/?$filter=DtObsTime gt datetime'2015-11-30' and DtObsTime lt datetime'2016-06-01' and ForecastRegionName eq 'Rauland' and GeoHazardTID eq 10 and LangKey eq 1&$format=json
21:08: getobservations.py -> _make_data_request: EXCEPTION. RECURSIVE COUNT 1
21:08: getobservations.py -> _make_data_request: http://api.nve.no/hydrology/regobs/v1.0.1/Odata.svc/IncidentV/?$filter=DtObsTime gt datetime'2015-11-30' and DtObsTime lt datetime'2016-06-01' and ForecastRegionName eq 'Tamokdalen' and GeoHazardTID eq 10 and LangKey eq 1&$format=json
21:08: getobservations.py -> _make_data_request: EXCEPTION. RECURSIVE COUNT 1
21:08: getobservations.py -> _make_data_request: http://api.nve.no/hydrology/regobs/v1.0.1/Odata.svc/IncidentV/?$filter=DtObsTime gt datetime'2015-11-30' and DtObsTime lt datetime'2016-06-01' and ForecastRegionName eq 'Nordenskioldland' and GeoHazardTID eq 10 and LangKey eq 1&$format=json
21:08: getobservations.py -> _make_data_request: EXCEPTION. RECURSIVE COUNT 1
21:08: getobservations.py -> _make_data_request: http://api.nve.no/hydrology/regobs/v1.0.1/Odata.svc/IncidentV/?$filter=DtObsTime gt datetime'2015-11-30' and DtObsTime lt datetime'2016-06-01' and ForecastRegionName eq 'Svartisen' and GeoHazardTID eq 10 and LangKey eq 1&$format=json
21:08: getobservations.py -> _make_data_request: EXCEPTION. RECURSIVE COUNT 1
21:08: getobservations.py -> _make_data_request: http://api.nve.no/hydrology/regobs/v1.0.1/Odata.svc/IncidentV/?$filter=DtObsTime gt datetime'2015-11-30' and DtObsTime lt datetime'2016-06-01' and ForecastRegionName eq 'Hallingdal' and GeoHazardTID eq 10 and LangKey eq 1&$format=json
21:08: getobservations.py -> _make_data_request: EXCEPTION. RECURSIVE COUNT 1
21:08: getobservations.py -> _make_data_request: http://api.nve.no/hydrology/regobs/v1.0.1/Odata.svc/IncidentV/?$filter=DtObsTime gt datetime'2015-11-30' and DtObsTime lt datetime'2016-06-01' and ForecastRegionName eq 'Salten' and GeoHazardTID eq 10 and LangKey eq 1&$format=json
21:08: getobservations.py -> _make_data_request: EXCEPTION. RECURSIVE COUNT 1
21:19: getobservations.py -> _make_data_request: http://api.nve.no/hydrology/regobs/v1.0.1/Odata.svc/IncidentV/?$filter=DtObsTime gt datetime'2015-11-30' and DtObsTime lt datetime'2016-06-01' and ForecastRegionName eq 'Varslingsregion ikke gitt' and GeoHazardTid eq 10 and LangKey eq 1&$format=json
21:19: getobservations.py -> _make_data_request: http://api.nve.no/hydrology/regobs/v1.0.1/Odata.svc/IncidentV/?$filter=DtObsTime gt datetime'2015-11-30' and DtObsTime lt datetime'2016-06-01' and ForecastRegionName eq 'Alta' and GeoHazardTid eq 10 and LangKey eq 1&$format=json
21:19: getobservations.py -> _make_data_request: http://api.nve.no/hydrology/regobs/v1.0.1/Odata.svc/IncidentV/?$filter=DtObsTime gt datetime'2015-11-30' and DtObsTime lt datetime'2016-06-01' and ForecastRegionName eq 'Kaafjord' and GeoHazardTid eq 10 and LangKey eq 1&$format=json
21:19: getobservations.py -> _make_data_request: http://api.nve.no/hydrology/regobs/v1.0.1/Odata.svc/IncidentV/?$filter=DtObsTime gt datetime'2015-11-30' and DtObsTime lt datetime'2016-06-01' and ForecastRegionName eq 'Tromsoe' and GeoHazardTid eq 10 and LangKey eq 1&$format=json
21:19: getobservations.py -> _make_data_request: http://api.nve.no/hydrology/regobs/v1.0.1/Odata.svc/IncidentV/?$filter=DtObsTime gt datetime'2015-11-30' and DtObsTime lt datetime'2016-06-01' and ForecastRegionName eq 'Balsfjord' and GeoHazardTid eq 10 and LangKey eq 1&$format=json
21:19: getobservations.py -> _make_data_request: http://api.nve.no/hydrology/regobs/v1.0.1/Odata.svc/IncidentV/?$filter=DtObsTime gt datetime'2015-11-30' and DtObsTime lt datetime'2016-06-01' and ForecastRegionName eq 'Senja' and GeoHazardTid eq 10 and LangKey eq 1&$format=json
21:19: getobservations.py -> _make_data_request: http://api.nve.no/hydrology/regobs/v1.0.1/Odata.svc/IncidentV/?$filter=DtObsTime gt datetime'2015-11-30' and DtObsTime lt datetime'2016-06-01' and ForecastRegionName eq 'Lyngsalpan' and GeoHazardTid eq 10 and LangKey eq 1&$format=json
21:19: getobservations.py -> _make_data_request: http://api.nve.no/hydrology/regobs/v1.0.1/Odata.svc/IncidentV/?$filter=DtObsTime gt datetime'2015-11-30' and DtObsTime lt datetime'2016-06-01' and ForecastRegionName eq 'Bardu' and GeoHazardTid eq 10 and LangKey eq 1&$format=json
21:19: getobservations.py -> _make_data_request: http://api.nve.no/hydrology/regobs/v1.0.1/Odata.svc/IncidentV/?$filter=DtObsTime gt datetime'2015-11-30' and DtObsTime lt datetime'2016-06-01' and ForecastRegionName eq 'Narvik' and GeoHazardTid eq 10 and LangKey eq 1&$format=json
21:19: getobservations.py -> _make_data_request: http://api.nve.no/hydrology/regobs/v1.0.1/Odata.svc/IncidentV/?$filter=DtObsTime gt datetime'2015-11-30' and DtObsTime lt datetime'2016-06-01' and ForecastRegionName eq 'Vesteraalen' and GeoHazardTid eq 10 and LangKey eq 1&$format=json
21:19: getobservations.py -> _make_data_request: http://api.nve.no/hydrology/regobs/v1.0.1/Odata.svc/IncidentV/?$filter=DtObsTime gt datetime'2015-11-30' and DtObsTime lt datetime'2016-06-01' and ForecastRegionName eq 'Lofoten' and GeoHazardTid eq 10 and LangKey eq 1&$format=json
21:19: getobservations.py -> _make_data_request: http://api.nve.no/hydrology/regobs/v1.0.1/Odata.svc/IncidentV/?$filter=DtObsTime gt datetime'2015-11-30' and DtObsTime lt datetime'2016-06-01' and ForecastRegionName eq 'Trollheimen' and GeoHazardTid eq 10 and LangKey eq 1&$format=json
21:19: getobservations.py -> _make_data_request: http://api.nve.no/hydrology/regobs/v1.0.1/Odata.svc/IncidentV/?$filter=DtObsTime gt datetime'2015-11-30' and DtObsTime lt datetime'2016-06-01' and ForecastRegionName eq 'Romsdal' and GeoHazardTid eq 10 and LangKey eq 1&$format=json
21:19: getobservations.py -> _make_data_request: http://api.nve.no/hydrology/regobs/v1.0.1/Odata.svc/IncidentV/?$filter=DtObsTime gt datetime'2015-11-30' and DtObsTime lt datetime'2016-06-01' and ForecastRegionName eq 'Sunnmoere' and GeoHazardTid eq 10 and LangKey eq 1&$format=json
21:19: getobservations.py -> _make_data_request: http://api.nve.no/hydrology/regobs/v1.0.1/Odata.svc/IncidentV/?$filter=DtObsTime gt datetime'2015-11-30' and DtObsTime lt datetime'2016-06-01' and ForecastRegionName eq 'Fjordane' and GeoHazardTid eq 10 and LangKey eq 1&$format=json
21:19: getobservations.py -> _make_data_request: http://api.nve.no/hydrology/regobs/v1.0.1/Odata.svc/IncidentV/?$filter=DtObsTime gt datetime'2015-11-30' and DtObsTime lt datetime'2016-06-01' and ForecastRegionName eq 'Sogn' and GeoHazardTid eq 10 and LangKey eq 1&$format=json
21:19: getobservations.py -> _make_data_request: http://api.nve.no/hydrology/regobs/v1.0.1/Odata.svc/IncidentV/?$filter=DtObsTime gt datetime'2015-11-30' and DtObsTime lt datetime'2016-06-01' and ForecastRegionName eq 'Jotunheimen' and GeoHazardTid eq 10 and LangKey eq 1&$format=json
21:19: getobservations.py -> _make_data_request: http://api.nve.no/hydrology/regobs/v1.0.1/Odata.svc/IncidentV/?$filter=DtObsTime gt datetime'2015-11-30' and DtObsTime lt datetime'2016-06-01' and ForecastRegionName eq 'Voss' and GeoHazardTid eq 10 and LangKey eq 1&$format=json
21:19: getobservations.py -> _make_data_request: http://api.nve.no/hydrology/regobs/v1.0.1/Odata.svc/IncidentV/?$filter=DtObsTime gt datetime'2015-11-30' and DtObsTime lt datetime'2016-06-01' and ForecastRegionName eq 'Roeldal' and GeoHazardTid eq 10 and LangKey eq 1&$format=json
21:19: getobservations.py -> _make_data_request: http://api.nve.no/hydrology/regobs/v1.0.1/Odata.svc/IncidentV/?$filter=DtObsTime gt datetime'2015-11-30' and DtObsTime lt datetime'2016-06-01' and ForecastRegionName eq 'Rauland' and GeoHazardTid eq 10 and LangKey eq 1&$format=json
21:19: getobservations.py -> _make_data_request: http://api.nve.no/hydrology/regobs/v1.0.1/Odata.svc/IncidentV/?$filter=DtObsTime gt datetime'2015-11-30' and DtObsTime lt datetime'2016-06-01' and ForecastRegionName eq 'Tamokdalen' and GeoHazardTid eq 10 and LangKey eq 1&$format=json
21:19: getobservations.py -> _make_data_request: http://api.nve.no/hydrology/regobs/v1.0.1/Odata.svc/IncidentV/?$filter=DtObsTime gt datetime'2015-11-30' and DtObsTime lt datetime'2016-06-01' and ForecastRegionName eq 'Nordenskioldland' and GeoHazardTid eq 10 and LangKey eq 1&$format=json
21:19: getobservations.py -> _make_data_request: http://api.nve.no/hydrology/regobs/v1.0.1/Odata.svc/IncidentV/?$filter=DtObsTime gt datetime'2015-11-30' and DtObsTime lt datetime'2016-06-01' and ForecastRegionName eq 'Svartisen' and GeoHazardTid eq 10 and LangKey eq 1&$format=json
21:19: getobservations.py -> _make_data_request: http://api.nve.no/hydrology/regobs/v1.0.1/Odata.svc/IncidentV/?$filter=DtObsTime gt datetime'2015-11-30' and DtObsTime lt datetime'2016-06-01' and ForecastRegionName eq 'Hallingdal' and GeoHazardTid eq 10 and LangKey eq 1&$format=json
21:19: getobservations.py -> _make_data_request: http://api.nve.no/hydrology/regobs/v1.0.1/Odata.svc/IncidentV/?$filter=DtObsTime gt datetime'2015-11-30' and DtObsTime lt datetime'2016-06-01' and ForecastRegionName eq 'Salten' and GeoHazardTid eq 10 and LangKey eq 1&$format=json
21:25: getobservations.py -> _make_data_request: http://api.nve.no/hydrology/regobs/v1.0.1/Odata.svc/IncidentV/?$filter=DtObsTime gt datetime'2015-11-30' and DtObsTime lt datetime'2016-06-01' and ForecastRegionName eq 'Varslingsregion ikke gitt' and GeoHazardTid eq 10 and LangKey eq 1&$format=json
21:25: getobservations.py -> _make_data_request: http://api.nve.no/hydrology/regobs/v1.0.1/Odata.svc/IncidentV/?$filter=DtObsTime gt datetime'2015-11-30' and DtObsTime lt datetime'2016-06-01' and ForecastRegionName eq 'Alta' and GeoHazardTid eq 10 and LangKey eq 1&$format=json
21:25: getobservations.py -> _make_data_request: http://api.nve.no/hydrology/regobs/v1.0.1/Odata.svc/IncidentV/?$filter=DtObsTime gt datetime'2015-11-30' and DtObsTime lt datetime'2016-06-01' and ForecastRegionName eq 'Kaafjord' and GeoHazardTid eq 10 and LangKey eq 1&$format=json
21:25: getobservations.py -> _make_data_request: http://api.nve.no/hydrology/regobs/v1.0.1/Odata.svc/IncidentV/?$filter=DtObsTime gt datetime'2015-11-30' and DtObsTime lt datetime'2016-06-01' and ForecastRegionName eq 'Tromsoe' and GeoHazardTid eq 10 and LangKey eq 1&$format=json
21:25: getobservations.py -> _make_data_request: http://api.nve.no/hydrology/regobs/v1.0.1/Odata.svc/IncidentV/?$filter=DtObsTime gt datetime'2015-11-30' and DtObsTime lt datetime'2016-06-01' and ForecastRegionName eq 'Balsfjord' and GeoHazardTid eq 10 and LangKey eq 1&$format=json
21:25: getobservations.py -> _make_data_request: http://api.nve.no/hydrology/regobs/v1.0.1/Odata.svc/IncidentV/?$filter=DtObsTime gt datetime'2015-11-30' and DtObsTime lt datetime'2016-06-01' and ForecastRegionName eq 'Senja' and GeoHazardTid eq 10 and LangKey eq 1&$format=json
21:25: getobservations.py -> _make_data_request: http://api.nve.no/hydrology/regobs/v1.0.1/Odata.svc/IncidentV/?$filter=DtObsTime gt datetime'2015-11-30' and DtObsTime lt datetime'2016-06-01' and ForecastRegionName eq 'Lyngsalpan' and GeoHazardTid eq 10 and LangKey eq 1&$format=json
21:25: getobservations.py -> _make_data_request: http://api.nve.no/hydrology/regobs/v1.0.1/Odata.svc/IncidentV/?$filter=DtObsTime gt datetime'2015-11-30' and DtObsTime lt datetime'2016-06-01' and ForecastRegionName eq 'Bardu' and GeoHazardTid eq 10 and LangKey eq 1&$format=json
21:25: getobservations.py -> _make_data_request: http://api.nve.no/hydrology/regobs/v1.0.1/Odata.svc/IncidentV/?$filter=DtObsTime gt datetime'2015-11-30' and DtObsTime lt datetime'2016-06-01' and ForecastRegionName eq 'Narvik' and GeoHazardTid eq 10 and LangKey eq 1&$format=json
21:25: getobservations.py -> _make_data_request: http://api.nve.no/hydrology/regobs/v1.0.1/Odata.svc/IncidentV/?$filter=DtObsTime gt datetime'2015-11-30' and DtObsTime lt datetime'2016-06-01' and ForecastRegionName eq 'Vesteraalen' and GeoHazardTid eq 10 and LangKey eq 1&$format=json
21:25: getobservations.py -> _make_data_request: http://api.nve.no/hydrology/regobs/v1.0.1/Odata.svc/IncidentV/?$filter=DtObsTime gt datetime'2015-11-30' and DtObsTime lt datetime'2016-06-01' and ForecastRegionName eq 'Lofoten' and GeoHazardTid eq 10 and LangKey eq 1&$format=json
21:25: getobservations.py -> _make_data_request: http://api.nve.no/hydrology/regobs/v1.0.1/Odata.svc/IncidentV/?$filter=DtObsTime gt datetime'2015-11-30' and DtObsTime lt datetime'2016-06-01' and ForecastRegionName eq 'Trollheimen' and GeoHazardTid eq 10 and LangKey eq 1&$format=json
21:25: getobservations.py -> _make_data_request: http://api.nve.no/hydrology/regobs/v1.0.1/Odata.svc/IncidentV/?$filter=DtObsTime gt datetime'2015-11-30' and DtObsTime lt datetime'2016-06-01' and ForecastRegionName eq 'Romsdal' and GeoHazardTid eq 10 and LangKey eq 1&$format=json
21:25: getobservations.py -> _make_data_request: http://api.nve.no/hydrology/regobs/v1.0.1/Odata.svc/IncidentV/?$filter=DtObsTime gt datetime'2015-11-30' and DtObsTime lt datetime'2016-06-01' and ForecastRegionName eq 'Sunnmoere' and GeoHazardTid eq 10 and LangKey eq 1&$format=json
21:25: getobservations.py -> _make_data_request: http://api.nve.no/hydrology/regobs/v1.0.1/Odata.svc/IncidentV/?$filter=DtObsTime gt datetime'2015-11-30' and DtObsTime lt datetime'2016-06-01' and ForecastRegionName eq 'Fjordane' and GeoHazardTid eq 10 and LangKey eq 1&$format=json
21:25: getobservations.py -> _make_data_request: http://api.nve.no/hydrology/regobs/v1.0.1/Odata.svc/IncidentV/?$filter=DtObsTime gt datetime'2015-11-30' and DtObsTime lt datetime'2016-06-01' and ForecastRegionName eq 'Sogn' and GeoHazardTid eq 10 and LangKey eq 1&$format=json
21:25: getobservations.py -> _make_data_request: http://api.nve.no/hydrology/regobs/v1.0.1/Odata.svc/IncidentV/?$filter=DtObsTime gt datetime'2015-11-30' and DtObsTime lt datetime'2016-06-01' and ForecastRegionName eq 'Jotunheimen' and GeoHazardTid eq 10 and LangKey eq 1&$format=json
21:25: getobservations.py -> _make_data_request: http://api.nve.no/hydrology/regobs/v1.0.1/Odata.svc/IncidentV/?$filter=DtObsTime gt datetime'2015-11-30' and DtObsTime lt datetime'2016-06-01' and ForecastRegionName eq 'Voss' and GeoHazardTid eq 10 and LangKey eq 1&$format=json
21:25: getobservations.py -> _make_data_request: http://api.nve.no/hydrology/regobs/v1.0.1/Odata.svc/IncidentV/?$filter=DtObsTime gt datetime'2015-11-30' and DtObsTime lt datetime'2016-06-01' and ForecastRegionName eq 'Roeldal' and GeoHazardTid eq 10 and LangKey eq 1&$format=json
21:25: getobservations.py -> _make_data_request: http://api.nve.no/hydrology/regobs/v1.0.1/Odata.svc/IncidentV/?$filter=DtObsTime gt datetime'2015-11-30' and DtObsTime lt datetime'2016-06-01' and ForecastRegionName eq 'Rauland' and GeoHazardTid eq 10 and LangKey eq 1&$format=json
21:25: getobservations.py -> _make_data_request: http://api.nve.no/hydrology/regobs/v1.0.1/Odata.svc/IncidentV/?$filter=DtObsTime gt datetime'2015-11-30' and DtObsTime lt datetime'2016-06-01' and ForecastRegionName eq 'Tamokdalen' and GeoHazardTid eq 10 and LangKey eq 1&$format=json
21:25: getobservations.py -> _make_data_request: http://api.nve.no/hydrology/regobs/v1.0.1/Odata.svc/IncidentV/?$filter=DtObsTime gt datetime'2015-11-30' and DtObsTime lt datetime'2016-06-01' and ForecastRegionName eq 'Nordenskioldland' and GeoHazardTid eq 10 and LangKey eq 1&$format=json
21:25: getobservations.py -> _make_data_request: http://api.nve.no/hydrology/regobs/v1.0.1/Odata.svc/IncidentV/?$filter=DtObsTime gt datetime'2015-11-30' and DtObsTime lt datetime'2016-06-01' and ForecastRegionName eq 'Svartisen' and GeoHazardTid eq 10 and LangKey eq 1&$format=json
21:25: getobservations.py -> _make_data_request: http://api.nve.no/hydrology/regobs/v1.0.1/Odata.svc/IncidentV/?$filter=DtObsTime gt datetime'2015-11-30' and DtObsTime lt datetime'2016-06-01' and ForecastRegionName eq 'Hallingdal' and GeoHazardTid eq 10 and LangKey eq 1&$format=json
21:25: getobservations.py -> _make_data_request: http://api.nve.no/hydrology/regobs/v1.0.1/Odata.svc/IncidentV/?$filter=DtObsTime gt datetime'2015-11-30' and DtObsTime lt datetime'2016-06-01' and ForecastRegionName eq 'Salten' and GeoHazardTid eq 10 and LangKey eq 1&$format=json
21:26: getobservations.py -> _make_data_request: http://api.nve.no/hydrology/regobs/v1.0.1/Odata.svc/IncidentV/?$filter=DtObsTime gt datetime'2015-11-30' and DtObsTime lt datetime'2016-06-01' and ForecastRegionName eq 'Varslingsregion ikke gitt' and GeoHazardTid eq 10 and LangKey eq 1&$format=json
21:26: getobservations.py -> _make_data_request: http://api.nve.no/hydrology/regobs/v1.0.1/Odata.svc/IncidentV/?$filter=DtObsTime gt datetime'2015-11-30' and DtObsTime lt datetime'2016-06-01' and ForecastRegionName eq 'Alta' and GeoHazardTid eq 10 and LangKey eq 1&$format=json
21:26: getobservations.py -> _make_data_request: http://api.nve.no/hydrology/regobs/v1.0.1/Odata.svc/IncidentV/?$filter=DtObsTime gt datetime'2015-11-30' and DtObsTime lt datetime'2016-06-01' and ForecastRegionName eq 'Kaafjord' and GeoHazardTid eq 10 and LangKey eq 1&$format=json
21:26: getobservations.py -> _make_data_request: http://api.nve.no/hydrology/regobs/v1.0.1/Odata.svc/IncidentV/?$filter=DtObsTime gt datetime'2015-11-30' and DtObsTime lt datetime'2016-06-01' and ForecastRegionName eq 'Tromsoe' and GeoHazardTid eq 10 and LangKey eq 1&$format=json
21:26: getobservations.py -> _make_data_request: http://api.nve.no/hydrology/regobs/v1.0.1/Odata.svc/IncidentV/?$filter=DtObsTime gt datetime'2015-11-30' and DtObsTime lt datetime'2016-06-01' and ForecastRegionName eq 'Balsfjord' and GeoHazardTid eq 10 and LangKey eq 1&$format=json
21:26: getobservations.py -> _make_data_request: http://api.nve.no/hydrology/regobs/v1.0.1/Odata.svc/IncidentV/?$filter=DtObsTime gt datetime'2015-11-30' and DtObsTime lt datetime'2016-06-01' and ForecastRegionName eq 'Senja' and GeoHazardTid eq 10 and LangKey eq 1&$format=json
21:26: getobservations.py -> _make_data_request: http://api.nve.no/hydrology/regobs/v1.0.1/Odata.svc/IncidentV/?$filter=DtObsTime gt datetime'2015-11-30' and DtObsTime lt datetime'2016-06-01' and ForecastRegionName eq 'Lyngsalpan' and GeoHazardTid eq 10 and LangKey eq 1&$format=json
21:26: getobservations.py -> _make_data_request: http://api.nve.no/hydrology/regobs/v1.0.1/Odata.svc/IncidentV/?$filter=DtObsTime gt datetime'2015-11-30' and DtObsTime lt datetime'2016-06-01' and ForecastRegionName eq 'Bardu' and GeoHazardTid eq 10 and LangKey eq 1&$format=json
21:26: getobservations.py -> _make_data_request: http://api.nve.no/hydrology/regobs/v1.0.1/Odata.svc/IncidentV/?$filter=DtObsTime gt datetime'2015-11-30' and DtObsTime lt datetime'2016-06-01' and ForecastRegionName eq 'Narvik' and GeoHazardTid eq 10 and LangKey eq 1&$format=json
21:26: getobservations.py -> _make_data_request: http://api.nve.no/hydrology/regobs/v1.0.1/Odata.svc/IncidentV/?$filter=DtObsTime gt datetime'2015-11-30' and DtObsTime lt datetime'2016-06-01' and ForecastRegionName eq 'Vesteraalen' and GeoHazardTid eq 10 and LangKey eq 1&$format=json
21:26: getobservations.py -> _make_data_request: http://api.nve.no/hydrology/regobs/v1.0.1/Odata.svc/IncidentV/?$filter=DtObsTime gt datetime'2015-11-30' and DtObsTime lt datetime'2016-06-01' and ForecastRegionName eq 'Lofoten' and GeoHazardTid eq 10 and LangKey eq 1&$format=json
21:26: getobservations.py -> _make_data_request: http://api.nve.no/hydrology/regobs/v1.0.1/Odata.svc/IncidentV/?$filter=DtObsTime gt datetime'2015-11-30' and DtObsTime lt datetime'2016-06-01' and ForecastRegionName eq 'Trollheimen' and GeoHazardTid eq 10 and LangKey eq 1&$format=json
21:26: getobservations.py -> _make_data_request: http://api.nve.no/hydrology/regobs/v1.0.1/Odata.svc/IncidentV/?$filter=DtObsTime gt datetime'2015-11-30' and DtObsTime lt datetime'2016-06-01' and ForecastRegionName eq 'Romsdal' and GeoHazardTid eq 10 and LangKey eq 1&$format=json
21:26: getobservations.py -> _make_data_request: http://api.nve.no/hydrology/regobs/v1.0.1/Odata.svc/IncidentV/?$filter=DtObsTime gt datetime'2015-11-30' and DtObsTime lt datetime'2016-06-01' and ForecastRegionName eq 'Sunnmoere' and GeoHazardTid eq 10 and LangKey eq 1&$format=json
21:26: getobservations.py -> _make_data_request: http://api.nve.no/hydrology/regobs/v1.0.1/Odata.svc/IncidentV/?$filter=DtObsTime gt datetime'2015-11-30' and DtObsTime lt datetime'2016-06-01' and ForecastRegionName eq 'Fjordane' and GeoHazardTid eq 10 and LangKey eq 1&$format=json
21:26: getobservations.py -> _make_data_request: http://api.nve.no/hydrology/regobs/v1.0.1/Odata.svc/IncidentV/?$filter=DtObsTime gt datetime'2015-11-30' and DtObsTime lt datetime'2016-06-01' and ForecastRegionName eq 'Sogn' and GeoHazardTid eq 10 and LangKey eq 1&$format=json
21:26: getobservations.py -> _make_data_request: http://api.nve.no/hydrology/regobs/v1.0.1/Odata.svc/IncidentV/?$filter=DtObsTime gt datetime'2015-11-30' and DtObsTime lt datetime'2016-06-01' and ForecastRegionName eq 'Jotunheimen' and GeoHazardTid eq 10 and LangKey eq 1&$format=json
21:26: getobservations.py -> _make_data_request: http://api.nve.no/hydrology/regobs/v1.0.1/Odata.svc/IncidentV/?$filter=DtObsTime gt datetime'2015-11-30' and DtObsTime lt datetime'2016-06-01' and ForecastRegionName eq 'Voss' and GeoHazardTid eq 10 and LangKey eq 1&$format=json
21:26: getobservations.py -> _make_data_request: http://api.nve.no/hydrology/regobs/v1.0.1/Odata.svc/IncidentV/?$filter=DtObsTime gt datetime'2015-11-30' and DtObsTime lt datetime'2016-06-01' and ForecastRegionName eq 'Roeldal' and GeoHazardTid eq 10 and LangKey eq 1&$format=json
21:26: getobservations.py -> _make_data_request: http://api.nve.no/hydrology/regobs/v1.0.1/Odata.svc/IncidentV/?$filter=DtObsTime gt datetime'2015-11-30' and DtObsTime lt datetime'2016-06-01' and ForecastRegionName eq 'Rauland' and GeoHazardTid eq 10 and LangKey eq 1&$format=json
21:26: getobservations.py -> _make_data_request: http://api.nve.no/hydrology/regobs/v1.0.1/Odata.svc/IncidentV/?$filter=DtObsTime gt datetime'2015-11-30' and DtObsTime lt datetime'2016-06-01' and ForecastRegionName eq 'Tamokdalen' and GeoHazardTid eq 10 and LangKey eq 1&$format=json
21:26: getobservations.py -> _make_data_request: http://api.nve.no/hydrology/regobs/v1.0.1/Odata.svc/IncidentV/?$filter=DtObsTime gt datetime'2015-11-30' and DtObsTime lt datetime'2016-06-01' and ForecastRegionName eq 'Nordenskioldland' and GeoHazardTid eq 10 and LangKey eq 1&$format=json
21:26: getobservations.py -> _make_data_request: http://api.nve.no/hydrology/regobs/v1.0.1/Odata.svc/IncidentV/?$filter=DtObsTime gt datetime'2015-11-30' and DtObsTime lt datetime'2016-06-01' and ForecastRegionName eq 'Svartisen' and GeoHazardTid eq 10 and LangKey eq 1&$format=json
21:26: getobservations.py -> _make_data_request: http://api.nve.no/hydrology/regobs/v1.0.1/Odata.svc/IncidentV/?$filter=DtObsTime gt datetime'2015-11-30' and DtObsTime lt datetime'2016-06-01' and ForecastRegionName eq 'Hallingdal' and GeoHazardTid eq 10 and LangKey eq 1&$format=json
21:26: getobservations.py -> _make_data_request: http://api.nve.no/hydrology/regobs/v1.0.1/Odata.svc/IncidentV/?$filter=DtObsTime gt datetime'2015-11-30' and DtObsTime lt datetime'2016-06-01' and ForecastRegionName eq 'Salten' and GeoHazardTid eq 10 and LangKey eq 1&$format=json
21:27: getForecastApi -> get_warnings_as_json: Getting AvalancheWarnings for 100 from 2015-11-30 til 2016-06-01
21:28: getForecastApi -> get_warnings_as_json: 185 warnings found for 100.
21:28: getForecastApi -> get_warnings_as_json: Getting AvalancheWarnings for 6 from 2015-11-30 til 2016-06-01
21:28: getForecastApi -> get_warnings_as_json: 370 warnings found for 6.
21:28: getForecastApi -> get_warnings_as_json: Getting AvalancheWarnings for 7 from 2015-11-30 til 2016-06-01
21:28: getForecastApi -> get_warnings_as_json: 555 warnings found for 7.
21:28: getForecastApi -> get_warnings_as_json: Getting AvalancheWarnings for 8 from 2015-11-30 til 2016-06-01
21:28: getForecastApi -> get_warnings_as_json: 740 warnings found for 8.
21:28: getForecastApi -> get_warnings_as_json: Getting AvalancheWarnings for 9 from 2015-11-30 til 2016-06-01
21:28: getForecastApi -> get_warnings_as_json: 925 warnings found for 9.
21:28: getForecastApi -> get_warnings_as_json: Getting AvalancheWarnings for 10 from 2015-11-30 til 2016-06-01
21:28: getForecastApi -> get_warnings_as_json: 1110 warnings found for 10.
21:28: getForecastApi -> get_warnings_as_json: Getting AvalancheWarnings for 11 from 2015-11-30 til 2016-06-01
21:29: getForecastApi -> get_warnings_as_json: 1295 warnings found for 11.
21:29: getForecastApi -> get_warnings_as_json: Getting AvalancheWarnings for 12 from 2015-11-30 til 2016-06-01
21:29: getForecastApi -> get_warnings_as_json: 1480 warnings found for 12.
21:29: getForecastApi -> get_warnings_as_json: Getting AvalancheWarnings for 14 from 2015-11-30 til 2016-06-01
21:29: getForecastApi -> get_warnings_as_json: 1665 warnings found for 14.
21:29: getForecastApi -> get_warnings_as_json: Getting AvalancheWarnings for 15 from 2015-11-30 til 2016-06-01
21:29: getForecastApi -> get_warnings_as_json: 1850 warnings found for 15.
21:29: getForecastApi -> get_warnings_as_json: Getting AvalancheWarnings for 16 from 2015-11-30 til 2016-06-01
21:29: getForecastApi -> get_warnings_as_json: 2035 warnings found for 16.
21:29: getForecastApi -> get_warnings_as_json: Getting AvalancheWarnings for 17 from 2015-11-30 til 2016-06-01
21:29: getForecastApi -> get_warnings_as_json: 2220 warnings found for 17.
21:29: getForecastApi -> get_warnings_as_json: Getting AvalancheWarnings for 18 from 2015-11-30 til 2016-06-01
21:29: getForecastApi -> get_warnings_as_json: 2405 warnings found for 18.
21:29: getForecastApi -> get_warnings_as_json: Getting AvalancheWarnings for 19 from 2015-11-30 til 2016-06-01
21:30: getForecastApi -> get_warnings_as_json: 2590 warnings found for 19.
21:30: getForecastApi -> get_warnings_as_json: Getting AvalancheWarnings for 21 from 2015-11-30 til 2016-06-01
21:30: getForecastApi -> get_warnings_as_json: 2775 warnings found for 21.
21:30: getForecastApi -> get_warnings_as_json: Getting AvalancheWarnings for 22 from 2015-11-30 til 2016-06-01
21:30: getForecastApi -> get_warnings_as_json: 2960 warnings found for 22.
21:30: getForecastApi -> get_warnings_as_json: Getting AvalancheWarnings for 23 from 2015-11-30 til 2016-06-01
21:30: getForecastApi -> get_warnings_as_json: 3145 warnings found for 23.
21:30: getForecastApi -> get_warnings_as_json: Getting AvalancheWarnings for 24 from 2015-11-30 til 2016-06-01
21:30: getForecastApi -> get_warnings_as_json: 3330 warnings found for 24.
21:30: getForecastApi -> get_warnings_as_json: Getting AvalancheWarnings for 27 from 2015-11-30 til 2016-06-01
21:30: getForecastApi -> get_warnings_as_json: 3515 warnings found for 27.
21:30: getForecastApi -> get_warnings_as_json: Getting AvalancheWarnings for 28 from 2015-11-30 til 2016-06-01
21:31: getForecastApi -> get_warnings_as_json: 3700 warnings found for 28.
21:31: getForecastApi -> get_warnings_as_json: Getting AvalancheWarnings for 29 from 2015-11-30 til 2016-06-01
21:31: getForecastApi -> get_warnings_as_json: 3885 warnings found for 29.
21:31: getForecastApi -> get_warnings_as_json: Getting AvalancheWarnings for 30 from 2015-11-30 til 2016-06-01
21:31: getForecastApi -> get_warnings_as_json: 4070 warnings found for 30.
21:31: getForecastApi -> get_warnings_as_json: Getting AvalancheWarnings for 31 from 2015-11-30 til 2016-06-01
21:31: getForecastApi -> get_warnings_as_json: 4255 warnings found for 31.
21:31: getForecastApi -> get_warnings_as_json: Getting AvalancheWarnings for 32 from 2015-11-30 til 2016-06-01
21:31: getForecastApi -> get_warnings_as_json: 4440 warnings found for 32.
21:31: getForecastApi -> get_warnings_as_json: Getting AvalancheWarnings for 33 from 2015-11-30 til 2016-06-01
21:31: getForecastApi -> get_warnings_as_json: 4625 warnings found for 33.
22:08: getobservations.py -> _make_data_request: http://api.nve.no/hydrology/regobs/v1.0.1/Odata.svc/IncidentV/?$filter=DtObsTime gt datetime'2015-11-30' and DtObsTime lt datetime'2016-06-01' and ForecastRegionName eq 'Varslingsregion ikke gitt' and GeoHazardTid eq 10 and LangKey eq 1&$format=json
22:08: getobservations.py -> _make_data_request: http://api.nve.no/hydrology/regobs/v1.0.1/Odata.svc/IncidentV/?$filter=DtObsTime gt datetime'2015-11-30' and DtObsTime lt datetime'2016-06-01' and ForecastRegionName eq 'Alta' and GeoHazardTid eq 10 and LangKey eq 1&$format=json
22:08: getobservations.py -> _make_data_request: http://api.nve.no/hydrology/regobs/v1.0.1/Odata.svc/IncidentV/?$filter=DtObsTime gt datetime'2015-11-30' and DtObsTime lt datetime'2016-06-01' and ForecastRegionName eq 'Kaafjord' and GeoHazardTid eq 10 and LangKey eq 1&$format=json
22:08: getobservations.py -> _make_data_request: http://api.nve.no/hydrology/regobs/v1.0.1/Odata.svc/IncidentV/?$filter=DtObsTime gt datetime'2015-11-30' and DtObsTime lt datetime'2016-06-01' and ForecastRegionName eq 'Tromsoe' and GeoHazardTid eq 10 and LangKey eq 1&$format=json
22:08: getobservations.py -> _make_data_request: http://api.nve.no/hydrology/regobs/v1.0.1/Odata.svc/IncidentV/?$filter=DtObsTime gt datetime'2015-11-30' and DtObsTime lt datetime'2016-06-01' and ForecastRegionName eq 'Balsfjord' and GeoHazardTid eq 10 and LangKey eq 1&$format=json
22:08: getobservations.py -> _make_data_request: http://api.nve.no/hydrology/regobs/v1.0.1/Odata.svc/IncidentV/?$filter=DtObsTime gt datetime'2015-11-30' and DtObsTime lt datetime'2016-06-01' and ForecastRegionName eq 'Senja' and GeoHazardTid eq 10 and LangKey eq 1&$format=json
22:08: getobservations.py -> _make_data_request: http://api.nve.no/hydrology/regobs/v1.0.1/Odata.svc/IncidentV/?$filter=DtObsTime gt datetime'2015-11-30' and DtObsTime lt datetime'2016-06-01' and ForecastRegionName eq 'Lyngsalpan' and GeoHazardTid eq 10 and LangKey eq 1&$format=json
22:08: getobservations.py -> _make_data_request: http://api.nve.no/hydrology/regobs/v1.0.1/Odata.svc/IncidentV/?$filter=DtObsTime gt datetime'2015-11-30' and DtObsTime lt datetime'2016-06-01' and ForecastRegionName eq 'Bardu' and GeoHazardTid eq 10 and LangKey eq 1&$format=json
22:08: getobservations.py -> _make_data_request: http://api.nve.no/hydrology/regobs/v1.0.1/Odata.svc/IncidentV/?$filter=DtObsTime gt datetime'2015-11-30' and DtObsTime lt datetime'2016-06-01' and ForecastRegionName eq 'Narvik' and GeoHazardTid eq 10 and LangKey eq 1&$format=json
22:08: getobservations.py -> _make_data_request: http://api.nve.no/hydrology/regobs/v1.0.1/Odata.svc/IncidentV/?$filter=DtObsTime gt datetime'2015-11-30' and DtObsTime lt datetime'2016-06-01' and ForecastRegionName eq 'Vesteraalen' and GeoHazardTid eq 10 and LangKey eq 1&$format=json
22:08: getobservations.py -> _make_data_request: http://api.nve.no/hydrology/regobs/v1.0.1/Odata.svc/IncidentV/?$filter=DtObsTime gt datetime'2015-11-30' and DtObsTime lt datetime'2016-06-01' and ForecastRegionName eq 'Lofoten' and GeoHazardTid eq 10 and LangKey eq 1&$format=json
22:08: getobservations.py -> _make_data_request: http://api.nve.no/hydrology/regobs/v1.0.1/Odata.svc/IncidentV/?$filter=DtObsTime gt datetime'2015-11-30' and DtObsTime lt datetime'2016-06-01' and ForecastRegionName eq 'Trollheimen' and GeoHazardTid eq 10 and LangKey eq 1&$format=json
22:08: getobservations.py -> _make_data_request: http://api.nve.no/hydrology/regobs/v1.0.1/Odata.svc/IncidentV/?$filter=DtObsTime gt datetime'2015-11-30' and DtObsTime lt datetime'2016-06-01' and ForecastRegionName eq 'Romsdal' and GeoHazardTid eq 10 and LangKey eq 1&$format=json
22:08: getobservations.py -> _make_data_request: http://api.nve.no/hydrology/regobs/v1.0.1/Odata.svc/IncidentV/?$filter=DtObsTime gt datetime'2015-11-30' and DtObsTime lt datetime'2016-06-01' and ForecastRegionName eq 'Sunnmoere' and GeoHazardTid eq 10 and LangKey eq 1&$format=json
22:08: getobservations.py -> _make_data_request: http://api.nve.no/hydrology/regobs/v1.0.1/Odata.svc/IncidentV/?$filter=DtObsTime gt datetime'2015-11-30' and DtObsTime lt datetime'2016-06-01' and ForecastRegionName eq 'Fjordane' and GeoHazardTid eq 10 and LangKey eq 1&$format=json
22:08: getobservations.py -> _make_data_request: http://api.nve.no/hydrology/regobs/v1.0.1/Odata.svc/IncidentV/?$filter=DtObsTime gt datetime'2015-11-30' and DtObsTime lt datetime'2016-06-01' and ForecastRegionName eq 'Sogn' and GeoHazardTid eq 10 and LangKey eq 1&$format=json
22:08: getobservations.py -> _make_data_request: http://api.nve.no/hydrology/regobs/v1.0.1/Odata.svc/IncidentV/?$filter=DtObsTime gt datetime'2015-11-30' and DtObsTime lt datetime'2016-06-01' and ForecastRegionName eq 'Jotunheimen' and GeoHazardTid eq 10 and LangKey eq 1&$format=json
22:08: getobservations.py -> _make_data_request: http://api.nve.no/hydrology/regobs/v1.0.1/Odata.svc/IncidentV/?$filter=DtObsTime gt datetime'2015-11-30' and DtObsTime lt datetime'2016-06-01' and ForecastRegionName eq 'Voss' and GeoHazardTid eq 10 and LangKey eq 1&$format=json
22:08: getobservations.py -> _make_data_request: http://api.nve.no/hydrology/regobs/v1.0.1/Odata.svc/IncidentV/?$filter=DtObsTime gt datetime'2015-11-30' and DtObsTime lt datetime'2016-06-01' and ForecastRegionName eq 'Roeldal' and GeoHazardTid eq 10 and LangKey eq 1&$format=json
22:08: getobservations.py -> _make_data_request: http://api.nve.no/hydrology/regobs/v1.0.1/Odata.svc/IncidentV/?$filter=DtObsTime gt datetime'2015-11-30' and DtObsTime lt datetime'2016-06-01' and ForecastRegionName eq 'Rauland' and GeoHazardTid eq 10 and LangKey eq 1&$format=json
22:08: getobservations.py -> _make_data_request: http://api.nve.no/hydrology/regobs/v1.0.1/Odata.svc/IncidentV/?$filter=DtObsTime gt datetime'2015-11-30' and DtObsTime lt datetime'2016-06-01' and ForecastRegionName eq 'Tamokdalen' and GeoHazardTid eq 10 and LangKey eq 1&$format=json
22:08: getobservations.py -> _make_data_request: http://api.nve.no/hydrology/regobs/v1.0.1/Odata.svc/IncidentV/?$filter=DtObsTime gt datetime'2015-11-30' and DtObsTime lt datetime'2016-06-01' and ForecastRegionName eq 'Nordenskioldland' and GeoHazardTid eq 10 and LangKey eq 1&$format=json
22:08: getobservations.py -> _make_data_request: http://api.nve.no/hydrology/regobs/v1.0.1/Odata.svc/IncidentV/?$filter=DtObsTime gt datetime'2015-11-30' and DtObsTime lt datetime'2016-06-01' and ForecastRegionName eq 'Svartisen' and GeoHazardTid eq 10 and LangKey eq 1&$format=json
22:08: getobservations.py -> _make_data_request: http://api.nve.no/hydrology/regobs/v1.0.1/Odata.svc/IncidentV/?$filter=DtObsTime gt datetime'2015-11-30' and DtObsTime lt datetime'2016-06-01' and ForecastRegionName eq 'Hallingdal' and GeoHazardTid eq 10 and LangKey eq 1&$format=json
22:08: getobservations.py -> _make_data_request: http://api.nve.no/hydrology/regobs/v1.0.1/Odata.svc/IncidentV/?$filter=DtObsTime gt datetime'2015-11-30' and DtObsTime lt datetime'2016-06-01' and ForecastRegionName eq 'Salten' and GeoHazardTid eq 10 and LangKey eq 1&$format=json
22:09: getForecastApi -> get_warnings_as_json: Getting AvalancheWarnings for 100 from 2015-11-30 til 2016-06-01
22:10: getForecastApi -> get_warnings_as_json: 185 warnings found for 100.
22:10: getForecastApi -> get_warnings_as_json: Getting AvalancheWarnings for 0 from 2015-11-30 til 2016-06-01
22:10: getForecastApi -> get_warnings_as_json: 185 warnings found for 0.
22:10: getForecastApi -> get_warnings_as_json: Getting AvalancheWarnings for 6 from 2015-11-30 til 2016-06-01
22:11: getForecastApi -> get_warnings_as_json: 185 warnings found for 6.
22:11: getForecastApi -> get_warnings_as_json: Getting AvalancheWarnings for 6 from 2015-11-30 til 2016-06-01
22:11: getForecastApi -> get_warnings_as_json: 185 warnings found for 6.
22:12: getForecastApi -> get_warnings_as_json: Getting AvalancheWarnings for 7 from 2015-11-30 til 2016-06-01
22:12: getForecastApi -> get_warnings_as_json: 185 warnings found for 7.
22:13: getForecastApi -> get_warnings_as_json: Getting AvalancheWarnings for 7 from 2015-11-30 til 2016-06-01
22:13: getForecastApi -> get_warnings_as_json: 185 warnings found for 7.
22:13: getForecastApi -> get_warnings_as_json: Getting AvalancheWarnings for 8 from 2015-11-30 til 2016-06-01
22:13: getForecastApi -> get_warnings_as_json: 185 warnings found for 8.
22:14: getForecastApi -> get_warnings_as_json: Getting AvalancheWarnings for 8 from 2015-11-30 til 2016-06-01
22:14: getForecastApi -> get_warnings_as_json: 185 warnings found for 8.
22:15: getForecastApi -> get_warnings_as_json: Getting AvalancheWarnings for 9 from 2015-11-30 til 2016-06-01
22:15: getForecastApi -> get_warnings_as_json: 185 warnings found for 9.
22:16: getForecastApi -> get_warnings_as_json: Getting AvalancheWarnings for 9 from 2015-11-30 til 2016-06-01
22:16: getForecastApi -> get_warnings_as_json: 185 warnings found for 9.
22:17: getForecastApi -> get_warnings_as_json: Getting AvalancheWarnings for 10 from 2015-11-30 til 2016-06-01
22:17: getForecastApi -> get_warnings_as_json: 185 warnings found for 10.
22:18: getForecastApi -> get_warnings_as_json: Getting AvalancheWarnings for 10 from 2015-11-30 til 2016-06-01
22:18: getForecastApi -> get_warnings_as_json: 185 warnings found for 10.
22:19: getForecastApi -> get_warnings_as_json: Getting AvalancheWarnings for 11 from 2015-11-30 til 2016-06-01
22:19: getForecastApi -> get_warnings_as_json: 185 warnings found for 11.
22:19: getForecastApi -> get_warnings_as_json: Getting AvalancheWarnings for 11 from 2015-11-30 til 2016-06-01
22:20: getForecastApi -> get_warnings_as_json: 185 warnings found for 11.
22:20: getForecastApi -> get_warnings_as_json: Getting AvalancheWarnings for 12 from 2015-11-30 til 2016-06-01
22:21: getForecastApi -> get_warnings_as_json: 185 warnings found for 12.
22:21: getForecastApi -> get_warnings_as_json: Getting AvalancheWarnings for 12 from 2015-11-30 til 2016-06-01
22:22: getForecastApi -> get_warnings_as_json: 185 warnings found for 12.
22:22: getForecastApi -> get_warnings_as_json: Getting AvalancheWarnings for 14 from 2015-11-30 til 2016-06-01
22:22: getForecastApi -> get_warnings_as_json: 185 warnings found for 14.
22:23: getForecastApi -> get_warnings_as_json: Getting AvalancheWarnings for 14 from 2015-11-30 til 2016-06-01
22:23: getForecastApi -> get_warnings_as_json: 185 warnings found for 14.
22:24: getForecastApi -> get_warnings_as_json: Getting AvalancheWarnings for 15 from 2015-11-30 til 2016-06-01
22:24: getForecastApi -> get_warnings_as_json: 185 warnings found for 15.
22:25: getForecastApi -> get_warnings_as_json: Getting AvalancheWarnings for 15 from 2015-11-30 til 2016-06-01
22:25: getForecastApi -> get_warnings_as_json: 185 warnings found for 15.
22:26: getForecastApi -> get_warnings_as_json: Getting AvalancheWarnings for 16 from 2015-11-30 til 2016-06-01
22:26: getForecastApi -> get_warnings_as_json: 185 warnings found for 16.
22:27: getForecastApi -> get_warnings_as_json: Getting AvalancheWarnings for 16 from 2015-11-30 til 2016-06-01
22:28: getForecastApi -> get_warnings_as_json: 185 warnings found for 16.
22:28: getForecastApi -> get_warnings_as_json: Getting AvalancheWarnings for 17 from 2015-11-30 til 2016-06-01
22:28: getForecastApi -> get_warnings_as_json: 185 warnings found for 17.
22:30: getForecastApi -> get_warnings_as_json: Getting AvalancheWarnings for 17 from 2015-11-30 til 2016-06-01
22:30: getForecastApi -> get_warnings_as_json: 185 warnings found for 17.
22:31: getForecastApi -> get_warnings_as_json: Getting AvalancheWarnings for 18 from 2015-11-30 til 2016-06-01
22:31: getForecastApi -> get_warnings_as_json: 185 warnings found for 18.
22:32: getForecastApi -> get_warnings_as_json: Getting AvalancheWarnings for 18 from 2015-11-30 til 2016-06-01
22:32: getForecastApi -> get_warnings_as_json: 185 warnings found for 18.
22:33: getForecastApi -> get_warnings_as_json: Getting AvalancheWarnings for 19 from 2015-11-30 til 2016-06-01
22:33: getForecastApi -> get_warnings_as_json: 185 warnings found for 19.
22:34: getForecastApi -> get_warnings_as_json: Getting AvalancheWarnings for 19 from 2015-11-30 til 2016-06-01
22:35: getForecastApi -> get_warnings_as_json: 185 warnings found for 19.
22:36: getForecastApi -> get_warnings_as_json: Getting AvalancheWarnings for 21 from 2015-11-30 til 2016-06-01
22:36: getForecastApi -> get_warnings_as_json: 185 warnings found for 21.
22:37: getForecastApi -> get_warnings_as_json: Getting AvalancheWarnings for 21 from 2015-11-30 til 2016-06-01
22:37: getForecastApi -> get_warnings_as_json: 185 warnings found for 21.
22:38: getForecastApi -> get_warnings_as_json: Getting AvalancheWarnings for 22 from 2015-11-30 til 2016-06-01
22:38: getForecastApi -> get_warnings_as_json: 185 warnings found for 22.
22:39: getForecastApi -> get_warnings_as_json: Getting AvalancheWarnings for 22 from 2015-11-30 til 2016-06-01
22:39: getForecastApi -> get_warnings_as_json: 185 warnings found for 22.
22:40: getForecastApi -> get_warnings_as_json: Getting AvalancheWarnings for 23 from 2015-11-30 til 2016-06-01
22:41: getForecastApi -> get_warnings_as_json: 185 warnings found for 23.
22:42: getForecastApi -> get_warnings_as_json: Getting AvalancheWarnings for 23 from 2015-11-30 til 2016-06-01
22:42: getForecastApi -> get_warnings_as_json: 185 warnings found for 23.
22:43: getForecastApi -> get_warnings_as_json: Getting AvalancheWarnings for 24 from 2015-11-30 til 2016-06-01
22:43: getForecastApi -> get_warnings_as_json: 185 warnings found for 24.
22:44: getForecastApi -> get_warnings_as_json: Getting AvalancheWarnings for 24 from 2015-11-30 til 2016-06-01
22:44: getForecastApi -> get_warnings_as_json: 185 warnings found for 24.
22:45: getForecastApi -> get_warnings_as_json: Getting AvalancheWarnings for 27 from 2015-11-30 til 2016-06-01
22:45: getForecastApi -> get_warnings_as_json: 185 warnings found for 27.
22:46: getForecastApi -> get_warnings_as_json: Getting AvalancheWarnings for 27 from 2015-11-30 til 2016-06-01
22:46: getForecastApi -> get_warnings_as_json: 185 warnings found for 27.
22:47: getForecastApi -> get_warnings_as_json: Getting AvalancheWarnings for 28 from 2015-11-30 til 2016-06-01
22:47: getForecastApi -> get_warnings_as_json: 185 warnings found for 28.
22:49: getForecastApi -> get_warnings_as_json: Getting AvalancheWarnings for 28 from 2015-11-30 til 2016-06-01
22:49: getForecastApi -> get_warnings_as_json: 185 warnings found for 28.
22:49: getForecastApi -> get_warnings_as_json: Getting AvalancheWarnings for 29 from 2015-11-30 til 2016-06-01
22:50: getForecastApi -> get_warnings_as_json: 185 warnings found for 29.
22:51: getForecastApi -> get_warnings_as_json: Getting AvalancheWarnings for 29 from 2015-11-30 til 2016-06-01
22:51: getForecastApi -> get_warnings_as_json: 185 warnings found for 29.
22:52: getForecastApi -> get_warnings_as_json: Getting AvalancheWarnings for 30 from 2015-11-30 til 2016-06-01
22:52: getForecastApi -> get_warnings_as_json: 185 warnings found for 30.
22:54: getForecastApi -> get_warnings_as_json: Getting AvalancheWarnings for 30 from 2015-11-30 til 2016-06-01
22:54: getForecastApi -> get_warnings_as_json: 185 warnings found for 30.
22:55: getForecastApi -> get_warnings_as_json: Getting AvalancheWarnings for 31 from 2015-11-30 til 2016-06-01
22:55: getForecastApi -> get_warnings_as_json: 185 warnings found for 31.
22:56: getForecastApi -> get_warnings_as_json: Getting AvalancheWarnings for 31 from 2015-11-30 til 2016-06-01
22:56: getForecastApi -> get_warnings_as_json: 185 warnings found for 31.
22:57: getForecastApi -> get_warnings_as_json: Getting AvalancheWarnings for 32 from 2015-11-30 til 2016-06-01
22:58: getForecastApi -> get_warnings_as_json: 185 warnings found for 32.
22:59: getForecastApi -> get_warnings_as_json: Getting AvalancheWarnings for 32 from 2015-11-30 til 2016-06-01
22:59: getForecastApi -> get_warnings_as_json: 185 warnings found for 32.
23:00: getForecastApi -> get_warnings_as_json: Getting AvalancheWarnings for 33 from 2015-11-30 til 2016-06-01
23:00: getForecastApi -> get_warnings_as_json: 185 warnings found for 33.
23:02: getForecastApi -> get_warnings_as_json: Getting AvalancheWarnings for 33 from 2015-11-30 til 2016-06-01
23:02: getForecastApi -> get_warnings_as_json: 185 warnings found for 33.
