08:55: getForecastApi -> get_warnings_as_json: Getting AvalancheWarnings for 100 from 2015-11-30 til 2016-06-01
08:55: getForecastApi -> get_warnings_as_json: 185 warnings found for 100.
08:55: getForecastApi -> get_warnings_as_json: Getting AvalancheWarnings for 6 from 2015-11-30 til 2016-06-01
08:55: getForecastApi -> get_warnings_as_json: 185 warnings found for 6.
08:55: getForecastApi -> get_warnings_as_json: Getting AvalancheWarnings for 7 from 2015-11-30 til 2016-06-01
08:55: getForecastApi -> get_warnings_as_json: 185 warnings found for 7.
08:55: getForecastApi -> get_warnings_as_json: Getting AvalancheWarnings for 8 from 2015-11-30 til 2016-06-01
08:55: getForecastApi -> get_warnings_as_json: 185 warnings found for 8.
08:55: getForecastApi -> get_warnings_as_json: Getting AvalancheWarnings for 9 from 2015-11-30 til 2016-06-01
08:55: getForecastApi -> get_warnings_as_json: 185 warnings found for 9.
08:56: getForecastApi -> get_warnings_as_json: Getting AvalancheWarnings for 10 from 2015-11-30 til 2016-06-01
08:56: getForecastApi -> get_warnings_as_json: 185 warnings found for 10.
08:56: getForecastApi -> get_warnings_as_json: Getting AvalancheWarnings for 11 from 2015-11-30 til 2016-06-01
08:56: getForecastApi -> get_warnings_as_json: 185 warnings found for 11.
08:56: getForecastApi -> get_warnings_as_json: Getting AvalancheWarnings for 12 from 2015-11-30 til 2016-06-01
08:56: getForecastApi -> get_warnings_as_json: 185 warnings found for 12.
08:56: getForecastApi -> get_warnings_as_json: Getting AvalancheWarnings for 14 from 2015-11-30 til 2016-06-01
08:56: getForecastApi -> get_warnings_as_json: 185 warnings found for 14.
08:56: getForecastApi -> get_warnings_as_json: Getting AvalancheWarnings for 15 from 2015-11-30 til 2016-06-01
08:56: getForecastApi -> get_warnings_as_json: 185 warnings found for 15.
08:56: getForecastApi -> get_warnings_as_json: Getting AvalancheWarnings for 16 from 2015-11-30 til 2016-06-01
08:56: getForecastApi -> get_warnings_as_json: 185 warnings found for 16.
08:56: getForecastApi -> get_warnings_as_json: Getting AvalancheWarnings for 17 from 2015-11-30 til 2016-06-01
08:57: getForecastApi -> get_warnings_as_json: 185 warnings found for 17.
08:57: getForecastApi -> get_warnings_as_json: Getting AvalancheWarnings for 18 from 2015-11-30 til 2016-06-01
08:57: getForecastApi -> get_warnings_as_json: 185 warnings found for 18.
08:57: getForecastApi -> get_warnings_as_json: Getting AvalancheWarnings for 19 from 2015-11-30 til 2016-06-01
08:57: getForecastApi -> get_warnings_as_json: 185 warnings found for 19.
08:57: getForecastApi -> get_warnings_as_json: Getting AvalancheWarnings for 21 from 2015-11-30 til 2016-06-01
08:57: getForecastApi -> get_warnings_as_json: 185 warnings found for 21.
08:57: getForecastApi -> get_warnings_as_json: Getting AvalancheWarnings for 22 from 2015-11-30 til 2016-06-01
08:57: getForecastApi -> get_warnings_as_json: 185 warnings found for 22.
08:57: getForecastApi -> get_warnings_as_json: Getting AvalancheWarnings for 23 from 2015-11-30 til 2016-06-01
08:57: getForecastApi -> get_warnings_as_json: 185 warnings found for 23.
08:57: getForecastApi -> get_warnings_as_json: Getting AvalancheWarnings for 24 from 2015-11-30 til 2016-06-01
08:57: getForecastApi -> get_warnings_as_json: 185 warnings found for 24.
08:57: getForecastApi -> get_warnings_as_json: Getting AvalancheWarnings for 27 from 2015-11-30 til 2016-06-01
08:58: getForecastApi -> get_warnings_as_json: 185 warnings found for 27.
08:58: getForecastApi -> get_warnings_as_json: Getting AvalancheWarnings for 28 from 2015-11-30 til 2016-06-01
08:58: getForecastApi -> get_warnings_as_json: 185 warnings found for 28.
08:58: getForecastApi -> get_warnings_as_json: Getting AvalancheWarnings for 29 from 2015-11-30 til 2016-06-01
08:58: getForecastApi -> get_warnings_as_json: 185 warnings found for 29.
08:58: getForecastApi -> get_warnings_as_json: Getting AvalancheWarnings for 30 from 2015-11-30 til 2016-06-01
08:58: getForecastApi -> get_warnings_as_json: 185 warnings found for 30.
08:58: getForecastApi -> get_warnings_as_json: Getting AvalancheWarnings for 31 from 2015-11-30 til 2016-06-01
08:58: getForecastApi -> get_warnings_as_json: 185 warnings found for 31.
08:58: getForecastApi -> get_warnings_as_json: Getting AvalancheWarnings for 32 from 2015-11-30 til 2016-06-01
08:58: getForecastApi -> get_warnings_as_json: 185 warnings found for 32.
08:58: getForecastApi -> get_warnings_as_json: Getting AvalancheWarnings for 33 from 2015-11-30 til 2016-06-01
08:58: getForecastApi -> get_warnings_as_json: 185 warnings found for 33.
09:08: getForecastApi -> get_warnings_as_json: Getting AvalancheWarnings for 100 from 2015-11-30 til 2016-06-01
09:08: getForecastApi -> get_warnings_as_json: 185 warnings found for 100.
09:08: getForecastApi -> get_warnings_as_json: Getting AvalancheWarnings for 6 from 2015-11-30 til 2016-06-01
09:08: getForecastApi -> get_warnings_as_json: 185 warnings found for 6.
09:08: getForecastApi -> get_warnings_as_json: Getting AvalancheWarnings for 7 from 2015-11-30 til 2016-06-01
09:08: getForecastApi -> get_warnings_as_json: 185 warnings found for 7.
09:08: getForecastApi -> get_warnings_as_json: Getting AvalancheWarnings for 8 from 2015-11-30 til 2016-06-01
09:08: getForecastApi -> get_warnings_as_json: 185 warnings found for 8.
09:08: getForecastApi -> get_warnings_as_json: Getting AvalancheWarnings for 9 from 2015-11-30 til 2016-06-01
09:09: getForecastApi -> get_warnings_as_json: 185 warnings found for 9.
09:09: getForecastApi -> get_warnings_as_json: Getting AvalancheWarnings for 10 from 2015-11-30 til 2016-06-01
09:09: getForecastApi -> get_warnings_as_json: 185 warnings found for 10.
09:09: getForecastApi -> get_warnings_as_json: Getting AvalancheWarnings for 11 from 2015-11-30 til 2016-06-01
09:09: getForecastApi -> get_warnings_as_json: 185 warnings found for 11.
09:09: getForecastApi -> get_warnings_as_json: Getting AvalancheWarnings for 12 from 2015-11-30 til 2016-06-01
09:09: getForecastApi -> get_warnings_as_json: 185 warnings found for 12.
09:09: getForecastApi -> get_warnings_as_json: Getting AvalancheWarnings for 14 from 2015-11-30 til 2016-06-01
09:09: getForecastApi -> get_warnings_as_json: 185 warnings found for 14.
09:09: getForecastApi -> get_warnings_as_json: Getting AvalancheWarnings for 15 from 2015-11-30 til 2016-06-01
09:09: getForecastApi -> get_warnings_as_json: 185 warnings found for 15.
09:09: getForecastApi -> get_warnings_as_json: Getting AvalancheWarnings for 16 from 2015-11-30 til 2016-06-01
09:09: getForecastApi -> get_warnings_as_json: 185 warnings found for 16.
09:09: getForecastApi -> get_warnings_as_json: Getting AvalancheWarnings for 17 from 2015-11-30 til 2016-06-01
09:10: getForecastApi -> get_warnings_as_json: 185 warnings found for 17.
09:10: getForecastApi -> get_warnings_as_json: Getting AvalancheWarnings for 18 from 2015-11-30 til 2016-06-01
09:10: getForecastApi -> get_warnings_as_json: 185 warnings found for 18.
09:10: getForecastApi -> get_warnings_as_json: Getting AvalancheWarnings for 19 from 2015-11-30 til 2016-06-01
09:10: getForecastApi -> get_warnings_as_json: 185 warnings found for 19.
09:10: getForecastApi -> get_warnings_as_json: Getting AvalancheWarnings for 21 from 2015-11-30 til 2016-06-01
09:10: getForecastApi -> get_warnings_as_json: 185 warnings found for 21.
09:10: getForecastApi -> get_warnings_as_json: Getting AvalancheWarnings for 22 from 2015-11-30 til 2016-06-01
09:10: getForecastApi -> get_warnings_as_json: 185 warnings found for 22.
09:10: getForecastApi -> get_warnings_as_json: Getting AvalancheWarnings for 23 from 2015-11-30 til 2016-06-01
09:10: getForecastApi -> get_warnings_as_json: 185 warnings found for 23.
09:10: getForecastApi -> get_warnings_as_json: Getting AvalancheWarnings for 24 from 2015-11-30 til 2016-06-01
09:10: getForecastApi -> get_warnings_as_json: 185 warnings found for 24.
09:10: getForecastApi -> get_warnings_as_json: Getting AvalancheWarnings for 27 from 2015-11-30 til 2016-06-01
09:11: getForecastApi -> get_warnings_as_json: 185 warnings found for 27.
09:11: getForecastApi -> get_warnings_as_json: Getting AvalancheWarnings for 28 from 2015-11-30 til 2016-06-01
09:11: getForecastApi -> get_warnings_as_json: 185 warnings found for 28.
09:11: getForecastApi -> get_warnings_as_json: Getting AvalancheWarnings for 29 from 2015-11-30 til 2016-06-01
09:11: getForecastApi -> get_warnings_as_json: 185 warnings found for 29.
09:11: getForecastApi -> get_warnings_as_json: Getting AvalancheWarnings for 30 from 2015-11-30 til 2016-06-01
09:11: getForecastApi -> get_warnings_as_json: 185 warnings found for 30.
09:11: getForecastApi -> get_warnings_as_json: Getting AvalancheWarnings for 31 from 2015-11-30 til 2016-06-01
09:11: getForecastApi -> get_warnings_as_json: 185 warnings found for 31.
09:11: getForecastApi -> get_warnings_as_json: Getting AvalancheWarnings for 32 from 2015-11-30 til 2016-06-01
09:11: getForecastApi -> get_warnings_as_json: 185 warnings found for 32.
09:11: getForecastApi -> get_warnings_as_json: Getting AvalancheWarnings for 33 from 2015-11-30 til 2016-06-01
09:11: getForecastApi -> get_warnings_as_json: 185 warnings found for 33.
10:11: getForecastApi -> get_warnings_as_json: Getting AvalancheWarnings for 12 from 2016-01-01 til 2016-01-14
10:11: getForecastApi -> get_warnings_as_json: 14 warnings found for 12.
10:11: getForecastApi -> get_warnings_as_json: Getting AvalancheWarnings for 17 from 2016-01-01 til 2016-01-14
10:11: getForecastApi -> get_warnings_as_json: 14 warnings found for 17.
10:11: getForecastApi -> get_warnings_as_json: Getting AvalancheWarnings for 16 from 2016-01-01 til 2016-01-14
10:11: getForecastApi -> get_warnings_as_json: 14 warnings found for 16.
10:11: getForecastApi -> get_warnings_as_json: Getting AvalancheWarnings for 28 from 2016-01-01 til 2016-01-14
10:11: getForecastApi -> get_warnings_as_json: 14 warnings found for 28.
10:11: getobservations.py -> _make_data_request: http://api.nve.no/hydrology/regobs/v1.0.1/Odata.svc/AvalancheActivityObsV/?$filter=DtObsTime gt datetime'2016-01-01' and DtObsTime lt datetime'2016-01-14' and ForecastRegionName eq 'Bardu' and LangKey eq 1&$format=json
10:11: getobservations.py -> _make_data_request: http://api.nve.no/hydrology/regobs/v1.0.1/Odata.svc/AvalancheActivityObsV/?$filter=DtObsTime gt datetime'2016-01-01' and DtObsTime lt datetime'2016-01-14' and ForecastRegionName eq 'Trollheimen' and LangKey eq 1&$format=json
10:11: getobservations.py -> _make_data_request: http://api.nve.no/hydrology/regobs/v1.0.1/Odata.svc/AvalancheActivityObsV/?$filter=DtObsTime gt datetime'2016-01-01' and DtObsTime lt datetime'2016-01-14' and ForecastRegionName eq 'Lofoten' and LangKey eq 1&$format=json
10:11: getobservations.py -> _make_data_request: http://api.nve.no/hydrology/regobs/v1.0.1/Odata.svc/AvalancheActivityObsV/?$filter=DtObsTime gt datetime'2016-01-01' and DtObsTime lt datetime'2016-01-14' and ForecastRegionName eq 'Rauland' and LangKey eq 1&$format=json
10:11: getobservations.py -> _make_data_request: http://api.nve.no/hydrology/regobs/v1.0.1/Odata.svc/AvalancheObsV/?$filter=DtObsTime gt datetime'2016-01-01' and DtObsTime lt datetime'2016-01-14' and ForecastRegionName eq 'Bardu' and LangKey eq 1&$format=json
10:11: getobservations.py -> _make_data_request: http://api.nve.no/hydrology/regobs/v1.0.1/Odata.svc/AvalancheObsV/?$filter=DtObsTime gt datetime'2016-01-01' and DtObsTime lt datetime'2016-01-14' and ForecastRegionName eq 'Trollheimen' and LangKey eq 1&$format=json
10:11: getobservations.py -> _make_data_request: http://api.nve.no/hydrology/regobs/v1.0.1/Odata.svc/AvalancheObsV/?$filter=DtObsTime gt datetime'2016-01-01' and DtObsTime lt datetime'2016-01-14' and ForecastRegionName eq 'Lofoten' and LangKey eq 1&$format=json
10:11: getobservations.py -> _make_data_request: http://api.nve.no/hydrology/regobs/v1.0.1/Odata.svc/AvalancheObsV/?$filter=DtObsTime gt datetime'2016-01-01' and DtObsTime lt datetime'2016-01-14' and ForecastRegionName eq 'Rauland' and LangKey eq 1&$format=json
10:11: getobservations.py -> _make_data_request: http://api.nve.no/hydrology/regobs/v1.0.1/Odata.svc/DangerObsV/?$filter=DtObsTime gt datetime'2016-01-01' and DtObsTime lt datetime'2016-01-14' and ForecastRegionName eq 'Bardu' and LangKey eq 1&$format=json
10:11: getobservations.py -> _make_data_request: http://api.nve.no/hydrology/regobs/v1.0.1/Odata.svc/DangerObsV/?$filter=DtObsTime gt datetime'2016-01-01' and DtObsTime lt datetime'2016-01-14' and ForecastRegionName eq 'Trollheimen' and LangKey eq 1&$format=json
10:11: getobservations.py -> _make_data_request: http://api.nve.no/hydrology/regobs/v1.0.1/Odata.svc/DangerObsV/?$filter=DtObsTime gt datetime'2016-01-01' and DtObsTime lt datetime'2016-01-14' and ForecastRegionName eq 'Lofoten' and LangKey eq 1&$format=json
10:11: getobservations.py -> _make_data_request: http://api.nve.no/hydrology/regobs/v1.0.1/Odata.svc/DangerObsV/?$filter=DtObsTime gt datetime'2016-01-01' and DtObsTime lt datetime'2016-01-14' and ForecastRegionName eq 'Rauland' and LangKey eq 1&$format=json
10:11: getForecastApi -> get_warnings_as_json: Getting AvalancheWarnings for 12 from 2016-01-01 til 2016-01-14
10:11: getForecastApi -> get_warnings_as_json: 14 warnings found for 12.
10:11: getForecastApi -> get_warnings_as_json: Getting AvalancheWarnings for 17 from 2016-01-01 til 2016-01-14
10:11: getForecastApi -> get_warnings_as_json: 14 warnings found for 17.
10:11: getForecastApi -> get_warnings_as_json: Getting AvalancheWarnings for 16 from 2016-01-01 til 2016-01-14
10:11: getForecastApi -> get_warnings_as_json: 14 warnings found for 16.
10:11: getForecastApi -> get_warnings_as_json: Getting AvalancheWarnings for 28 from 2016-01-01 til 2016-01-14
10:11: getForecastApi -> get_warnings_as_json: 14 warnings found for 28.
10:11: getobservations.py -> _make_data_request: http://api.nve.no/hydrology/regobs/v1.0.1/Odata.svc/AvalancheActivityObsV/?$filter=DtObsTime gt datetime'2016-01-01' and DtObsTime lt datetime'2016-01-14' and ForecastRegionName eq 'Bardu' and LangKey eq 1&$format=json
10:11: getobservations.py -> _make_data_request: http://api.nve.no/hydrology/regobs/v1.0.1/Odata.svc/AvalancheActivityObsV/?$filter=DtObsTime gt datetime'2016-01-01' and DtObsTime lt datetime'2016-01-14' and ForecastRegionName eq 'Trollheimen' and LangKey eq 1&$format=json
10:11: getobservations.py -> _make_data_request: http://api.nve.no/hydrology/regobs/v1.0.1/Odata.svc/AvalancheActivityObsV/?$filter=DtObsTime gt datetime'2016-01-01' and DtObsTime lt datetime'2016-01-14' and ForecastRegionName eq 'Lofoten' and LangKey eq 1&$format=json
10:11: getobservations.py -> _make_data_request: http://api.nve.no/hydrology/regobs/v1.0.1/Odata.svc/AvalancheActivityObsV/?$filter=DtObsTime gt datetime'2016-01-01' and DtObsTime lt datetime'2016-01-14' and ForecastRegionName eq 'Rauland' and LangKey eq 1&$format=json
10:11: getobservations.py -> _make_data_request: http://api.nve.no/hydrology/regobs/v1.0.1/Odata.svc/AvalancheObsV/?$filter=DtObsTime gt datetime'2016-01-01' and DtObsTime lt datetime'2016-01-14' and ForecastRegionName eq 'Bardu' and LangKey eq 1&$format=json
10:11: getobservations.py -> _make_data_request: http://api.nve.no/hydrology/regobs/v1.0.1/Odata.svc/AvalancheObsV/?$filter=DtObsTime gt datetime'2016-01-01' and DtObsTime lt datetime'2016-01-14' and ForecastRegionName eq 'Trollheimen' and LangKey eq 1&$format=json
10:11: getobservations.py -> _make_data_request: http://api.nve.no/hydrology/regobs/v1.0.1/Odata.svc/AvalancheObsV/?$filter=DtObsTime gt datetime'2016-01-01' and DtObsTime lt datetime'2016-01-14' and ForecastRegionName eq 'Lofoten' and LangKey eq 1&$format=json
10:11: getobservations.py -> _make_data_request: http://api.nve.no/hydrology/regobs/v1.0.1/Odata.svc/AvalancheObsV/?$filter=DtObsTime gt datetime'2016-01-01' and DtObsTime lt datetime'2016-01-14' and ForecastRegionName eq 'Rauland' and LangKey eq 1&$format=json
10:11: getobservations.py -> _make_data_request: http://api.nve.no/hydrology/regobs/v1.0.1/Odata.svc/DangerObsV/?$filter=DtObsTime gt datetime'2016-01-01' and DtObsTime lt datetime'2016-01-14' and ForecastRegionName eq 'Bardu' and LangKey eq 1&$format=json
10:11: getobservations.py -> _make_data_request: http://api.nve.no/hydrology/regobs/v1.0.1/Odata.svc/DangerObsV/?$filter=DtObsTime gt datetime'2016-01-01' and DtObsTime lt datetime'2016-01-14' and ForecastRegionName eq 'Trollheimen' and LangKey eq 1&$format=json
10:11: getobservations.py -> _make_data_request: http://api.nve.no/hydrology/regobs/v1.0.1/Odata.svc/DangerObsV/?$filter=DtObsTime gt datetime'2016-01-01' and DtObsTime lt datetime'2016-01-14' and ForecastRegionName eq 'Lofoten' and LangKey eq 1&$format=json
10:11: getobservations.py -> _make_data_request: http://api.nve.no/hydrology/regobs/v1.0.1/Odata.svc/DangerObsV/?$filter=DtObsTime gt datetime'2016-01-01' and DtObsTime lt datetime'2016-01-14' and ForecastRegionName eq 'Rauland' and LangKey eq 1&$format=json
10:20: getForecastApi -> get_warnings_as_json: Getting AvalancheWarnings for 12 from 2016-01-01 til 2016-01-14
10:20: getForecastApi -> get_warnings_as_json: 14 warnings found for 12.
10:20: getForecastApi -> get_warnings_as_json: Getting AvalancheWarnings for 17 from 2016-01-01 til 2016-01-14
10:20: getForecastApi -> get_warnings_as_json: 14 warnings found for 17.
10:20: getForecastApi -> get_warnings_as_json: Getting AvalancheWarnings for 16 from 2016-01-01 til 2016-01-14
10:20: getForecastApi -> get_warnings_as_json: 14 warnings found for 16.
10:20: getForecastApi -> get_warnings_as_json: Getting AvalancheWarnings for 28 from 2016-01-01 til 2016-01-14
10:20: getForecastApi -> get_warnings_as_json: 14 warnings found for 28.
10:20: getobservations.py -> _make_data_request: http://api.nve.no/hydrology/regobs/v1.0.1/Odata.svc/AvalancheActivityObsV/?$filter=DtObsTime gt datetime'2016-01-01' and DtObsTime lt datetime'2016-01-14' and ForecastRegionName eq 'Bardu' and LangKey eq 1&$format=json
10:20: getobservations.py -> _make_data_request: http://api.nve.no/hydrology/regobs/v1.0.1/Odata.svc/AvalancheActivityObsV/?$filter=DtObsTime gt datetime'2016-01-01' and DtObsTime lt datetime'2016-01-14' and ForecastRegionName eq 'Trollheimen' and LangKey eq 1&$format=json
10:20: getobservations.py -> _make_data_request: http://api.nve.no/hydrology/regobs/v1.0.1/Odata.svc/AvalancheActivityObsV/?$filter=DtObsTime gt datetime'2016-01-01' and DtObsTime lt datetime'2016-01-14' and ForecastRegionName eq 'Lofoten' and LangKey eq 1&$format=json
10:20: getobservations.py -> _make_data_request: http://api.nve.no/hydrology/regobs/v1.0.1/Odata.svc/AvalancheActivityObsV/?$filter=DtObsTime gt datetime'2016-01-01' and DtObsTime lt datetime'2016-01-14' and ForecastRegionName eq 'Rauland' and LangKey eq 1&$format=json
10:20: getobservations.py -> _make_data_request: http://api.nve.no/hydrology/regobs/v1.0.1/Odata.svc/AvalancheObsV/?$filter=DtObsTime gt datetime'2016-01-01' and DtObsTime lt datetime'2016-01-14' and ForecastRegionName eq 'Bardu' and LangKey eq 1&$format=json
10:20: getobservations.py -> _make_data_request: http://api.nve.no/hydrology/regobs/v1.0.1/Odata.svc/AvalancheObsV/?$filter=DtObsTime gt datetime'2016-01-01' and DtObsTime lt datetime'2016-01-14' and ForecastRegionName eq 'Trollheimen' and LangKey eq 1&$format=json
10:20: getobservations.py -> _make_data_request: http://api.nve.no/hydrology/regobs/v1.0.1/Odata.svc/AvalancheObsV/?$filter=DtObsTime gt datetime'2016-01-01' and DtObsTime lt datetime'2016-01-14' and ForecastRegionName eq 'Lofoten' and LangKey eq 1&$format=json
10:20: getobservations.py -> _make_data_request: http://api.nve.no/hydrology/regobs/v1.0.1/Odata.svc/AvalancheObsV/?$filter=DtObsTime gt datetime'2016-01-01' and DtObsTime lt datetime'2016-01-14' and ForecastRegionName eq 'Rauland' and LangKey eq 1&$format=json
10:20: getobservations.py -> _make_data_request: http://api.nve.no/hydrology/regobs/v1.0.1/Odata.svc/DangerObsV/?$filter=DtObsTime gt datetime'2016-01-01' and DtObsTime lt datetime'2016-01-14' and ForecastRegionName eq 'Bardu' and LangKey eq 1&$format=json
10:20: getobservations.py -> _make_data_request: http://api.nve.no/hydrology/regobs/v1.0.1/Odata.svc/DangerObsV/?$filter=DtObsTime gt datetime'2016-01-01' and DtObsTime lt datetime'2016-01-14' and ForecastRegionName eq 'Trollheimen' and LangKey eq 1&$format=json
10:21: getobservations.py -> _make_data_request: http://api.nve.no/hydrology/regobs/v1.0.1/Odata.svc/DangerObsV/?$filter=DtObsTime gt datetime'2016-01-01' and DtObsTime lt datetime'2016-01-14' and ForecastRegionName eq 'Lofoten' and LangKey eq 1&$format=json
10:21: getobservations.py -> _make_data_request: http://api.nve.no/hydrology/regobs/v1.0.1/Odata.svc/DangerObsV/?$filter=DtObsTime gt datetime'2016-01-01' and DtObsTime lt datetime'2016-01-14' and ForecastRegionName eq 'Rauland' and LangKey eq 1&$format=json
10:24: getForecastApi -> get_warnings_as_json: Getting AvalancheWarnings for 12 from 2016-01-01 til 2016-01-14
10:24: getForecastApi -> get_warnings_as_json: 14 warnings found for 12.
10:24: getForecastApi -> get_warnings_as_json: Getting AvalancheWarnings for 17 from 2016-01-01 til 2016-01-14
10:24: getForecastApi -> get_warnings_as_json: 14 warnings found for 17.
10:24: getForecastApi -> get_warnings_as_json: Getting AvalancheWarnings for 16 from 2016-01-01 til 2016-01-14
10:24: getForecastApi -> get_warnings_as_json: 14 warnings found for 16.
10:24: getForecastApi -> get_warnings_as_json: Getting AvalancheWarnings for 28 from 2016-01-01 til 2016-01-14
10:24: getForecastApi -> get_warnings_as_json: 14 warnings found for 28.
10:24: getobservations.py -> _make_data_request: http://api.nve.no/hydrology/regobs/v1.0.1/Odata.svc/AvalancheActivityObsV/?$filter=DtObsTime gt datetime'2016-01-01' and DtObsTime lt datetime'2016-01-14' and ForecastRegionName eq 'Bardu' and LangKey eq 1&$format=json
10:24: getobservations.py -> _make_data_request: http://api.nve.no/hydrology/regobs/v1.0.1/Odata.svc/AvalancheActivityObsV/?$filter=DtObsTime gt datetime'2016-01-01' and DtObsTime lt datetime'2016-01-14' and ForecastRegionName eq 'Trollheimen' and LangKey eq 1&$format=json
10:24: getobservations.py -> _make_data_request: http://api.nve.no/hydrology/regobs/v1.0.1/Odata.svc/AvalancheActivityObsV/?$filter=DtObsTime gt datetime'2016-01-01' and DtObsTime lt datetime'2016-01-14' and ForecastRegionName eq 'Lofoten' and LangKey eq 1&$format=json
10:24: getobservations.py -> _make_data_request: http://api.nve.no/hydrology/regobs/v1.0.1/Odata.svc/AvalancheActivityObsV/?$filter=DtObsTime gt datetime'2016-01-01' and DtObsTime lt datetime'2016-01-14' and ForecastRegionName eq 'Rauland' and LangKey eq 1&$format=json
10:24: getobservations.py -> _make_data_request: http://api.nve.no/hydrology/regobs/v1.0.1/Odata.svc/AvalancheObsV/?$filter=DtObsTime gt datetime'2016-01-01' and DtObsTime lt datetime'2016-01-14' and ForecastRegionName eq 'Bardu' and LangKey eq 1&$format=json
10:24: getobservations.py -> _make_data_request: http://api.nve.no/hydrology/regobs/v1.0.1/Odata.svc/AvalancheObsV/?$filter=DtObsTime gt datetime'2016-01-01' and DtObsTime lt datetime'2016-01-14' and ForecastRegionName eq 'Trollheimen' and LangKey eq 1&$format=json
10:24: getobservations.py -> _make_data_request: http://api.nve.no/hydrology/regobs/v1.0.1/Odata.svc/AvalancheObsV/?$filter=DtObsTime gt datetime'2016-01-01' and DtObsTime lt datetime'2016-01-14' and ForecastRegionName eq 'Lofoten' and LangKey eq 1&$format=json
10:24: getobservations.py -> _make_data_request: http://api.nve.no/hydrology/regobs/v1.0.1/Odata.svc/AvalancheObsV/?$filter=DtObsTime gt datetime'2016-01-01' and DtObsTime lt datetime'2016-01-14' and ForecastRegionName eq 'Rauland' and LangKey eq 1&$format=json
10:24: getobservations.py -> _make_data_request: http://api.nve.no/hydrology/regobs/v1.0.1/Odata.svc/DangerObsV/?$filter=DtObsTime gt datetime'2016-01-01' and DtObsTime lt datetime'2016-01-14' and ForecastRegionName eq 'Bardu' and LangKey eq 1&$format=json
10:24: getobservations.py -> _make_data_request: http://api.nve.no/hydrology/regobs/v1.0.1/Odata.svc/DangerObsV/?$filter=DtObsTime gt datetime'2016-01-01' and DtObsTime lt datetime'2016-01-14' and ForecastRegionName eq 'Trollheimen' and LangKey eq 1&$format=json
10:24: getobservations.py -> _make_data_request: http://api.nve.no/hydrology/regobs/v1.0.1/Odata.svc/DangerObsV/?$filter=DtObsTime gt datetime'2016-01-01' and DtObsTime lt datetime'2016-01-14' and ForecastRegionName eq 'Lofoten' and LangKey eq 1&$format=json
10:24: getobservations.py -> _make_data_request: http://api.nve.no/hydrology/regobs/v1.0.1/Odata.svc/DangerObsV/?$filter=DtObsTime gt datetime'2016-01-01' and DtObsTime lt datetime'2016-01-14' and ForecastRegionName eq 'Rauland' and LangKey eq 1&$format=json
10:30: getForecastApi -> get_warnings_as_json: Getting AvalancheWarnings for 100 from 2015-11-30 til 2016-06-01
10:30: getForecastApi -> get_warnings_as_json: 185 warnings found for 100.
10:30: getForecastApi -> get_warnings_as_json: Getting AvalancheWarnings for 6 from 2015-11-30 til 2016-06-01
10:30: getForecastApi -> get_warnings_as_json: 185 warnings found for 6.
10:30: getForecastApi -> get_warnings_as_json: Getting AvalancheWarnings for 7 from 2015-11-30 til 2016-06-01
10:30: getForecastApi -> get_warnings_as_json: 185 warnings found for 7.
10:30: getForecastApi -> get_warnings_as_json: Getting AvalancheWarnings for 8 from 2015-11-30 til 2016-06-01
10:31: getForecastApi -> get_warnings_as_json: 185 warnings found for 8.
10:31: getForecastApi -> get_warnings_as_json: Getting AvalancheWarnings for 9 from 2015-11-30 til 2016-06-01
10:31: getForecastApi -> get_warnings_as_json: 185 warnings found for 9.
10:31: getForecastApi -> get_warnings_as_json: Getting AvalancheWarnings for 10 from 2015-11-30 til 2016-06-01
10:31: getForecastApi -> get_warnings_as_json: 185 warnings found for 10.
10:31: getForecastApi -> get_warnings_as_json: Getting AvalancheWarnings for 11 from 2015-11-30 til 2016-06-01
10:31: getForecastApi -> get_warnings_as_json: 185 warnings found for 11.
10:31: getForecastApi -> get_warnings_as_json: Getting AvalancheWarnings for 12 from 2015-11-30 til 2016-06-01
10:31: getForecastApi -> get_warnings_as_json: 185 warnings found for 12.
10:31: getForecastApi -> get_warnings_as_json: Getting AvalancheWarnings for 14 from 2015-11-30 til 2016-06-01
10:31: getForecastApi -> get_warnings_as_json: 185 warnings found for 14.
10:31: getForecastApi -> get_warnings_as_json: Getting AvalancheWarnings for 15 from 2015-11-30 til 2016-06-01
10:32: getForecastApi -> get_warnings_as_json: 185 warnings found for 15.
10:32: getForecastApi -> get_warnings_as_json: Getting AvalancheWarnings for 16 from 2015-11-30 til 2016-06-01
10:32: getForecastApi -> get_warnings_as_json: 185 warnings found for 16.
10:32: getForecastApi -> get_warnings_as_json: Getting AvalancheWarnings for 17 from 2015-11-30 til 2016-06-01
10:32: getForecastApi -> get_warnings_as_json: 185 warnings found for 17.
10:32: getForecastApi -> get_warnings_as_json: Getting AvalancheWarnings for 18 from 2015-11-30 til 2016-06-01
10:32: getForecastApi -> get_warnings_as_json: 185 warnings found for 18.
10:32: getForecastApi -> get_warnings_as_json: Getting AvalancheWarnings for 19 from 2015-11-30 til 2016-06-01
10:32: getForecastApi -> get_warnings_as_json: 185 warnings found for 19.
10:32: getForecastApi -> get_warnings_as_json: Getting AvalancheWarnings for 21 from 2015-11-30 til 2016-06-01
10:32: getForecastApi -> get_warnings_as_json: 185 warnings found for 21.
10:32: getForecastApi -> get_warnings_as_json: Getting AvalancheWarnings for 22 from 2015-11-30 til 2016-06-01
10:32: getForecastApi -> get_warnings_as_json: 185 warnings found for 22.
10:32: getForecastApi -> get_warnings_as_json: Getting AvalancheWarnings for 23 from 2015-11-30 til 2016-06-01
10:32: getForecastApi -> get_warnings_as_json: 185 warnings found for 23.
10:32: getForecastApi -> get_warnings_as_json: Getting AvalancheWarnings for 24 from 2015-11-30 til 2016-06-01
10:33: getForecastApi -> get_warnings_as_json: 185 warnings found for 24.
10:33: getForecastApi -> get_warnings_as_json: Getting AvalancheWarnings for 27 from 2015-11-30 til 2016-06-01
10:33: getForecastApi -> get_warnings_as_json: 185 warnings found for 27.
10:33: getForecastApi -> get_warnings_as_json: Getting AvalancheWarnings for 28 from 2015-11-30 til 2016-06-01
10:33: getForecastApi -> get_warnings_as_json: 185 warnings found for 28.
10:33: getForecastApi -> get_warnings_as_json: Getting AvalancheWarnings for 29 from 2015-11-30 til 2016-06-01
10:33: getForecastApi -> get_warnings_as_json: 185 warnings found for 29.
10:33: getForecastApi -> get_warnings_as_json: Getting AvalancheWarnings for 30 from 2015-11-30 til 2016-06-01
10:33: getForecastApi -> get_warnings_as_json: 185 warnings found for 30.
10:33: getForecastApi -> get_warnings_as_json: Getting AvalancheWarnings for 31 from 2015-11-30 til 2016-06-01
10:33: getForecastApi -> get_warnings_as_json: 185 warnings found for 31.
10:33: getForecastApi -> get_warnings_as_json: Getting AvalancheWarnings for 32 from 2015-11-30 til 2016-06-01
10:33: getForecastApi -> get_warnings_as_json: 185 warnings found for 32.
10:33: getForecastApi -> get_warnings_as_json: Getting AvalancheWarnings for 33 from 2015-11-30 til 2016-06-01
10:34: getForecastApi -> get_warnings_as_json: 185 warnings found for 33.
10:34: getobservations.py -> _make_data_request: http://api.nve.no/hydrology/regobs/v1.0.1/Odata.svc/AvalancheActivityObsV/?$filter=DtObsTime gt datetime'2015-11-30' and DtObsTime lt datetime'2016-06-01' and ForecastRegionName eq 'Varslingsregion ikke gitt' and LangKey eq 1&$format=json
10:34: getobservations.py -> _make_data_request: http://api.nve.no/hydrology/regobs/v1.0.1/Odata.svc/AvalancheActivityObsV/?$filter=DtObsTime gt datetime'2015-11-30' and DtObsTime lt datetime'2016-06-01' and ForecastRegionName eq 'Alta' and LangKey eq 1&$format=json
10:34: getobservations.py -> _make_data_request: http://api.nve.no/hydrology/regobs/v1.0.1/Odata.svc/AvalancheActivityObsV/?$filter=DtObsTime gt datetime'2015-11-30' and DtObsTime lt datetime'2016-06-01' and ForecastRegionName eq 'Kaafjord' and LangKey eq 1&$format=json
10:34: getobservations.py -> _make_data_request: http://api.nve.no/hydrology/regobs/v1.0.1/Odata.svc/AvalancheActivityObsV/?$filter=DtObsTime gt datetime'2015-11-30' and DtObsTime lt datetime'2016-06-01' and ForecastRegionName eq 'Tromsoe' and LangKey eq 1&$format=json
10:34: getobservations.py -> _make_data_request: http://api.nve.no/hydrology/regobs/v1.0.1/Odata.svc/AvalancheActivityObsV/?$filter=DtObsTime gt datetime'2015-11-30' and DtObsTime lt datetime'2016-06-01' and ForecastRegionName eq 'Balsfjord' and LangKey eq 1&$format=json
10:34: getobservations.py -> _make_data_request: http://api.nve.no/hydrology/regobs/v1.0.1/Odata.svc/AvalancheActivityObsV/?$filter=DtObsTime gt datetime'2015-11-30' and DtObsTime lt datetime'2016-06-01' and ForecastRegionName eq 'Senja' and LangKey eq 1&$format=json
10:34: getobservations.py -> _make_data_request: http://api.nve.no/hydrology/regobs/v1.0.1/Odata.svc/AvalancheActivityObsV/?$filter=DtObsTime gt datetime'2015-11-30' and DtObsTime lt datetime'2016-06-01' and ForecastRegionName eq 'Lyngsalpan' and LangKey eq 1&$format=json
10:34: getobservations.py -> _make_data_request: http://api.nve.no/hydrology/regobs/v1.0.1/Odata.svc/AvalancheActivityObsV/?$filter=DtObsTime gt datetime'2015-11-30' and DtObsTime lt datetime'2016-06-01' and ForecastRegionName eq 'Bardu' and LangKey eq 1&$format=json
10:34: getobservations.py -> _make_data_request: http://api.nve.no/hydrology/regobs/v1.0.1/Odata.svc/AvalancheActivityObsV/?$filter=DtObsTime gt datetime'2015-11-30' and DtObsTime lt datetime'2016-06-01' and ForecastRegionName eq 'Narvik' and LangKey eq 1&$format=json
10:34: getobservations.py -> _make_data_request: http://api.nve.no/hydrology/regobs/v1.0.1/Odata.svc/AvalancheActivityObsV/?$filter=DtObsTime gt datetime'2015-11-30' and DtObsTime lt datetime'2016-06-01' and ForecastRegionName eq 'Vesteraalen' and LangKey eq 1&$format=json
10:34: getobservations.py -> _make_data_request: http://api.nve.no/hydrology/regobs/v1.0.1/Odata.svc/AvalancheActivityObsV/?$filter=DtObsTime gt datetime'2015-11-30' and DtObsTime lt datetime'2016-06-01' and ForecastRegionName eq 'Lofoten' and LangKey eq 1&$format=json
10:34: getobservations.py -> _make_data_request: http://api.nve.no/hydrology/regobs/v1.0.1/Odata.svc/AvalancheActivityObsV/?$filter=DtObsTime gt datetime'2015-11-30' and DtObsTime lt datetime'2016-06-01' and ForecastRegionName eq 'Trollheimen' and LangKey eq 1&$format=json
10:34: getobservations.py -> _make_data_request: http://api.nve.no/hydrology/regobs/v1.0.1/Odata.svc/AvalancheActivityObsV/?$filter=DtObsTime gt datetime'2015-11-30' and DtObsTime lt datetime'2016-06-01' and ForecastRegionName eq 'Romsdal' and LangKey eq 1&$format=json
10:34: getobservations.py -> _make_data_request: http://api.nve.no/hydrology/regobs/v1.0.1/Odata.svc/AvalancheActivityObsV/?$filter=DtObsTime gt datetime'2015-11-30' and DtObsTime lt datetime'2016-06-01' and ForecastRegionName eq 'Sunnmoere' and LangKey eq 1&$format=json
10:34: getobservations.py -> _make_data_request: http://api.nve.no/hydrology/regobs/v1.0.1/Odata.svc/AvalancheActivityObsV/?$filter=DtObsTime gt datetime'2015-11-30' and DtObsTime lt datetime'2016-06-01' and ForecastRegionName eq 'Fjordane' and LangKey eq 1&$format=json
10:34: getobservations.py -> _make_data_request: http://api.nve.no/hydrology/regobs/v1.0.1/Odata.svc/AvalancheActivityObsV/?$filter=DtObsTime gt datetime'2015-11-30' and DtObsTime lt datetime'2016-06-01' and ForecastRegionName eq 'Sogn' and LangKey eq 1&$format=json
10:34: getobservations.py -> _make_data_request: http://api.nve.no/hydrology/regobs/v1.0.1/Odata.svc/AvalancheActivityObsV/?$filter=DtObsTime gt datetime'2015-11-30' and DtObsTime lt datetime'2016-06-01' and ForecastRegionName eq 'Jotunheimen' and LangKey eq 1&$format=json
10:34: getobservations.py -> _make_data_request: http://api.nve.no/hydrology/regobs/v1.0.1/Odata.svc/AvalancheActivityObsV/?$filter=DtObsTime gt datetime'2015-11-30' and DtObsTime lt datetime'2016-06-01' and ForecastRegionName eq 'Voss' and LangKey eq 1&$format=json
10:34: getobservations.py -> _make_data_request: http://api.nve.no/hydrology/regobs/v1.0.1/Odata.svc/AvalancheActivityObsV/?$filter=DtObsTime gt datetime'2015-11-30' and DtObsTime lt datetime'2016-06-01' and ForecastRegionName eq 'Roeldal' and LangKey eq 1&$format=json
10:34: getobservations.py -> _make_data_request: http://api.nve.no/hydrology/regobs/v1.0.1/Odata.svc/AvalancheActivityObsV/?$filter=DtObsTime gt datetime'2015-11-30' and DtObsTime lt datetime'2016-06-01' and ForecastRegionName eq 'Rauland' and LangKey eq 1&$format=json
10:34: getobservations.py -> _make_data_request: http://api.nve.no/hydrology/regobs/v1.0.1/Odata.svc/AvalancheActivityObsV/?$filter=DtObsTime gt datetime'2015-11-30' and DtObsTime lt datetime'2016-06-01' and ForecastRegionName eq 'Tamokdalen' and LangKey eq 1&$format=json
10:34: getobservations.py -> _make_data_request: http://api.nve.no/hydrology/regobs/v1.0.1/Odata.svc/AvalancheActivityObsV/?$filter=DtObsTime gt datetime'2015-11-30' and DtObsTime lt datetime'2016-06-01' and ForecastRegionName eq 'Nordenskioldland' and LangKey eq 1&$format=json
10:34: getobservations.py -> _make_data_request: http://api.nve.no/hydrology/regobs/v1.0.1/Odata.svc/AvalancheActivityObsV/?$filter=DtObsTime gt datetime'2015-11-30' and DtObsTime lt datetime'2016-06-01' and ForecastRegionName eq 'Svartisen' and LangKey eq 1&$format=json
10:34: getobservations.py -> _make_data_request: http://api.nve.no/hydrology/regobs/v1.0.1/Odata.svc/AvalancheActivityObsV/?$filter=DtObsTime gt datetime'2015-11-30' and DtObsTime lt datetime'2016-06-01' and ForecastRegionName eq 'Hallingdal' and LangKey eq 1&$format=json
10:34: getobservations.py -> _make_data_request: http://api.nve.no/hydrology/regobs/v1.0.1/Odata.svc/AvalancheActivityObsV/?$filter=DtObsTime gt datetime'2015-11-30' and DtObsTime lt datetime'2016-06-01' and ForecastRegionName eq 'Salten' and LangKey eq 1&$format=json
10:34: getobservations.py -> _make_data_request: http://api.nve.no/hydrology/regobs/v1.0.1/Odata.svc/AvalancheObsV/?$filter=DtObsTime gt datetime'2015-11-30' and DtObsTime lt datetime'2016-06-01' and ForecastRegionName eq 'Varslingsregion ikke gitt' and LangKey eq 1&$format=json
10:34: getobservations.py -> _make_data_request: http://api.nve.no/hydrology/regobs/v1.0.1/Odata.svc/AvalancheObsV/?$filter=DtObsTime gt datetime'2015-11-30' and DtObsTime lt datetime'2016-06-01' and ForecastRegionName eq 'Alta' and LangKey eq 1&$format=json
10:34: getobservations.py -> _make_data_request: http://api.nve.no/hydrology/regobs/v1.0.1/Odata.svc/AvalancheObsV/?$filter=DtObsTime gt datetime'2015-11-30' and DtObsTime lt datetime'2016-06-01' and ForecastRegionName eq 'Kaafjord' and LangKey eq 1&$format=json
10:34: getobservations.py -> _make_data_request: http://api.nve.no/hydrology/regobs/v1.0.1/Odata.svc/AvalancheObsV/?$filter=DtObsTime gt datetime'2015-11-30' and DtObsTime lt datetime'2016-06-01' and ForecastRegionName eq 'Tromsoe' and LangKey eq 1&$format=json
10:34: getobservations.py -> _make_data_request: http://api.nve.no/hydrology/regobs/v1.0.1/Odata.svc/AvalancheObsV/?$filter=DtObsTime gt datetime'2015-11-30' and DtObsTime lt datetime'2016-06-01' and ForecastRegionName eq 'Balsfjord' and LangKey eq 1&$format=json
10:34: getobservations.py -> _make_data_request: http://api.nve.no/hydrology/regobs/v1.0.1/Odata.svc/AvalancheObsV/?$filter=DtObsTime gt datetime'2015-11-30' and DtObsTime lt datetime'2016-06-01' and ForecastRegionName eq 'Senja' and LangKey eq 1&$format=json
10:34: getobservations.py -> _make_data_request: http://api.nve.no/hydrology/regobs/v1.0.1/Odata.svc/AvalancheObsV/?$filter=DtObsTime gt datetime'2015-11-30' and DtObsTime lt datetime'2016-06-01' and ForecastRegionName eq 'Lyngsalpan' and LangKey eq 1&$format=json
10:34: getobservations.py -> _make_data_request: http://api.nve.no/hydrology/regobs/v1.0.1/Odata.svc/AvalancheObsV/?$filter=DtObsTime gt datetime'2015-11-30' and DtObsTime lt datetime'2016-06-01' and ForecastRegionName eq 'Bardu' and LangKey eq 1&$format=json
10:34: getobservations.py -> _make_data_request: http://api.nve.no/hydrology/regobs/v1.0.1/Odata.svc/AvalancheObsV/?$filter=DtObsTime gt datetime'2015-11-30' and DtObsTime lt datetime'2016-06-01' and ForecastRegionName eq 'Narvik' and LangKey eq 1&$format=json
10:34: getobservations.py -> _make_data_request: http://api.nve.no/hydrology/regobs/v1.0.1/Odata.svc/AvalancheObsV/?$filter=DtObsTime gt datetime'2015-11-30' and DtObsTime lt datetime'2016-06-01' and ForecastRegionName eq 'Vesteraalen' and LangKey eq 1&$format=json
10:34: getobservations.py -> _make_data_request: http://api.nve.no/hydrology/regobs/v1.0.1/Odata.svc/AvalancheObsV/?$filter=DtObsTime gt datetime'2015-11-30' and DtObsTime lt datetime'2016-06-01' and ForecastRegionName eq 'Lofoten' and LangKey eq 1&$format=json
10:34: getobservations.py -> _make_data_request: http://api.nve.no/hydrology/regobs/v1.0.1/Odata.svc/AvalancheObsV/?$filter=DtObsTime gt datetime'2015-11-30' and DtObsTime lt datetime'2016-06-01' and ForecastRegionName eq 'Trollheimen' and LangKey eq 1&$format=json
10:34: getobservations.py -> _make_data_request: http://api.nve.no/hydrology/regobs/v1.0.1/Odata.svc/AvalancheObsV/?$filter=DtObsTime gt datetime'2015-11-30' and DtObsTime lt datetime'2016-06-01' and ForecastRegionName eq 'Romsdal' and LangKey eq 1&$format=json
10:34: getobservations.py -> _make_data_request: http://api.nve.no/hydrology/regobs/v1.0.1/Odata.svc/AvalancheObsV/?$filter=DtObsTime gt datetime'2015-11-30' and DtObsTime lt datetime'2016-06-01' and ForecastRegionName eq 'Sunnmoere' and LangKey eq 1&$format=json
10:34: getobservations.py -> _make_data_request: http://api.nve.no/hydrology/regobs/v1.0.1/Odata.svc/AvalancheObsV/?$filter=DtObsTime gt datetime'2015-11-30' and DtObsTime lt datetime'2016-06-01' and ForecastRegionName eq 'Fjordane' and LangKey eq 1&$format=json
10:34: getobservations.py -> _make_data_request: http://api.nve.no/hydrology/regobs/v1.0.1/Odata.svc/AvalancheObsV/?$filter=DtObsTime gt datetime'2015-11-30' and DtObsTime lt datetime'2016-06-01' and ForecastRegionName eq 'Sogn' and LangKey eq 1&$format=json
10:34: getobservations.py -> _make_data_request: http://api.nve.no/hydrology/regobs/v1.0.1/Odata.svc/AvalancheObsV/?$filter=DtObsTime gt datetime'2015-11-30' and DtObsTime lt datetime'2016-06-01' and ForecastRegionName eq 'Jotunheimen' and LangKey eq 1&$format=json
10:34: getobservations.py -> _make_data_request: http://api.nve.no/hydrology/regobs/v1.0.1/Odata.svc/AvalancheObsV/?$filter=DtObsTime gt datetime'2015-11-30' and DtObsTime lt datetime'2016-06-01' and ForecastRegionName eq 'Voss' and LangKey eq 1&$format=json
10:34: getobservations.py -> _make_data_request: http://api.nve.no/hydrology/regobs/v1.0.1/Odata.svc/AvalancheObsV/?$filter=DtObsTime gt datetime'2015-11-30' and DtObsTime lt datetime'2016-06-01' and ForecastRegionName eq 'Roeldal' and LangKey eq 1&$format=json
10:34: getobservations.py -> _make_data_request: http://api.nve.no/hydrology/regobs/v1.0.1/Odata.svc/AvalancheObsV/?$filter=DtObsTime gt datetime'2015-11-30' and DtObsTime lt datetime'2016-06-01' and ForecastRegionName eq 'Rauland' and LangKey eq 1&$format=json
10:34: getobservations.py -> _make_data_request: http://api.nve.no/hydrology/regobs/v1.0.1/Odata.svc/AvalancheObsV/?$filter=DtObsTime gt datetime'2015-11-30' and DtObsTime lt datetime'2016-06-01' and ForecastRegionName eq 'Tamokdalen' and LangKey eq 1&$format=json
10:34: getobservations.py -> _make_data_request: http://api.nve.no/hydrology/regobs/v1.0.1/Odata.svc/AvalancheObsV/?$filter=DtObsTime gt datetime'2015-11-30' and DtObsTime lt datetime'2016-06-01' and ForecastRegionName eq 'Nordenskioldland' and LangKey eq 1&$format=json
10:34: getobservations.py -> _make_data_request: http://api.nve.no/hydrology/regobs/v1.0.1/Odata.svc/AvalancheObsV/?$filter=DtObsTime gt datetime'2015-11-30' and DtObsTime lt datetime'2016-06-01' and ForecastRegionName eq 'Svartisen' and LangKey eq 1&$format=json
10:34: getobservations.py -> _make_data_request: http://api.nve.no/hydrology/regobs/v1.0.1/Odata.svc/AvalancheObsV/?$filter=DtObsTime gt datetime'2015-11-30' and DtObsTime lt datetime'2016-06-01' and ForecastRegionName eq 'Hallingdal' and LangKey eq 1&$format=json
10:34: getobservations.py -> _make_data_request: http://api.nve.no/hydrology/regobs/v1.0.1/Odata.svc/AvalancheObsV/?$filter=DtObsTime gt datetime'2015-11-30' and DtObsTime lt datetime'2016-06-01' and ForecastRegionName eq 'Salten' and LangKey eq 1&$format=json
10:34: getobservations.py -> _make_data_request: http://api.nve.no/hydrology/regobs/v1.0.1/Odata.svc/DangerObsV/?$filter=DtObsTime gt datetime'2015-11-30' and DtObsTime lt datetime'2016-06-01' and ForecastRegionName eq 'Varslingsregion ikke gitt' and LangKey eq 1&$format=json
10:34: getobservations.py -> _make_data_request: http://api.nve.no/hydrology/regobs/v1.0.1/Odata.svc/DangerObsV/?$filter=DtObsTime gt datetime'2015-11-30' and DtObsTime lt datetime'2016-06-01' and ForecastRegionName eq 'Alta' and LangKey eq 1&$format=json
10:34: getobservations.py -> _make_data_request: http://api.nve.no/hydrology/regobs/v1.0.1/Odata.svc/DangerObsV/?$filter=DtObsTime gt datetime'2015-11-30' and DtObsTime lt datetime'2016-06-01' and ForecastRegionName eq 'Kaafjord' and LangKey eq 1&$format=json
10:34: getobservations.py -> _make_data_request: http://api.nve.no/hydrology/regobs/v1.0.1/Odata.svc/DangerObsV/?$filter=DtObsTime gt datetime'2015-11-30' and DtObsTime lt datetime'2016-06-01' and ForecastRegionName eq 'Tromsoe' and LangKey eq 1&$format=json
10:34: getobservations.py -> _make_data_request: http://api.nve.no/hydrology/regobs/v1.0.1/Odata.svc/DangerObsV/?$filter=DtObsTime gt datetime'2015-11-30' and DtObsTime lt datetime'2016-06-01' and ForecastRegionName eq 'Balsfjord' and LangKey eq 1&$format=json
10:34: getobservations.py -> _make_data_request: http://api.nve.no/hydrology/regobs/v1.0.1/Odata.svc/DangerObsV/?$filter=DtObsTime gt datetime'2015-11-30' and DtObsTime lt datetime'2016-06-01' and ForecastRegionName eq 'Senja' and LangKey eq 1&$format=json
10:34: getobservations.py -> _make_data_request: http://api.nve.no/hydrology/regobs/v1.0.1/Odata.svc/DangerObsV/?$filter=DtObsTime gt datetime'2015-11-30' and DtObsTime lt datetime'2016-06-01' and ForecastRegionName eq 'Lyngsalpan' and LangKey eq 1&$format=json
10:34: getobservations.py -> _make_data_request: http://api.nve.no/hydrology/regobs/v1.0.1/Odata.svc/DangerObsV/?$filter=DtObsTime gt datetime'2015-11-30' and DtObsTime lt datetime'2016-06-01' and ForecastRegionName eq 'Bardu' and LangKey eq 1&$format=json
10:34: getobservations.py -> _make_data_request: http://api.nve.no/hydrology/regobs/v1.0.1/Odata.svc/DangerObsV/?$filter=DtObsTime gt datetime'2015-11-30' and DtObsTime lt datetime'2016-06-01' and ForecastRegionName eq 'Narvik' and LangKey eq 1&$format=json
10:34: getobservations.py -> _make_data_request: http://api.nve.no/hydrology/regobs/v1.0.1/Odata.svc/DangerObsV/?$filter=DtObsTime gt datetime'2015-11-30' and DtObsTime lt datetime'2016-06-01' and ForecastRegionName eq 'Vesteraalen' and LangKey eq 1&$format=json
10:34: getobservations.py -> _make_data_request: http://api.nve.no/hydrology/regobs/v1.0.1/Odata.svc/DangerObsV/?$filter=DtObsTime gt datetime'2015-11-30' and DtObsTime lt datetime'2016-06-01' and ForecastRegionName eq 'Lofoten' and LangKey eq 1&$format=json
10:34: getobservations.py -> _make_data_request: http://api.nve.no/hydrology/regobs/v1.0.1/Odata.svc/DangerObsV/?$filter=DtObsTime gt datetime'2015-11-30' and DtObsTime lt datetime'2016-06-01' and ForecastRegionName eq 'Trollheimen' and LangKey eq 1&$format=json
10:34: getobservations.py -> _make_data_request: http://api.nve.no/hydrology/regobs/v1.0.1/Odata.svc/DangerObsV/?$filter=DtObsTime gt datetime'2015-11-30' and DtObsTime lt datetime'2016-06-01' and ForecastRegionName eq 'Romsdal' and LangKey eq 1&$format=json
10:34: getobservations.py -> _make_data_request: http://api.nve.no/hydrology/regobs/v1.0.1/Odata.svc/DangerObsV/?$filter=DtObsTime gt datetime'2015-11-30' and DtObsTime lt datetime'2016-06-01' and ForecastRegionName eq 'Sunnmoere' and LangKey eq 1&$format=json
10:34: getobservations.py -> _make_data_request: http://api.nve.no/hydrology/regobs/v1.0.1/Odata.svc/DangerObsV/?$filter=DtObsTime gt datetime'2015-11-30' and DtObsTime lt datetime'2016-06-01' and ForecastRegionName eq 'Fjordane' and LangKey eq 1&$format=json
10:34: getobservations.py -> _make_data_request: http://api.nve.no/hydrology/regobs/v1.0.1/Odata.svc/DangerObsV/?$filter=DtObsTime gt datetime'2015-11-30' and DtObsTime lt datetime'2016-06-01' and ForecastRegionName eq 'Sogn' and LangKey eq 1&$format=json
10:34: getobservations.py -> _make_data_request: http://api.nve.no/hydrology/regobs/v1.0.1/Odata.svc/DangerObsV/?$filter=DtObsTime gt datetime'2015-11-30' and DtObsTime lt datetime'2016-06-01' and ForecastRegionName eq 'Jotunheimen' and LangKey eq 1&$format=json
10:34: getobservations.py -> _make_data_request: http://api.nve.no/hydrology/regobs/v1.0.1/Odata.svc/DangerObsV/?$filter=DtObsTime gt datetime'2015-11-30' and DtObsTime lt datetime'2016-06-01' and ForecastRegionName eq 'Voss' and LangKey eq 1&$format=json
10:34: getobservations.py -> _make_data_request: http://api.nve.no/hydrology/regobs/v1.0.1/Odata.svc/DangerObsV/?$filter=DtObsTime gt datetime'2015-11-30' and DtObsTime lt datetime'2016-06-01' and ForecastRegionName eq 'Roeldal' and LangKey eq 1&$format=json
10:34: getobservations.py -> _make_data_request: http://api.nve.no/hydrology/regobs/v1.0.1/Odata.svc/DangerObsV/?$filter=DtObsTime gt datetime'2015-11-30' and DtObsTime lt datetime'2016-06-01' and ForecastRegionName eq 'Rauland' and LangKey eq 1&$format=json
10:34: getobservations.py -> _make_data_request: http://api.nve.no/hydrology/regobs/v1.0.1/Odata.svc/DangerObsV/?$filter=DtObsTime gt datetime'2015-11-30' and DtObsTime lt datetime'2016-06-01' and ForecastRegionName eq 'Tamokdalen' and LangKey eq 1&$format=json
10:34: getobservations.py -> _make_data_request: http://api.nve.no/hydrology/regobs/v1.0.1/Odata.svc/DangerObsV/?$filter=DtObsTime gt datetime'2015-11-30' and DtObsTime lt datetime'2016-06-01' and ForecastRegionName eq 'Nordenskioldland' and LangKey eq 1&$format=json
10:34: getobservations.py -> _make_data_request: http://api.nve.no/hydrology/regobs/v1.0.1/Odata.svc/DangerObsV/?$filter=DtObsTime gt datetime'2015-11-30' and DtObsTime lt datetime'2016-06-01' and ForecastRegionName eq 'Svartisen' and LangKey eq 1&$format=json
10:34: getobservations.py -> _make_data_request: http://api.nve.no/hydrology/regobs/v1.0.1/Odata.svc/DangerObsV/?$filter=DtObsTime gt datetime'2015-11-30' and DtObsTime lt datetime'2016-06-01' and ForecastRegionName eq 'Hallingdal' and LangKey eq 1&$format=json
10:34: getobservations.py -> _make_data_request: http://api.nve.no/hydrology/regobs/v1.0.1/Odata.svc/DangerObsV/?$filter=DtObsTime gt datetime'2015-11-30' and DtObsTime lt datetime'2016-06-01' and ForecastRegionName eq 'Salten' and LangKey eq 1&$format=json
