08:36: getForecastApi -> get_warnings_as_json: Getting AvalancheWarnings for 6 from 2015-11-15 til 2016-05-24
08:36: getForecastApi -> get_warnings_as_json: 192 warnings found for 6.
08:36: getForecastApi -> get_warnings_as_json: Getting AvalancheWarnings for 6 from 2015-11-15 til 2016-05-24
08:37: getForecastApi -> get_warnings_as_json: 192 warnings found for 6.
08:40: getForecastApi -> get_warnings_as_json: Getting AvalancheWarnings for 6 from 2015-11-15 til 2016-05-24
08:40: getForecastApi -> get_warnings_as_json: 192 warnings found for 6.
08:40: getForecastApi -> get_warnings_as_json: Getting AvalancheWarnings for 6 from 2015-11-15 til 2016-05-24
08:40: getForecastApi -> get_warnings_as_json: 192 warnings found for 6.
08:40: getobservations.py -> _make_data_request: http://api.nve.no/hydrology/regobs/v1.0.1/Odata.svc/AvalancheActivityObsV/?$filter=DtObsTime gt datetime'2016-05-24' and DtObsTime lt datetime'2015-11-15' and ForecastRegionName eq 'Alta' and LangKey eq 1&$format=json
08:40: getobservations.py -> _make_data_request: http://api.nve.no/hydrology/regobs/v1.0.1/Odata.svc/AvalancheActivityObs2V/?$filter=DtObsTime gt datetime'2016-05-24' and DtObsTime lt datetime'2015-11-15' and ForecastRegionName eq 'Alta' and LangKey eq 1&$format=json
08:40: getobservations.py -> _make_data_request: http://api.nve.no/hydrology/regobs/v1.0.1/Odata.svc/AvalancheObsV/?$filter=DtObsTime gt datetime'2016-05-24' and DtObsTime lt datetime'2015-11-15' and ForecastRegionName eq 'Alta' and LangKey eq 1&$format=json
08:40: getobservations.py -> _make_data_request: http://api.nve.no/hydrology/regobs/v1.0.1/Odata.svc/DangerObsV/?$filter=DtObsTime gt datetime'2016-05-24' and DtObsTime lt datetime'2015-11-15' and ForecastRegionName eq 'Alta' and LangKey eq 1&$format=json
08:41: getForecastApi -> get_warnings_as_json: Getting AvalancheWarnings for 7 from 2015-11-15 til 2016-05-24
08:41: getForecastApi -> get_warnings_as_json: 192 warnings found for 7.
08:41: getForecastApi -> get_warnings_as_json: Getting AvalancheWarnings for 7 from 2015-11-15 til 2016-05-24
08:41: getForecastApi -> get_warnings_as_json: 192 warnings found for 7.
08:41: getobservations.py -> _make_data_request: http://api.nve.no/hydrology/regobs/v1.0.1/Odata.svc/AvalancheActivityObsV/?$filter=DtObsTime gt datetime'2016-05-24' and DtObsTime lt datetime'2015-11-15' and ForecastRegionName eq 'Kaafjord' and LangKey eq 1&$format=json
08:41: getobservations.py -> _make_data_request: http://api.nve.no/hydrology/regobs/v1.0.1/Odata.svc/AvalancheActivityObs2V/?$filter=DtObsTime gt datetime'2016-05-24' and DtObsTime lt datetime'2015-11-15' and ForecastRegionName eq 'Kaafjord' and LangKey eq 1&$format=json
08:41: getobservations.py -> _make_data_request: http://api.nve.no/hydrology/regobs/v1.0.1/Odata.svc/AvalancheObsV/?$filter=DtObsTime gt datetime'2016-05-24' and DtObsTime lt datetime'2015-11-15' and ForecastRegionName eq 'Kaafjord' and LangKey eq 1&$format=json
08:41: getobservations.py -> _make_data_request: http://api.nve.no/hydrology/regobs/v1.0.1/Odata.svc/DangerObsV/?$filter=DtObsTime gt datetime'2016-05-24' and DtObsTime lt datetime'2015-11-15' and ForecastRegionName eq 'Kaafjord' and LangKey eq 1&$format=json
08:43: getForecastApi -> get_warnings_as_json: Getting AvalancheWarnings for 6 from 2015-11-15 til 2016-05-24
08:43: getForecastApi -> get_warnings_as_json: 192 warnings found for 6.
08:43: getForecastApi -> get_warnings_as_json: Getting AvalancheWarnings for 6 from 2015-11-15 til 2016-05-24
08:44: getForecastApi -> get_warnings_as_json: 192 warnings found for 6.
08:44: getobservations.py -> _make_data_request: http://api.nve.no/hydrology/regobs/v1.0.1/Odata.svc/AvalancheActivityObsV/?$filter=DtObsTime gt datetime'2016-05-24' and DtObsTime lt datetime'2015-11-15' and ForecastRegionName eq 'Alta' and LangKey eq 1&$format=json
08:44: getobservations.py -> _make_data_request: http://api.nve.no/hydrology/regobs/v1.0.1/Odata.svc/AvalancheActivityObs2V/?$filter=DtObsTime gt datetime'2016-05-24' and DtObsTime lt datetime'2015-11-15' and ForecastRegionName eq 'Alta' and LangKey eq 1&$format=json
08:44: getobservations.py -> _make_data_request: http://api.nve.no/hydrology/regobs/v1.0.1/Odata.svc/AvalancheObsV/?$filter=DtObsTime gt datetime'2016-05-24' and DtObsTime lt datetime'2015-11-15' and ForecastRegionName eq 'Alta' and LangKey eq 1&$format=json
08:44: getobservations.py -> _make_data_request: http://api.nve.no/hydrology/regobs/v1.0.1/Odata.svc/DangerObsV/?$filter=DtObsTime gt datetime'2016-05-24' and DtObsTime lt datetime'2015-11-15' and ForecastRegionName eq 'Alta' and LangKey eq 1&$format=json
08:45: getForecastApi -> get_warnings_as_json: Getting AvalancheWarnings for 6 from 2015-11-15 til 2016-05-24
08:45: getForecastApi -> get_warnings_as_json: 192 warnings found for 6.
08:45: getForecastApi -> get_warnings_as_json: Getting AvalancheWarnings for 6 from 2015-11-15 til 2016-05-24
08:45: getForecastApi -> get_warnings_as_json: 192 warnings found for 6.
08:45: getobservations.py -> _make_data_request: http://api.nve.no/hydrology/regobs/v1.0.1/Odata.svc/AvalancheActivityObsV/?$filter=DtObsTime gt datetime'2015-11-15' and DtObsTime lt datetime'2016-05-24' and ForecastRegionName eq 'Alta' and LangKey eq 1&$format=json
08:45: getobservations.py -> _make_data_request: http://api.nve.no/hydrology/regobs/v1.0.1/Odata.svc/AvalancheActivityObs2V/?$filter=DtObsTime gt datetime'2015-11-15' and DtObsTime lt datetime'2016-05-24' and ForecastRegionName eq 'Alta' and LangKey eq 1&$format=json
08:45: getobservations.py -> _make_data_request: http://api.nve.no/hydrology/regobs/v1.0.1/Odata.svc/AvalancheObsV/?$filter=DtObsTime gt datetime'2015-11-15' and DtObsTime lt datetime'2016-05-24' and ForecastRegionName eq 'Alta' and LangKey eq 1&$format=json
08:45: getobservations.py -> _make_data_request: http://api.nve.no/hydrology/regobs/v1.0.1/Odata.svc/DangerObsV/?$filter=DtObsTime gt datetime'2015-11-15' and DtObsTime lt datetime'2016-05-24' and ForecastRegionName eq 'Alta' and LangKey eq 1&$format=json
08:46: getForecastApi -> get_warnings_as_json: Getting AvalancheWarnings for 7 from 2015-11-15 til 2016-05-24
08:46: getForecastApi -> get_warnings_as_json: 192 warnings found for 7.
08:46: getForecastApi -> get_warnings_as_json: Getting AvalancheWarnings for 7 from 2015-11-15 til 2016-05-24
08:46: getForecastApi -> get_warnings_as_json: 192 warnings found for 7.
08:46: getobservations.py -> _make_data_request: http://api.nve.no/hydrology/regobs/v1.0.1/Odata.svc/AvalancheActivityObsV/?$filter=DtObsTime gt datetime'2015-11-15' and DtObsTime lt datetime'2016-05-24' and ForecastRegionName eq 'Kaafjord' and LangKey eq 1&$format=json
08:46: getobservations.py -> _make_data_request: http://api.nve.no/hydrology/regobs/v1.0.1/Odata.svc/AvalancheActivityObs2V/?$filter=DtObsTime gt datetime'2015-11-15' and DtObsTime lt datetime'2016-05-24' and ForecastRegionName eq 'Kaafjord' and LangKey eq 1&$format=json
08:46: getobservations.py -> _make_data_request: http://api.nve.no/hydrology/regobs/v1.0.1/Odata.svc/AvalancheObsV/?$filter=DtObsTime gt datetime'2015-11-15' and DtObsTime lt datetime'2016-05-24' and ForecastRegionName eq 'Kaafjord' and LangKey eq 1&$format=json
08:47: getobservations.py -> _make_data_request: http://api.nve.no/hydrology/regobs/v1.0.1/Odata.svc/DangerObsV/?$filter=DtObsTime gt datetime'2015-11-15' and DtObsTime lt datetime'2016-05-24' and ForecastRegionName eq 'Kaafjord' and LangKey eq 1&$format=json
08:47: getForecastApi -> get_warnings_as_json: Getting AvalancheWarnings for 8 from 2015-11-15 til 2016-05-24
08:47: getForecastApi -> get_warnings_as_json: 192 warnings found for 8.
08:47: getForecastApi -> get_warnings_as_json: Getting AvalancheWarnings for 8 from 2015-11-15 til 2016-05-24
08:48: getForecastApi -> get_warnings_as_json: 192 warnings found for 8.
08:48: getobservations.py -> _make_data_request: http://api.nve.no/hydrology/regobs/v1.0.1/Odata.svc/AvalancheActivityObsV/?$filter=DtObsTime gt datetime'2015-11-15' and DtObsTime lt datetime'2016-05-24' and ForecastRegionName eq 'Tromsoe' and LangKey eq 1&$format=json
08:48: getobservations.py -> _make_data_request: http://api.nve.no/hydrology/regobs/v1.0.1/Odata.svc/AvalancheActivityObs2V/?$filter=DtObsTime gt datetime'2015-11-15' and DtObsTime lt datetime'2016-05-24' and ForecastRegionName eq 'Tromsoe' and LangKey eq 1&$format=json
08:48: getobservations.py -> _make_data_request: http://api.nve.no/hydrology/regobs/v1.0.1/Odata.svc/AvalancheObsV/?$filter=DtObsTime gt datetime'2015-11-15' and DtObsTime lt datetime'2016-05-24' and ForecastRegionName eq 'Tromsoe' and LangKey eq 1&$format=json
08:48: getobservations.py -> _make_data_request: http://api.nve.no/hydrology/regobs/v1.0.1/Odata.svc/DangerObsV/?$filter=DtObsTime gt datetime'2015-11-15' and DtObsTime lt datetime'2016-05-24' and ForecastRegionName eq 'Tromsoe' and LangKey eq 1&$format=json
08:49: getForecastApi -> get_warnings_as_json: Getting AvalancheWarnings for 9 from 2015-11-15 til 2016-05-24
08:49: getForecastApi -> get_warnings_as_json: 192 warnings found for 9.
08:49: getForecastApi -> get_warnings_as_json: Getting AvalancheWarnings for 9 from 2015-11-15 til 2016-05-24
08:49: getForecastApi -> get_warnings_as_json: 192 warnings found for 9.
08:49: getobservations.py -> _make_data_request: http://api.nve.no/hydrology/regobs/v1.0.1/Odata.svc/AvalancheActivityObsV/?$filter=DtObsTime gt datetime'2015-11-15' and DtObsTime lt datetime'2016-05-24' and ForecastRegionName eq 'Balsfjord' and LangKey eq 1&$format=json
08:49: getobservations.py -> _make_data_request: http://api.nve.no/hydrology/regobs/v1.0.1/Odata.svc/AvalancheActivityObs2V/?$filter=DtObsTime gt datetime'2015-11-15' and DtObsTime lt datetime'2016-05-24' and ForecastRegionName eq 'Balsfjord' and LangKey eq 1&$format=json
08:49: getobservations.py -> _make_data_request: http://api.nve.no/hydrology/regobs/v1.0.1/Odata.svc/AvalancheObsV/?$filter=DtObsTime gt datetime'2015-11-15' and DtObsTime lt datetime'2016-05-24' and ForecastRegionName eq 'Balsfjord' and LangKey eq 1&$format=json
08:49: getobservations.py -> _make_data_request: http://api.nve.no/hydrology/regobs/v1.0.1/Odata.svc/DangerObsV/?$filter=DtObsTime gt datetime'2015-11-15' and DtObsTime lt datetime'2016-05-24' and ForecastRegionName eq 'Balsfjord' and LangKey eq 1&$format=json
08:50: getForecastApi -> get_warnings_as_json: Getting AvalancheWarnings for 10 from 2015-11-15 til 2016-05-24
08:50: getForecastApi -> get_warnings_as_json: 192 warnings found for 10.
08:50: getForecastApi -> get_warnings_as_json: Getting AvalancheWarnings for 10 from 2015-11-15 til 2016-05-24
08:50: getForecastApi -> get_warnings_as_json: 192 warnings found for 10.
08:50: getobservations.py -> _make_data_request: http://api.nve.no/hydrology/regobs/v1.0.1/Odata.svc/AvalancheActivityObsV/?$filter=DtObsTime gt datetime'2015-11-15' and DtObsTime lt datetime'2016-05-24' and ForecastRegionName eq 'Senja' and LangKey eq 1&$format=json
08:50: getobservations.py -> _make_data_request: http://api.nve.no/hydrology/regobs/v1.0.1/Odata.svc/AvalancheActivityObs2V/?$filter=DtObsTime gt datetime'2015-11-15' and DtObsTime lt datetime'2016-05-24' and ForecastRegionName eq 'Senja' and LangKey eq 1&$format=json
08:50: getobservations.py -> _make_data_request: http://api.nve.no/hydrology/regobs/v1.0.1/Odata.svc/AvalancheObsV/?$filter=DtObsTime gt datetime'2015-11-15' and DtObsTime lt datetime'2016-05-24' and ForecastRegionName eq 'Senja' and LangKey eq 1&$format=json
08:50: getobservations.py -> _make_data_request: http://api.nve.no/hydrology/regobs/v1.0.1/Odata.svc/DangerObsV/?$filter=DtObsTime gt datetime'2015-11-15' and DtObsTime lt datetime'2016-05-24' and ForecastRegionName eq 'Senja' and LangKey eq 1&$format=json
08:51: getForecastApi -> get_warnings_as_json: Getting AvalancheWarnings for 11 from 2015-11-15 til 2016-05-24
08:51: getForecastApi -> get_warnings_as_json: 192 warnings found for 11.
08:51: getForecastApi -> get_warnings_as_json: Getting AvalancheWarnings for 11 from 2015-11-15 til 2016-05-24
08:51: getForecastApi -> get_warnings_as_json: 192 warnings found for 11.
08:51: getobservations.py -> _make_data_request: http://api.nve.no/hydrology/regobs/v1.0.1/Odata.svc/AvalancheActivityObsV/?$filter=DtObsTime gt datetime'2015-11-15' and DtObsTime lt datetime'2016-05-24' and ForecastRegionName eq 'Lyngsalpan' and LangKey eq 1&$format=json
08:51: getobservations.py -> _make_data_request: http://api.nve.no/hydrology/regobs/v1.0.1/Odata.svc/AvalancheActivityObs2V/?$filter=DtObsTime gt datetime'2015-11-15' and DtObsTime lt datetime'2016-05-24' and ForecastRegionName eq 'Lyngsalpan' and LangKey eq 1&$format=json
08:51: getobservations.py -> _make_data_request: http://api.nve.no/hydrology/regobs/v1.0.1/Odata.svc/AvalancheObsV/?$filter=DtObsTime gt datetime'2015-11-15' and DtObsTime lt datetime'2016-05-24' and ForecastRegionName eq 'Lyngsalpan' and LangKey eq 1&$format=json
08:51: getobservations.py -> _make_data_request: http://api.nve.no/hydrology/regobs/v1.0.1/Odata.svc/DangerObsV/?$filter=DtObsTime gt datetime'2015-11-15' and DtObsTime lt datetime'2016-05-24' and ForecastRegionName eq 'Lyngsalpan' and LangKey eq 1&$format=json
08:52: getForecastApi -> get_warnings_as_json: Getting AvalancheWarnings for 12 from 2015-11-15 til 2016-05-24
08:52: getForecastApi -> get_warnings_as_json: 192 warnings found for 12.
08:52: getForecastApi -> get_warnings_as_json: Getting AvalancheWarnings for 12 from 2015-11-15 til 2016-05-24
08:53: getForecastApi -> get_warnings_as_json: 192 warnings found for 12.
08:53: getobservations.py -> _make_data_request: http://api.nve.no/hydrology/regobs/v1.0.1/Odata.svc/AvalancheActivityObsV/?$filter=DtObsTime gt datetime'2015-11-15' and DtObsTime lt datetime'2016-05-24' and ForecastRegionName eq 'Bardu' and LangKey eq 1&$format=json
08:53: getobservations.py -> _make_data_request: http://api.nve.no/hydrology/regobs/v1.0.1/Odata.svc/AvalancheActivityObs2V/?$filter=DtObsTime gt datetime'2015-11-15' and DtObsTime lt datetime'2016-05-24' and ForecastRegionName eq 'Bardu' and LangKey eq 1&$format=json
08:53: getobservations.py -> _make_data_request: http://api.nve.no/hydrology/regobs/v1.0.1/Odata.svc/AvalancheObsV/?$filter=DtObsTime gt datetime'2015-11-15' and DtObsTime lt datetime'2016-05-24' and ForecastRegionName eq 'Bardu' and LangKey eq 1&$format=json
08:53: getobservations.py -> _make_data_request: http://api.nve.no/hydrology/regobs/v1.0.1/Odata.svc/DangerObsV/?$filter=DtObsTime gt datetime'2015-11-15' and DtObsTime lt datetime'2016-05-24' and ForecastRegionName eq 'Bardu' and LangKey eq 1&$format=json
08:53: getForecastApi -> get_warnings_as_json: Getting AvalancheWarnings for 14 from 2015-11-15 til 2016-05-24
08:53: getForecastApi -> get_warnings_as_json: 192 warnings found for 14.
08:54: getForecastApi -> get_warnings_as_json: Getting AvalancheWarnings for 14 from 2015-11-15 til 2016-05-24
08:54: getForecastApi -> get_warnings_as_json: 192 warnings found for 14.
08:54: getobservations.py -> _make_data_request: http://api.nve.no/hydrology/regobs/v1.0.1/Odata.svc/AvalancheActivityObsV/?$filter=DtObsTime gt datetime'2015-11-15' and DtObsTime lt datetime'2016-05-24' and ForecastRegionName eq 'Narvik' and LangKey eq 1&$format=json
08:54: getobservations.py -> _make_data_request: http://api.nve.no/hydrology/regobs/v1.0.1/Odata.svc/AvalancheActivityObs2V/?$filter=DtObsTime gt datetime'2015-11-15' and DtObsTime lt datetime'2016-05-24' and ForecastRegionName eq 'Narvik' and LangKey eq 1&$format=json
08:54: getobservations.py -> _make_data_request: http://api.nve.no/hydrology/regobs/v1.0.1/Odata.svc/AvalancheObsV/?$filter=DtObsTime gt datetime'2015-11-15' and DtObsTime lt datetime'2016-05-24' and ForecastRegionName eq 'Narvik' and LangKey eq 1&$format=json
08:54: getobservations.py -> _make_data_request: http://api.nve.no/hydrology/regobs/v1.0.1/Odata.svc/DangerObsV/?$filter=DtObsTime gt datetime'2015-11-15' and DtObsTime lt datetime'2016-05-24' and ForecastRegionName eq 'Narvik' and LangKey eq 1&$format=json
08:54: getForecastApi -> get_warnings_as_json: Getting AvalancheWarnings for 15 from 2015-11-15 til 2016-05-24
08:55: getForecastApi -> get_warnings_as_json: 192 warnings found for 15.
08:55: getForecastApi -> get_warnings_as_json: Getting AvalancheWarnings for 15 from 2015-11-15 til 2016-05-24
08:55: getForecastApi -> get_warnings_as_json: 192 warnings found for 15.
08:55: getobservations.py -> _make_data_request: http://api.nve.no/hydrology/regobs/v1.0.1/Odata.svc/AvalancheActivityObsV/?$filter=DtObsTime gt datetime'2015-11-15' and DtObsTime lt datetime'2016-05-24' and ForecastRegionName eq 'Vesteraalen' and LangKey eq 1&$format=json
08:55: getobservations.py -> _make_data_request: http://api.nve.no/hydrology/regobs/v1.0.1/Odata.svc/AvalancheActivityObs2V/?$filter=DtObsTime gt datetime'2015-11-15' and DtObsTime lt datetime'2016-05-24' and ForecastRegionName eq 'Vesteraalen' and LangKey eq 1&$format=json
08:55: getobservations.py -> _make_data_request: http://api.nve.no/hydrology/regobs/v1.0.1/Odata.svc/AvalancheObsV/?$filter=DtObsTime gt datetime'2015-11-15' and DtObsTime lt datetime'2016-05-24' and ForecastRegionName eq 'Vesteraalen' and LangKey eq 1&$format=json
08:55: getobservations.py -> _make_data_request: http://api.nve.no/hydrology/regobs/v1.0.1/Odata.svc/DangerObsV/?$filter=DtObsTime gt datetime'2015-11-15' and DtObsTime lt datetime'2016-05-24' and ForecastRegionName eq 'Vesteraalen' and LangKey eq 1&$format=json
08:56: getForecastApi -> get_warnings_as_json: Getting AvalancheWarnings for 16 from 2015-11-15 til 2016-05-24
08:56: getForecastApi -> get_warnings_as_json: 192 warnings found for 16.
08:56: getForecastApi -> get_warnings_as_json: Getting AvalancheWarnings for 16 from 2015-11-15 til 2016-05-24
08:56: getForecastApi -> get_warnings_as_json: 192 warnings found for 16.
08:56: getobservations.py -> _make_data_request: http://api.nve.no/hydrology/regobs/v1.0.1/Odata.svc/AvalancheActivityObsV/?$filter=DtObsTime gt datetime'2015-11-15' and DtObsTime lt datetime'2016-05-24' and ForecastRegionName eq 'Lofoten' and LangKey eq 1&$format=json
08:56: getobservations.py -> _make_data_request: http://api.nve.no/hydrology/regobs/v1.0.1/Odata.svc/AvalancheActivityObs2V/?$filter=DtObsTime gt datetime'2015-11-15' and DtObsTime lt datetime'2016-05-24' and ForecastRegionName eq 'Lofoten' and LangKey eq 1&$format=json
08:56: getobservations.py -> _make_data_request: http://api.nve.no/hydrology/regobs/v1.0.1/Odata.svc/AvalancheObsV/?$filter=DtObsTime gt datetime'2015-11-15' and DtObsTime lt datetime'2016-05-24' and ForecastRegionName eq 'Lofoten' and LangKey eq 1&$format=json
08:56: getobservations.py -> _make_data_request: http://api.nve.no/hydrology/regobs/v1.0.1/Odata.svc/DangerObsV/?$filter=DtObsTime gt datetime'2015-11-15' and DtObsTime lt datetime'2016-05-24' and ForecastRegionName eq 'Lofoten' and LangKey eq 1&$format=json
08:57: getForecastApi -> get_warnings_as_json: Getting AvalancheWarnings for 17 from 2015-11-15 til 2016-05-24
08:57: getForecastApi -> get_warnings_as_json: 192 warnings found for 17.
08:57: getForecastApi -> get_warnings_as_json: Getting AvalancheWarnings for 17 from 2015-11-15 til 2016-05-24
08:57: getForecastApi -> get_warnings_as_json: 192 warnings found for 17.
08:57: getobservations.py -> _make_data_request: http://api.nve.no/hydrology/regobs/v1.0.1/Odata.svc/AvalancheActivityObsV/?$filter=DtObsTime gt datetime'2015-11-15' and DtObsTime lt datetime'2016-05-24' and ForecastRegionName eq 'Trollheimen' and LangKey eq 1&$format=json
08:57: getobservations.py -> _make_data_request: http://api.nve.no/hydrology/regobs/v1.0.1/Odata.svc/AvalancheActivityObs2V/?$filter=DtObsTime gt datetime'2015-11-15' and DtObsTime lt datetime'2016-05-24' and ForecastRegionName eq 'Trollheimen' and LangKey eq 1&$format=json
08:57: getobservations.py -> _make_data_request: http://api.nve.no/hydrology/regobs/v1.0.1/Odata.svc/AvalancheObsV/?$filter=DtObsTime gt datetime'2015-11-15' and DtObsTime lt datetime'2016-05-24' and ForecastRegionName eq 'Trollheimen' and LangKey eq 1&$format=json
08:57: getobservations.py -> _make_data_request: http://api.nve.no/hydrology/regobs/v1.0.1/Odata.svc/DangerObsV/?$filter=DtObsTime gt datetime'2015-11-15' and DtObsTime lt datetime'2016-05-24' and ForecastRegionName eq 'Trollheimen' and LangKey eq 1&$format=json
08:58: getForecastApi -> get_warnings_as_json: Getting AvalancheWarnings for 18 from 2015-11-15 til 2016-05-24
08:58: getForecastApi -> get_warnings_as_json: 192 warnings found for 18.
08:58: getForecastApi -> get_warnings_as_json: Getting AvalancheWarnings for 18 from 2015-11-15 til 2016-05-24
08:58: getForecastApi -> get_warnings_as_json: 192 warnings found for 18.
08:58: getobservations.py -> _make_data_request: http://api.nve.no/hydrology/regobs/v1.0.1/Odata.svc/AvalancheActivityObsV/?$filter=DtObsTime gt datetime'2015-11-15' and DtObsTime lt datetime'2016-05-24' and ForecastRegionName eq 'Romsdal' and LangKey eq 1&$format=json
08:58: getobservations.py -> _make_data_request: http://api.nve.no/hydrology/regobs/v1.0.1/Odata.svc/AvalancheActivityObs2V/?$filter=DtObsTime gt datetime'2015-11-15' and DtObsTime lt datetime'2016-05-24' and ForecastRegionName eq 'Romsdal' and LangKey eq 1&$format=json
08:58: getobservations.py -> _make_data_request: http://api.nve.no/hydrology/regobs/v1.0.1/Odata.svc/AvalancheObsV/?$filter=DtObsTime gt datetime'2015-11-15' and DtObsTime lt datetime'2016-05-24' and ForecastRegionName eq 'Romsdal' and LangKey eq 1&$format=json
08:58: getobservations.py -> _make_data_request: http://api.nve.no/hydrology/regobs/v1.0.1/Odata.svc/DangerObsV/?$filter=DtObsTime gt datetime'2015-11-15' and DtObsTime lt datetime'2016-05-24' and ForecastRegionName eq 'Romsdal' and LangKey eq 1&$format=json
08:59: getForecastApi -> get_warnings_as_json: Getting AvalancheWarnings for 19 from 2015-11-15 til 2016-05-24
08:59: getForecastApi -> get_warnings_as_json: 192 warnings found for 19.
08:59: getForecastApi -> get_warnings_as_json: Getting AvalancheWarnings for 19 from 2015-11-15 til 2016-05-24
09:00: getForecastApi -> get_warnings_as_json: 192 warnings found for 19.
09:00: getobservations.py -> _make_data_request: http://api.nve.no/hydrology/regobs/v1.0.1/Odata.svc/AvalancheActivityObsV/?$filter=DtObsTime gt datetime'2015-11-15' and DtObsTime lt datetime'2016-05-24' and ForecastRegionName eq 'Sunnmoere' and LangKey eq 1&$format=json
09:00: getobservations.py -> _make_data_request: http://api.nve.no/hydrology/regobs/v1.0.1/Odata.svc/AvalancheActivityObs2V/?$filter=DtObsTime gt datetime'2015-11-15' and DtObsTime lt datetime'2016-05-24' and ForecastRegionName eq 'Sunnmoere' and LangKey eq 1&$format=json
09:00: getobservations.py -> _make_data_request: http://api.nve.no/hydrology/regobs/v1.0.1/Odata.svc/AvalancheObsV/?$filter=DtObsTime gt datetime'2015-11-15' and DtObsTime lt datetime'2016-05-24' and ForecastRegionName eq 'Sunnmoere' and LangKey eq 1&$format=json
09:00: getobservations.py -> _make_data_request: http://api.nve.no/hydrology/regobs/v1.0.1/Odata.svc/DangerObsV/?$filter=DtObsTime gt datetime'2015-11-15' and DtObsTime lt datetime'2016-05-24' and ForecastRegionName eq 'Sunnmoere' and LangKey eq 1&$format=json
09:00: getForecastApi -> get_warnings_as_json: Getting AvalancheWarnings for 21 from 2015-11-15 til 2016-05-24
09:01: getForecastApi -> get_warnings_as_json: 192 warnings found for 21.
09:01: getForecastApi -> get_warnings_as_json: Getting AvalancheWarnings for 21 from 2015-11-15 til 2016-05-24
09:01: getForecastApi -> get_warnings_as_json: 192 warnings found for 21.
09:01: getobservations.py -> _make_data_request: http://api.nve.no/hydrology/regobs/v1.0.1/Odata.svc/AvalancheActivityObsV/?$filter=DtObsTime gt datetime'2015-11-15' and DtObsTime lt datetime'2016-05-24' and ForecastRegionName eq 'Fjordane' and LangKey eq 1&$format=json
09:01: getobservations.py -> _make_data_request: http://api.nve.no/hydrology/regobs/v1.0.1/Odata.svc/AvalancheActivityObs2V/?$filter=DtObsTime gt datetime'2015-11-15' and DtObsTime lt datetime'2016-05-24' and ForecastRegionName eq 'Fjordane' and LangKey eq 1&$format=json
09:01: getobservations.py -> _make_data_request: http://api.nve.no/hydrology/regobs/v1.0.1/Odata.svc/AvalancheObsV/?$filter=DtObsTime gt datetime'2015-11-15' and DtObsTime lt datetime'2016-05-24' and ForecastRegionName eq 'Fjordane' and LangKey eq 1&$format=json
09:01: getobservations.py -> _make_data_request: http://api.nve.no/hydrology/regobs/v1.0.1/Odata.svc/DangerObsV/?$filter=DtObsTime gt datetime'2015-11-15' and DtObsTime lt datetime'2016-05-24' and ForecastRegionName eq 'Fjordane' and LangKey eq 1&$format=json
09:02: getForecastApi -> get_warnings_as_json: Getting AvalancheWarnings for 22 from 2015-11-15 til 2016-05-24
09:02: getForecastApi -> get_warnings_as_json: 192 warnings found for 22.
09:02: getForecastApi -> get_warnings_as_json: Getting AvalancheWarnings for 22 from 2015-11-15 til 2016-05-24
09:02: getForecastApi -> get_warnings_as_json: 192 warnings found for 22.
09:02: getobservations.py -> _make_data_request: http://api.nve.no/hydrology/regobs/v1.0.1/Odata.svc/AvalancheActivityObsV/?$filter=DtObsTime gt datetime'2015-11-15' and DtObsTime lt datetime'2016-05-24' and ForecastRegionName eq 'Sogn' and LangKey eq 1&$format=json
09:02: getobservations.py -> _make_data_request: http://api.nve.no/hydrology/regobs/v1.0.1/Odata.svc/AvalancheActivityObs2V/?$filter=DtObsTime gt datetime'2015-11-15' and DtObsTime lt datetime'2016-05-24' and ForecastRegionName eq 'Sogn' and LangKey eq 1&$format=json
09:02: getobservations.py -> _make_data_request: http://api.nve.no/hydrology/regobs/v1.0.1/Odata.svc/AvalancheObsV/?$filter=DtObsTime gt datetime'2015-11-15' and DtObsTime lt datetime'2016-05-24' and ForecastRegionName eq 'Sogn' and LangKey eq 1&$format=json
09:02: getobservations.py -> _make_data_request: http://api.nve.no/hydrology/regobs/v1.0.1/Odata.svc/DangerObsV/?$filter=DtObsTime gt datetime'2015-11-15' and DtObsTime lt datetime'2016-05-24' and ForecastRegionName eq 'Sogn' and LangKey eq 1&$format=json
09:03: getForecastApi -> get_warnings_as_json: Getting AvalancheWarnings for 23 from 2015-11-15 til 2016-05-24
09:03: getForecastApi -> get_warnings_as_json: 192 warnings found for 23.
09:03: getForecastApi -> get_warnings_as_json: Getting AvalancheWarnings for 23 from 2015-11-15 til 2016-05-24
09:03: getForecastApi -> get_warnings_as_json: 192 warnings found for 23.
09:04: getobservations.py -> _make_data_request: http://api.nve.no/hydrology/regobs/v1.0.1/Odata.svc/AvalancheActivityObsV/?$filter=DtObsTime gt datetime'2015-11-15' and DtObsTime lt datetime'2016-05-24' and ForecastRegionName eq 'Jotunheimen' and LangKey eq 1&$format=json
09:04: getobservations.py -> _make_data_request: http://api.nve.no/hydrology/regobs/v1.0.1/Odata.svc/AvalancheActivityObs2V/?$filter=DtObsTime gt datetime'2015-11-15' and DtObsTime lt datetime'2016-05-24' and ForecastRegionName eq 'Jotunheimen' and LangKey eq 1&$format=json
09:04: getobservations.py -> _make_data_request: http://api.nve.no/hydrology/regobs/v1.0.1/Odata.svc/AvalancheObsV/?$filter=DtObsTime gt datetime'2015-11-15' and DtObsTime lt datetime'2016-05-24' and ForecastRegionName eq 'Jotunheimen' and LangKey eq 1&$format=json
09:04: getobservations.py -> _make_data_request: http://api.nve.no/hydrology/regobs/v1.0.1/Odata.svc/DangerObsV/?$filter=DtObsTime gt datetime'2015-11-15' and DtObsTime lt datetime'2016-05-24' and ForecastRegionName eq 'Jotunheimen' and LangKey eq 1&$format=json
09:04: getForecastApi -> get_warnings_as_json: Getting AvalancheWarnings for 24 from 2015-11-15 til 2016-05-24
09:04: getForecastApi -> get_warnings_as_json: 192 warnings found for 24.
09:05: getForecastApi -> get_warnings_as_json: Getting AvalancheWarnings for 24 from 2015-11-15 til 2016-05-24
09:05: getForecastApi -> get_warnings_as_json: 192 warnings found for 24.
09:05: getobservations.py -> _make_data_request: http://api.nve.no/hydrology/regobs/v1.0.1/Odata.svc/AvalancheActivityObsV/?$filter=DtObsTime gt datetime'2015-11-15' and DtObsTime lt datetime'2016-05-24' and ForecastRegionName eq 'Voss' and LangKey eq 1&$format=json
09:05: getobservations.py -> _make_data_request: http://api.nve.no/hydrology/regobs/v1.0.1/Odata.svc/AvalancheActivityObs2V/?$filter=DtObsTime gt datetime'2015-11-15' and DtObsTime lt datetime'2016-05-24' and ForecastRegionName eq 'Voss' and LangKey eq 1&$format=json
09:05: getobservations.py -> _make_data_request: http://api.nve.no/hydrology/regobs/v1.0.1/Odata.svc/AvalancheObsV/?$filter=DtObsTime gt datetime'2015-11-15' and DtObsTime lt datetime'2016-05-24' and ForecastRegionName eq 'Voss' and LangKey eq 1&$format=json
09:05: getobservations.py -> _make_data_request: http://api.nve.no/hydrology/regobs/v1.0.1/Odata.svc/DangerObsV/?$filter=DtObsTime gt datetime'2015-11-15' and DtObsTime lt datetime'2016-05-24' and ForecastRegionName eq 'Voss' and LangKey eq 1&$format=json
09:06: getForecastApi -> get_warnings_as_json: Getting AvalancheWarnings for 27 from 2015-11-15 til 2016-05-24
09:06: getForecastApi -> get_warnings_as_json: 192 warnings found for 27.
09:06: getForecastApi -> get_warnings_as_json: Getting AvalancheWarnings for 27 from 2015-11-15 til 2016-05-24
09:06: getForecastApi -> get_warnings_as_json: 192 warnings found for 27.
09:06: getobservations.py -> _make_data_request: http://api.nve.no/hydrology/regobs/v1.0.1/Odata.svc/AvalancheActivityObsV/?$filter=DtObsTime gt datetime'2015-11-15' and DtObsTime lt datetime'2016-05-24' and ForecastRegionName eq 'Roeldal' and LangKey eq 1&$format=json
09:06: getobservations.py -> _make_data_request: http://api.nve.no/hydrology/regobs/v1.0.1/Odata.svc/AvalancheActivityObs2V/?$filter=DtObsTime gt datetime'2015-11-15' and DtObsTime lt datetime'2016-05-24' and ForecastRegionName eq 'Roeldal' and LangKey eq 1&$format=json
09:06: getobservations.py -> _make_data_request: http://api.nve.no/hydrology/regobs/v1.0.1/Odata.svc/AvalancheObsV/?$filter=DtObsTime gt datetime'2015-11-15' and DtObsTime lt datetime'2016-05-24' and ForecastRegionName eq 'Roeldal' and LangKey eq 1&$format=json
09:06: getobservations.py -> _make_data_request: http://api.nve.no/hydrology/regobs/v1.0.1/Odata.svc/DangerObsV/?$filter=DtObsTime gt datetime'2015-11-15' and DtObsTime lt datetime'2016-05-24' and ForecastRegionName eq 'Roeldal' and LangKey eq 1&$format=json
09:07: getForecastApi -> get_warnings_as_json: Getting AvalancheWarnings for 28 from 2015-11-15 til 2016-05-24
09:07: getForecastApi -> get_warnings_as_json: 192 warnings found for 28.
09:07: getForecastApi -> get_warnings_as_json: Getting AvalancheWarnings for 28 from 2015-11-15 til 2016-05-24
09:07: getForecastApi -> get_warnings_as_json: 192 warnings found for 28.
09:07: getobservations.py -> _make_data_request: http://api.nve.no/hydrology/regobs/v1.0.1/Odata.svc/AvalancheActivityObsV/?$filter=DtObsTime gt datetime'2015-11-15' and DtObsTime lt datetime'2016-05-24' and ForecastRegionName eq 'Rauland' and LangKey eq 1&$format=json
09:07: getobservations.py -> _make_data_request: http://api.nve.no/hydrology/regobs/v1.0.1/Odata.svc/AvalancheActivityObs2V/?$filter=DtObsTime gt datetime'2015-11-15' and DtObsTime lt datetime'2016-05-24' and ForecastRegionName eq 'Rauland' and LangKey eq 1&$format=json
09:07: getobservations.py -> _make_data_request: http://api.nve.no/hydrology/regobs/v1.0.1/Odata.svc/AvalancheObsV/?$filter=DtObsTime gt datetime'2015-11-15' and DtObsTime lt datetime'2016-05-24' and ForecastRegionName eq 'Rauland' and LangKey eq 1&$format=json
09:07: getobservations.py -> _make_data_request: http://api.nve.no/hydrology/regobs/v1.0.1/Odata.svc/DangerObsV/?$filter=DtObsTime gt datetime'2015-11-15' and DtObsTime lt datetime'2016-05-24' and ForecastRegionName eq 'Rauland' and LangKey eq 1&$format=json
09:08: getForecastApi -> get_warnings_as_json: Getting AvalancheWarnings for 29 from 2015-11-15 til 2016-05-24
09:08: getForecastApi -> get_warnings_as_json: 192 warnings found for 29.
09:08: getForecastApi -> get_warnings_as_json: Getting AvalancheWarnings for 29 from 2015-11-15 til 2016-05-24
09:08: getForecastApi -> get_warnings_as_json: 192 warnings found for 29.
09:08: getobservations.py -> _make_data_request: http://api.nve.no/hydrology/regobs/v1.0.1/Odata.svc/AvalancheActivityObsV/?$filter=DtObsTime gt datetime'2015-11-15' and DtObsTime lt datetime'2016-05-24' and ForecastRegionName eq 'Tamokdalen' and LangKey eq 1&$format=json
09:08: getobservations.py -> _make_data_request: http://api.nve.no/hydrology/regobs/v1.0.1/Odata.svc/AvalancheActivityObs2V/?$filter=DtObsTime gt datetime'2015-11-15' and DtObsTime lt datetime'2016-05-24' and ForecastRegionName eq 'Tamokdalen' and LangKey eq 1&$format=json
09:08: getobservations.py -> _make_data_request: http://api.nve.no/hydrology/regobs/v1.0.1/Odata.svc/AvalancheObsV/?$filter=DtObsTime gt datetime'2015-11-15' and DtObsTime lt datetime'2016-05-24' and ForecastRegionName eq 'Tamokdalen' and LangKey eq 1&$format=json
09:08: getobservations.py -> _make_data_request: http://api.nve.no/hydrology/regobs/v1.0.1/Odata.svc/DangerObsV/?$filter=DtObsTime gt datetime'2015-11-15' and DtObsTime lt datetime'2016-05-24' and ForecastRegionName eq 'Tamokdalen' and LangKey eq 1&$format=json
09:09: getForecastApi -> get_warnings_as_json: Getting AvalancheWarnings for 30 from 2015-11-15 til 2016-05-24
09:09: getForecastApi -> get_warnings_as_json: 192 warnings found for 30.
09:09: getForecastApi -> get_warnings_as_json: Getting AvalancheWarnings for 30 from 2015-11-15 til 2016-05-24
09:09: getForecastApi -> get_warnings_as_json: 192 warnings found for 30.
09:09: getobservations.py -> _make_data_request: http://api.nve.no/hydrology/regobs/v1.0.1/Odata.svc/AvalancheActivityObsV/?$filter=DtObsTime gt datetime'2015-11-15' and DtObsTime lt datetime'2016-05-24' and ForecastRegionName eq 'Nordenskioldland' and LangKey eq 1&$format=json
09:09: getobservations.py -> _make_data_request: http://api.nve.no/hydrology/regobs/v1.0.1/Odata.svc/AvalancheActivityObs2V/?$filter=DtObsTime gt datetime'2015-11-15' and DtObsTime lt datetime'2016-05-24' and ForecastRegionName eq 'Nordenskioldland' and LangKey eq 1&$format=json
09:09: getobservations.py -> _make_data_request: http://api.nve.no/hydrology/regobs/v1.0.1/Odata.svc/AvalancheObsV/?$filter=DtObsTime gt datetime'2015-11-15' and DtObsTime lt datetime'2016-05-24' and ForecastRegionName eq 'Nordenskioldland' and LangKey eq 1&$format=json
09:09: getobservations.py -> _make_data_request: http://api.nve.no/hydrology/regobs/v1.0.1/Odata.svc/DangerObsV/?$filter=DtObsTime gt datetime'2015-11-15' and DtObsTime lt datetime'2016-05-24' and ForecastRegionName eq 'Nordenskioldland' and LangKey eq 1&$format=json
09:10: getForecastApi -> get_warnings_as_json: Getting AvalancheWarnings for 31 from 2015-11-15 til 2016-05-24
09:10: getForecastApi -> get_warnings_as_json: 192 warnings found for 31.
09:10: getForecastApi -> get_warnings_as_json: Getting AvalancheWarnings for 31 from 2015-11-15 til 2016-05-24
09:11: getForecastApi -> get_warnings_as_json: 192 warnings found for 31.
09:11: getobservations.py -> _make_data_request: http://api.nve.no/hydrology/regobs/v1.0.1/Odata.svc/AvalancheActivityObsV/?$filter=DtObsTime gt datetime'2015-11-15' and DtObsTime lt datetime'2016-05-24' and ForecastRegionName eq 'Svartisen' and LangKey eq 1&$format=json
09:11: getobservations.py -> _make_data_request: http://api.nve.no/hydrology/regobs/v1.0.1/Odata.svc/AvalancheActivityObs2V/?$filter=DtObsTime gt datetime'2015-11-15' and DtObsTime lt datetime'2016-05-24' and ForecastRegionName eq 'Svartisen' and LangKey eq 1&$format=json
09:11: getobservations.py -> _make_data_request: http://api.nve.no/hydrology/regobs/v1.0.1/Odata.svc/AvalancheObsV/?$filter=DtObsTime gt datetime'2015-11-15' and DtObsTime lt datetime'2016-05-24' and ForecastRegionName eq 'Svartisen' and LangKey eq 1&$format=json
09:11: getobservations.py -> _make_data_request: http://api.nve.no/hydrology/regobs/v1.0.1/Odata.svc/DangerObsV/?$filter=DtObsTime gt datetime'2015-11-15' and DtObsTime lt datetime'2016-05-24' and ForecastRegionName eq 'Svartisen' and LangKey eq 1&$format=json
09:11: getForecastApi -> get_warnings_as_json: Getting AvalancheWarnings for 32 from 2015-11-15 til 2016-05-24
09:11: getForecastApi -> get_warnings_as_json: 192 warnings found for 32.
09:12: getForecastApi -> get_warnings_as_json: Getting AvalancheWarnings for 32 from 2015-11-15 til 2016-05-24
09:12: getForecastApi -> get_warnings_as_json: 192 warnings found for 32.
09:12: getobservations.py -> _make_data_request: http://api.nve.no/hydrology/regobs/v1.0.1/Odata.svc/AvalancheActivityObsV/?$filter=DtObsTime gt datetime'2015-11-15' and DtObsTime lt datetime'2016-05-24' and ForecastRegionName eq 'Hallingdal' and LangKey eq 1&$format=json
09:12: getobservations.py -> _make_data_request: http://api.nve.no/hydrology/regobs/v1.0.1/Odata.svc/AvalancheActivityObs2V/?$filter=DtObsTime gt datetime'2015-11-15' and DtObsTime lt datetime'2016-05-24' and ForecastRegionName eq 'Hallingdal' and LangKey eq 1&$format=json
09:12: getobservations.py -> _make_data_request: http://api.nve.no/hydrology/regobs/v1.0.1/Odata.svc/AvalancheObsV/?$filter=DtObsTime gt datetime'2015-11-15' and DtObsTime lt datetime'2016-05-24' and ForecastRegionName eq 'Hallingdal' and LangKey eq 1&$format=json
09:12: getobservations.py -> _make_data_request: http://api.nve.no/hydrology/regobs/v1.0.1/Odata.svc/DangerObsV/?$filter=DtObsTime gt datetime'2015-11-15' and DtObsTime lt datetime'2016-05-24' and ForecastRegionName eq 'Hallingdal' and LangKey eq 1&$format=json
09:13: getForecastApi -> get_warnings_as_json: Getting AvalancheWarnings for 33 from 2015-11-15 til 2016-05-24
09:13: getForecastApi -> get_warnings_as_json: 192 warnings found for 33.
09:13: getForecastApi -> get_warnings_as_json: Getting AvalancheWarnings for 33 from 2015-11-15 til 2016-05-24
09:13: getForecastApi -> get_warnings_as_json: 192 warnings found for 33.
09:13: getobservations.py -> _make_data_request: http://api.nve.no/hydrology/regobs/v1.0.1/Odata.svc/AvalancheActivityObsV/?$filter=DtObsTime gt datetime'2015-11-15' and DtObsTime lt datetime'2016-05-24' and ForecastRegionName eq 'Salten' and LangKey eq 1&$format=json
09:13: getobservations.py -> _make_data_request: http://api.nve.no/hydrology/regobs/v1.0.1/Odata.svc/AvalancheActivityObs2V/?$filter=DtObsTime gt datetime'2015-11-15' and DtObsTime lt datetime'2016-05-24' and ForecastRegionName eq 'Salten' and LangKey eq 1&$format=json
09:13: getobservations.py -> _make_data_request: http://api.nve.no/hydrology/regobs/v1.0.1/Odata.svc/AvalancheObsV/?$filter=DtObsTime gt datetime'2015-11-15' and DtObsTime lt datetime'2016-05-24' and ForecastRegionName eq 'Salten' and LangKey eq 1&$format=json
09:13: getobservations.py -> _make_data_request: http://api.nve.no/hydrology/regobs/v1.0.1/Odata.svc/DangerObsV/?$filter=DtObsTime gt datetime'2015-11-15' and DtObsTime lt datetime'2016-05-24' and ForecastRegionName eq 'Salten' and LangKey eq 1&$format=json
